


************************************************************
***                                                      ***
***    MRChem 1.0.0 (rev. e6faeac)                       ***
***                                                      ***
***    Stig Rune Jensen <stig.r.jensen@uit.no>           ***
***    Jonas Juselius   <jonas.juselius@uit.no>          ***
***    Luca Frediani    <luca.frediani@uit.no>           ***
***                                                      ***
************************************************************


Print level  : 0

BLAS was NOT found, Eigen will be used instead!

+++ Parallel execution: 
  MPI hosts available     : 1
  Threads/host            : 16
  Total used CPUs         : 16



============================================================
                  MultiResolution Analysis                  
------------------------------------------------------------
 polynomial order = 6
 polynomial type  = Interpolating
------------------------------------------------------------
 unit length      = 32.00000
 total boxes      = 8
 boxes            = [           2           2           2 ]
 lower bounds     = [   -32.00000   -32.00000   -32.00000 ]
 upper bounds     = [    32.00000    32.00000    32.00000 ]
 total length     = [    64.00000    64.00000    64.00000 ]
============================================================


============================================================
                Setting up nuclear potential
------------------------------------------------------------
 Nr  Element         Charge        Precision     Smoothing 
------------------------------------------------------------
  1     C            6.00000e+00   1.00000e-04   3.82453e-04
  2     C            6.00000e+00   1.00000e-04   3.82453e-04
  3     C            6.00000e+00   1.00000e-04   3.82453e-04
  4     C            6.00000e+00   1.00000e-04   3.82453e-04
  5     C            6.00000e+00   1.00000e-04   3.82453e-04
  6     C            6.00000e+00   1.00000e-04   3.82453e-04
  7     H            1.00000e+00   1.00000e-04   7.57698e-03
  8     H            1.00000e+00   1.00000e-04   7.57698e-03
  9     H            1.00000e+00   1.00000e-04   7.57698e-03
 10     H            1.00000e+00   1.00000e-04   7.57698e-03
 11     H            1.00000e+00   1.00000e-04   7.57698e-03
 12     H            1.00000e+00   1.00000e-04   7.57698e-03
============================================================


============================================================
        Setting up occupied orbitals (closed-shell)
------------------------------------------------------------
    n  Spin  Occ                           SquareNorm
------------------------------------------------------------
    0    u    2                       1.000000002768951e+00
    1    u    2                       1.000000002817753e+00
    2    u    2                       9.999999994715473e-01
    3    u    2                       1.000000002266714e+00
    4    u    2                       1.000000013388705e+00
    5    u    2                       9.999999968792626e-01
    6    u    2                       9.999999923278226e-01
    7    u    2                       1.000000000246811e+00
    8    u    2                       1.000000009291856e+00
    9    u    2                       9.999999999796159e-01
   10    u    2                       1.000000001988769e+00
   11    u    2                       1.000000026224230e+00
   12    u    2                       9.999999981198925e-01
   13    u    2                       9.999999982462555e-01
   14    u    2                       1.000000007353863e+00
   15    u    2                       1.000000004396212e+00
   16    u    2                       1.000000000189041e+00
   17    u    2                       9.999999969637913e-01
   18    u    2                       9.999999984544015e-01
   19    u    2                       1.000000000352591e+00
   20    u    2                       1.000000000085326e+00
------------------------------------------------------------
                 Wall time: 2.68476e+01 sec 
============================================================


============================================================
                  Setting up Fock operator
------------------------------------------------------------
 Precision                                      1.00000e-04
------------------------------------------------------------
 Nuclear potential                    3400      5.99277e-01
 Coulomb density                      3176      1.07718e+00
 Coulomb potential                     392      5.79851e-01
 XC density                           3176      1.04060e+00
 XC preprocess xcfun                  3176      5.00000e-06
 XC evaluate xcfun                    6352      4.62209e-01
 XC energy                            3176      4.40000e-05
 XC potential                         3176      0.00000e+00
------------------------------------------------------------
                 Wall time: 3.77159e+00 sec 
============================================================




####################### SCF cycle  1 #######################


============================================================
 Current precision                              1.00000e-04
------------------------------------------------------------
 Orbital threshold                              1.00000e-03
 Property threshold                             1.00000e-05
============================================================


============================================================
                    Localizing orbitals
------------------------------------------------------------
 Computing Foster-Boys matrix                   3.00039e+01
 Converged after iteration                               24
 Rotating orbitals                              9.83729e-01
------------------------------------------------------------
                 Wall time: 3.09877e+01 sec 
============================================================


============================================================
                   Calculating SCF energy
------------------------------------------------------------
 Nuclear energy                       2.033530904953586e+02
 Electronic energy                   -4.334550295753763e+02
------------------------------------------------------------
 Total energy                        -2.301019390800176e+02
------------------------------------------------------------
                 Wall time: 2.88263e+00 sec 
============================================================


============================================================
              Initializing Helmholtz Operators
------------------------------------------------------------
 Creating operator with lambda                 -9.75356e+00
 Re-using operator with lambda                 -9.75356e+00
 Re-using operator with lambda                 -9.75356e+00
 Re-using operator with lambda                 -9.75356e+00
 Re-using operator with lambda                 -9.75356e+00
 Re-using operator with lambda                 -9.75356e+00
 Creating operator with lambda                 -4.18564e-01
 Creating operator with lambda                 -5.30086e-01
 Re-using operator with lambda                 -5.30086e-01
 Creating operator with lambda                 -4.18787e-01
 Re-using operator with lambda                 -4.18787e-01
 Creating operator with lambda                 -4.51457e-01
 Re-using operator with lambda                 -4.51457e-01
 Re-using operator with lambda                 -5.30086e-01
 Re-using operator with lambda                 -4.51457e-01
 Creating operator with lambda                 -4.51579e-01
 Re-using operator with lambda                 -4.18564e-01
 Re-using operator with lambda                 -4.51579e-01
 Creating operator with lambda                 -4.51690e-01
 Re-using operator with lambda                 -4.18787e-01
 Re-using operator with lambda                 -4.18787e-01
------------------------------------------------------------
                 Wall time: 1.45980e+00 sec 
============================================================


============================================================
                Applying Helmholtz Operators
------------------------------------------------------------
 Orb  RealNorm     ImagNorm      nNodes     Error   Timing   
------------------------------------------------------------
  0  1.00259e+00  0.00000e+00   600     0  2.6e-03  1.0e+00
  1  1.00259e+00  0.00000e+00   600     0  2.6e-03  1.0e+00
  2  1.00259e+00  0.00000e+00   600     0  2.6e-03  1.0e+00
  3  1.00264e+00  0.00000e+00   648     0  2.6e-03  1.1e+00
  4  1.00259e+00  0.00000e+00   600     0  2.6e-03  1.0e+00
  5  1.00264e+00  0.00000e+00   648     0  2.6e-03  1.1e+00
  6  9.99232e-01  0.00000e+00   808     0  7.7e-04  1.5e+00
  7  9.97864e-01  0.00000e+00   808     0  2.1e-03  1.5e+00
  8  9.97843e-01  0.00000e+00   856     0  2.2e-03  1.6e+00
  9  9.99188e-01  0.00000e+00   792     0  8.1e-04  1.5e+00
 10  9.99177e-01  0.00000e+00   792     0  8.2e-04  1.5e+00
 11  9.98124e-01  0.00000e+00   792     0  1.9e-03  1.4e+00
 12  9.98107e-01  0.00000e+00   792     0  1.9e-03  1.4e+00
 13  9.97829e-01  0.00000e+00   856     0  2.2e-03  1.5e+00
 14  9.98099e-01  0.00000e+00   792     0  1.9e-03  1.5e+00
 15  9.98071e-01  0.00000e+00   872     0  1.9e-03  1.5e+00
 16  9.99232e-01  0.00000e+00   808     0  7.7e-04  1.5e+00
 17  9.98077e-01  0.00000e+00   792     0  1.9e-03  1.4e+00
 18  9.98042e-01  0.00000e+00   872     0  2.0e-03  1.5e+00
 19  9.99177e-01  0.00000e+00   792     0  8.2e-04  1.5e+00
 20  9.99188e-01  0.00000e+00   792     0  8.1e-04  1.5e+00
------------------------------------------------------------
                 Wall time: 2.86662e+01 sec 
============================================================


============================================================
               Iterative subspace accelerator
------------------------------------------------------------
 Push back orbitals                             2.20000e-05
 Copy orbitals                                  1.24178e-01
 Copy orbital updates                           2.59311e-01
------------------------------------------------------------
                 Wall time: 3.83600e-01 sec 
============================================================


============================================================
                  Setting up Fock operator
------------------------------------------------------------
 Precision                                      1.00000e-04
------------------------------------------------------------
 Nuclear potential                    3400      5.79244e-01
 Coulomb density                      3656      1.00435e+00
 Coulomb potential                     392      6.04480e-01
 XC density                           3656      1.00162e+00
 XC preprocess xcfun                  3656      1.00000e-06
 XC evaluate xcfun                    7312      5.35136e-01
 XC energy                            3656      4.20000e-05
 XC potential                         3656      0.00000e+00
------------------------------------------------------------
                 Wall time: 3.73934e+00 sec 
============================================================


============================================================
                          Orbitals
------------------------------------------------------------
 Orb    F(i,i)        Error         nNodes  Spin  Occ  Done 
------------------------------------------------------------
  0  -9.76944e+00   7.65875e-03       1176    u    2    0
  1  -9.76940e+00   7.65915e-03       1112    u    2    0
  2  -9.76946e+00   7.65953e-03       1080    u    2    0
  3  -9.76856e+00   7.67830e-03       1064    u    2    0
  4  -9.76955e+00   7.66039e-03       1080    u    2    0
  5  -9.76864e+00   7.67896e-03       1080    u    2    0
  6  -4.28935e-01   2.36359e-02       1336    u    2    0
  7  -5.40573e-01   1.72322e-02       1368    u    2    0
  8  -5.40575e-01   1.72384e-02       1448    u    2    0
  9  -4.28954e-01   2.36123e-02       1328    u    2    0
 10  -4.28935e-01   2.36119e-02       1336    u    2    0
 11  -4.58818e-01   1.91183e-02       1464    u    2    0
 12  -4.58821e-01   1.91194e-02       1400    u    2    0
 13  -5.40618e-01   1.72307e-02       1416    u    2    0
 14  -4.58822e-01   1.91174e-02       1400    u    2    0
 15  -4.58852e-01   1.91061e-02       1416    u    2    0
 16  -4.28935e-01   2.36359e-02       1336    u    2    0
 17  -4.58847e-01   1.90995e-02       1464    u    2    0
 18  -4.58870e-01   1.90937e-02       1416    u    2    0
 19  -4.28935e-01   2.36118e-02       1336    u    2    0
 20  -4.28954e-01   2.36123e-02       1328    u    2    0
------------------------------------------------------------
 Total error:                            8.23528e-02    0
============================================================


============================================================
                    Energy                 Update      Done 
------------------------------------------------------------
 Kinetic       2.300370124836477e+02     2.30037e+02    0
 N-E          -9.440020015023500e+02    -9.44002e+02    0
 Coulomb       3.130833156227595e+02     3.13083e+02    0
 Exchange      0.000000000000000e+00     0.00000e+00    1
 X-C          -3.257335617943337e+01    -3.25734e+01    0
------------------------------------------------------------
 Electronic   -4.334550295753763e+02    -4.33455e+02    0
 Nuclear       2.033530904953586e+02     2.03353e+02    0
------------------------------------------------------------
 Total        -2.301019390800176e+02    -2.30102e+02    0
============================================================


################ Wall time: 1.05402e+02 sec ################




####################### SCF cycle  2 #######################


============================================================
 Current precision                              1.00000e-04
------------------------------------------------------------
 Orbital threshold                              1.00000e-03
 Property threshold                             1.00000e-05
============================================================


============================================================
                    Localizing orbitals
------------------------------------------------------------
 Computing Foster-Boys matrix                   3.29530e+01
 Converged after iteration                                5
 Rotating orbitals                              8.67645e-01
------------------------------------------------------------
                 Wall time: 3.38208e+01 sec 
============================================================


============================================================
                   Calculating SCF energy
------------------------------------------------------------
 Nuclear energy                       2.033530904953586e+02
 Electronic energy                   -4.335529023179130e+02
------------------------------------------------------------
 Total energy                        -2.301998118225544e+02
------------------------------------------------------------
                 Wall time: 2.76369e+00 sec 
============================================================


============================================================
              Initializing Helmholtz Operators
------------------------------------------------------------
 Creating operator with lambda                 -9.76986e+00
 Re-using operator with lambda                 -9.76986e+00
 Re-using operator with lambda                 -9.76986e+00
 Re-using operator with lambda                 -9.76986e+00
 Re-using operator with lambda                 -9.76986e+00
 Re-using operator with lambda                 -9.76986e+00
 Creating operator with lambda                 -4.28839e-01
 Creating operator with lambda                 -5.40425e-01
 Re-using operator with lambda                 -5.40425e-01
 Re-using operator with lambda                 -4.28839e-01
 Re-using operator with lambda                 -4.28839e-01
 Creating operator with lambda                 -4.58560e-01
 Re-using operator with lambda                 -4.58560e-01
 Re-using operator with lambda                 -5.40425e-01
 Re-using operator with lambda                 -4.58560e-01
 Re-using operator with lambda                 -4.58560e-01
 Re-using operator with lambda                 -4.28839e-01
 Re-using operator with lambda                 -4.58560e-01
 Re-using operator with lambda                 -4.58560e-01
 Re-using operator with lambda                 -4.28839e-01
 Re-using operator with lambda                 -4.28839e-01
------------------------------------------------------------
                 Wall time: 7.67708e-01 sec 
============================================================


============================================================
                Applying Helmholtz Operators
------------------------------------------------------------
 Orb  RealNorm     ImagNorm      nNodes     Error   Timing   
------------------------------------------------------------
  0  1.00073e+00  0.00000e+00   600     0  7.3e-04  1.0e+00
  1  1.00073e+00  0.00000e+00   600     0  7.3e-04  1.0e+00
  2  1.00073e+00  0.00000e+00   600     0  7.3e-04  1.0e+00
  3  1.00074e+00  0.00000e+00   648     0  7.4e-04  1.1e+00
  4  1.00073e+00  0.00000e+00   600     0  7.3e-04  1.0e+00
  5  1.00074e+00  0.00000e+00   648     0  7.4e-04  1.1e+00
  6  9.97537e-01  0.00000e+00   824     0  2.5e-03  1.5e+00
  7  9.97528e-01  0.00000e+00   840     0  2.5e-03  1.5e+00
  8  9.97493e-01  0.00000e+00   856     0  2.5e-03  1.5e+00
  9  9.97533e-01  0.00000e+00   792     0  2.5e-03  1.5e+00
 10  9.97545e-01  0.00000e+00   800     0  2.5e-03  1.5e+00
 11  9.96969e-01  0.00000e+00   792     0  3.0e-03  1.4e+00
 12  9.96962e-01  0.00000e+00   792     0  3.0e-03  1.4e+00
 13  9.97481e-01  0.00000e+00   856     0  2.5e-03  1.5e+00
 14  9.96972e-01  0.00000e+00   792     0  3.0e-03  1.4e+00
 15  9.96953e-01  0.00000e+00   872     0  3.0e-03  1.5e+00
 16  9.97537e-01  0.00000e+00   824     0  2.5e-03  1.5e+00
 17  9.96982e-01  0.00000e+00   792     0  3.0e-03  1.4e+00
 18  9.96957e-01  0.00000e+00   872     0  3.0e-03  1.5e+00
 19  9.97545e-01  0.00000e+00   800     0  2.5e-03  1.5e+00
 20  9.97533e-01  0.00000e+00   792     0  2.5e-03  1.5e+00
------------------------------------------------------------
                 Wall time: 2.84860e+01 sec 
============================================================


============================================================
               Iterative subspace accelerator
------------------------------------------------------------
 Push back orbitals                             1.70000e-05
 Copy orbitals                                  1.15298e-01
 Copy orbital updates                           2.20594e-01
------------------------------------------------------------
                 Wall time: 3.35996e-01 sec 
============================================================


============================================================
                  Setting up Fock operator
------------------------------------------------------------
 Precision                                      1.00000e-04
------------------------------------------------------------
 Nuclear potential                    3400      5.78591e-01
 Coulomb density                      3656      1.12024e+00
 Coulomb potential                     392      5.97710e-01
 XC density                           3656      1.01375e+00
 XC preprocess xcfun                  3656      1.00000e-06
 XC evaluate xcfun                    7312      5.40736e-01
 XC energy                            3656      4.40000e-05
 XC potential                         3656      0.00000e+00
------------------------------------------------------------
                 Wall time: 3.86544e+00 sec 
============================================================


============================================================
                          Orbitals
------------------------------------------------------------
 Orb    F(i,i)        Error         nNodes  Spin  Occ  Done 
------------------------------------------------------------
  0  -9.76271e+00   1.45932e-03       1192    u    2    0
  1  -9.76273e+00   1.45874e-03       1112    u    2    0
  2  -9.76269e+00   1.45866e-03       1080    u    2    0
  3  -9.76194e+00   1.46775e-03       1032    u    2    0
  4  -9.76279e+00   1.45807e-03       1080    u    2    0
  5  -9.76200e+00   1.46748e-03       1048    u    2    0
  6  -4.25740e-01   7.13935e-03       1336    u    2    0
  7  -5.36701e-01   4.72092e-03       1400    u    2    0
  8  -5.36675e-01   4.72719e-03       1464    u    2    0
  9  -4.25776e-01   7.14020e-03       1344    u    2    0
 10  -4.25774e-01   7.13898e-03       1352    u    2    0
 11  -4.56444e-01   4.71304e-03       1448    u    2    0
 12  -4.56446e-01   4.71293e-03       1400    u    2    0
 13  -5.36688e-01   4.72943e-03       1432    u    2    0
 14  -4.56466e-01   4.70268e-03       1400    u    2    0
 15  -4.56475e-01   4.70700e-03       1416    u    2    0
 16  -4.25740e-01   7.13935e-03       1336    u    2    0
 17  -4.56482e-01   4.69869e-03       1448    u    2    0
 18  -4.56494e-01   4.70022e-03       1432    u    2    0
 19  -4.25775e-01   7.13898e-03       1352    u    2    0
 20  -4.25776e-01   7.14020e-03       1344    u    2    0
------------------------------------------------------------
 Total error:                            2.27710e-02    0
============================================================


============================================================
                    Energy                 Update      Done 
------------------------------------------------------------
 Kinetic       2.287130458705646e+02    -1.32397e+00    0
 N-E          -9.424716970592434e+02     1.53030e+00    0
 Coulomb       3.126901573751398e+02    -3.93158e-01    0
 Exchange      0.000000000000000e+00     0.00000e+00    1
 X-C          -3.248440850437394e+01     8.89477e-02    0
------------------------------------------------------------
 Electronic   -4.335529023179130e+02    -9.78727e-02    0
 Nuclear       2.033530904953586e+02     0.00000e+00    1
------------------------------------------------------------
 Total        -2.301998118225544e+02    -9.78727e-02    0
============================================================


################ Wall time: 1.07158e+02 sec ################




####################### SCF cycle  3 #######################


============================================================
 Current precision                              1.00000e-04
------------------------------------------------------------
 Orbital threshold                              1.00000e-03
 Property threshold                             1.00000e-05
============================================================


============================================================
                   Calculating SCF energy
------------------------------------------------------------
 Nuclear energy                       2.033530904953586e+02
 Electronic energy                   -4.335609302240484e+02
------------------------------------------------------------
 Total energy                        -2.302078397286898e+02
------------------------------------------------------------
                 Wall time: 2.76378e+00 sec 
============================================================


============================================================
              Initializing Helmholtz Operators
------------------------------------------------------------
 Creating operator with lambda                 -9.76271e+00
 Re-using operator with lambda                 -9.76271e+00
 Re-using operator with lambda                 -9.76271e+00
 Re-using operator with lambda                 -9.76271e+00
 Re-using operator with lambda                 -9.76271e+00
 Re-using operator with lambda                 -9.76271e+00
 Creating operator with lambda                 -4.25740e-01
 Creating operator with lambda                 -5.36701e-01
 Re-using operator with lambda                 -5.36701e-01
 Re-using operator with lambda                 -4.25740e-01
 Re-using operator with lambda                 -4.25740e-01
 Creating operator with lambda                 -4.56444e-01
 Re-using operator with lambda                 -4.56444e-01
 Re-using operator with lambda                 -5.36701e-01
 Re-using operator with lambda                 -4.56444e-01
 Re-using operator with lambda                 -4.56444e-01
 Re-using operator with lambda                 -4.25740e-01
 Re-using operator with lambda                 -4.56444e-01
 Re-using operator with lambda                 -4.56444e-01
 Re-using operator with lambda                 -4.25740e-01
 Re-using operator with lambda                 -4.25740e-01
------------------------------------------------------------
                 Wall time: 7.63923e-01 sec 
============================================================


============================================================
                Applying Helmholtz Operators
------------------------------------------------------------
 Orb  RealNorm     ImagNorm      nNodes     Error   Timing   
------------------------------------------------------------
  0  1.00025e+00  0.00000e+00   584     0  2.5e-04  1.0e+00
  1  1.00025e+00  0.00000e+00   584     0  2.5e-04  1.0e+00
  2  1.00025e+00  0.00000e+00   584     0  2.5e-04  1.0e+00
  3  1.00026e+00  0.00000e+00   648     0  2.6e-04  1.1e+00
  4  1.00025e+00  0.00000e+00   584     0  2.5e-04  1.0e+00
  5  1.00026e+00  0.00000e+00   648     0  2.6e-04  1.1e+00
  6  9.99081e-01  0.00000e+00   824     0  9.2e-04  1.5e+00
  7  9.98887e-01  0.00000e+00   840     0  1.1e-03  1.5e+00
  8  9.98878e-01  0.00000e+00   856     0  1.1e-03  1.5e+00
  9  9.99070e-01  0.00000e+00   800     0  9.3e-04  1.5e+00
 10  9.99073e-01  0.00000e+00   800     0  9.3e-04  1.5e+00
 11  9.99074e-01  0.00000e+00   792     0  9.3e-04  1.4e+00
 12  9.99068e-01  0.00000e+00   792     0  9.3e-04  1.4e+00
 13  9.98880e-01  0.00000e+00   856     0  1.1e-03  1.5e+00
 14  9.99065e-01  0.00000e+00   792     0  9.4e-04  1.4e+00
 15  9.99060e-01  0.00000e+00   872     0  9.4e-04  1.5e+00
 16  9.99081e-01  0.00000e+00   824     0  9.2e-04  1.5e+00
 17  9.99072e-01  0.00000e+00   792     0  9.3e-04  1.4e+00
 18  9.99060e-01  0.00000e+00   872     0  9.4e-04  1.5e+00
 19  9.99073e-01  0.00000e+00   800     0  9.3e-04  1.5e+00
 20  9.99070e-01  0.00000e+00   800     0  9.3e-04  1.5e+00
------------------------------------------------------------
                 Wall time: 2.83823e+01 sec 
============================================================


============================================================
               Iterative subspace accelerator
------------------------------------------------------------
 Push back orbitals                             2.10000e-05
 Setup linear system                            5.78652e-01
 Solve linear system                            1.50000e-05
 Expand solution                                6.00537e-01
------------------------------------------------------------
                 Wall time: 1.17935e+00 sec 
============================================================


============================================================
                  Setting up Fock operator
------------------------------------------------------------
 Precision                                      1.00000e-04
------------------------------------------------------------
 Nuclear potential                    3400      5.80477e-01
 Coulomb density                      3592      1.00914e+00
 Coulomb potential                     392      5.97575e-01
 XC density                           3592      1.00203e+00
 XC preprocess xcfun                  3592      1.00000e-06
 XC evaluate xcfun                    7184      5.24085e-01
 XC energy                            3592      4.40000e-05
 XC potential                         3592      0.00000e+00
------------------------------------------------------------
                 Wall time: 3.72822e+00 sec 
============================================================


============================================================
                          Orbitals
------------------------------------------------------------
 Orb    F(i,i)        Error         nNodes  Spin  Occ  Done 
------------------------------------------------------------
  0  -9.76175e+00   6.21784e-04       1192    u    2    1
  1  -9.76174e+00   6.20718e-04       1112    u    2    1
  2  -9.76178e+00   6.22368e-04       1080    u    2    1
  3  -9.76100e+00   6.39407e-04       1064    u    2    1
  4  -9.76180e+00   6.21662e-04       1080    u    2    1
  5  -9.76103e+00   6.39144e-04       1080    u    2    1
  6  -4.26743e-01   5.12656e-03       1352    u    2    0
  7  -5.37498e-01   2.95282e-03       1400    u    2    0
  8  -5.37498e-01   2.95250e-03       1464    u    2    0
  9  -4.26737e-01   5.13067e-03       1336    u    2    0
 10  -4.26733e-01   5.12579e-03       1344    u    2    0
 11  -4.56894e-01   2.39897e-03       1448    u    2    0
 12  -4.56898e-01   2.39279e-03       1400    u    2    0
 13  -5.37525e-01   2.95974e-03       1432    u    2    0
 14  -4.56900e-01   2.39084e-03       1416    u    2    0
 15  -4.56928e-01   2.38903e-03       1400    u    2    0
 16  -4.26743e-01   5.12656e-03       1352    u    2    0
 17  -4.56906e-01   2.39960e-03       1464    u    2    0
 18  -4.56935e-01   2.38865e-03       1416    u    2    0
 19  -4.26733e-01   5.12578e-03       1344    u    2    0
 20  -4.26737e-01   5.13067e-03       1336    u    2    0
------------------------------------------------------------
 Total error:                            1.48555e-02    0
============================================================


============================================================
                    Energy                 Update      Done 
------------------------------------------------------------
 Kinetic       2.285391602422199e+02    -1.73886e-01    0
 N-E          -9.424797775090566e+02    -8.08045e-03    1
 Coulomb       3.128704405376340e+02     1.80283e-01    0
 Exchange      0.000000000000000e+00     0.00000e+00    1
 X-C          -3.249075349484563e+01    -6.34499e-03    0
------------------------------------------------------------
 Electronic   -4.335609302240484e+02    -8.02791e-03    0
 Nuclear       2.033530904953586e+02     0.00000e+00    1
------------------------------------------------------------
 Total        -2.302078397286898e+02    -8.02791e-03    0
============================================================


################ Wall time: 7.36057e+01 sec ################




####################### SCF cycle  4 #######################


============================================================
 Current precision                              1.00000e-04
------------------------------------------------------------
 Orbital threshold                              1.00000e-03
 Property threshold                             1.00000e-05
============================================================


============================================================
                   Calculating SCF energy
------------------------------------------------------------
 Nuclear energy                       2.033530904953586e+02
 Electronic energy                   -4.335621991645663e+02
------------------------------------------------------------
 Total energy                        -2.302091086692077e+02
------------------------------------------------------------
                 Wall time: 2.72054e+00 sec 
============================================================


============================================================
              Initializing Helmholtz Operators
------------------------------------------------------------
 Re-using operator with lambda                 -9.76271e+00
 Re-using operator with lambda                 -9.76271e+00
 Re-using operator with lambda                 -9.76271e+00
 Re-using operator with lambda                 -9.76271e+00
 Re-using operator with lambda                 -9.76271e+00
 Re-using operator with lambda                 -9.76271e+00
 Creating operator with lambda                 -4.26743e-01
 Creating operator with lambda                 -5.37498e-01
 Re-using operator with lambda                 -5.37498e-01
 Re-using operator with lambda                 -4.26743e-01
 Re-using operator with lambda                 -4.26743e-01
 Creating operator with lambda                 -4.56894e-01
 Re-using operator with lambda                 -4.56894e-01
 Re-using operator with lambda                 -5.37498e-01
 Re-using operator with lambda                 -4.56894e-01
 Re-using operator with lambda                 -4.56894e-01
 Re-using operator with lambda                 -4.26743e-01
 Re-using operator with lambda                 -4.56894e-01
 Re-using operator with lambda                 -4.56894e-01
 Re-using operator with lambda                 -4.26743e-01
 Re-using operator with lambda                 -4.26743e-01
------------------------------------------------------------
                 Wall time: 6.11815e-01 sec 
============================================================


============================================================
                Applying Helmholtz Operators
------------------------------------------------------------
 Orb  RealNorm     ImagNorm      nNodes     Error   Timing   
------------------------------------------------------------
  0  1.00003e+00  0.00000e+00   584     0  2.8e-05  1.0e+00
  1  1.00003e+00  0.00000e+00   584     0  2.8e-05  1.0e+00
  2  1.00003e+00  0.00000e+00   584     0  2.9e-05  1.0e+00
  3  1.00003e+00  0.00000e+00   648     0  2.6e-05  1.1e+00
  4  1.00003e+00  0.00000e+00   584     0  2.9e-05  1.0e+00
  5  1.00003e+00  0.00000e+00   648     0  2.6e-05  1.1e+00
  6  9.99525e-01  0.00000e+00   824     0  4.7e-04  1.5e+00
  7  9.99582e-01  0.00000e+00   840     0  4.2e-04  1.5e+00
  8  9.99545e-01  0.00000e+00   856     0  4.6e-04  1.5e+00
  9  9.99521e-01  0.00000e+00   800     0  4.8e-04  1.5e+00
 10  9.99525e-01  0.00000e+00   800     0  4.7e-04  1.5e+00
 11  9.99613e-01  0.00000e+00   792     0  3.9e-04  1.4e+00
 12  9.99608e-01  0.00000e+00   792     0  3.9e-04  1.5e+00
 13  9.99532e-01  0.00000e+00   856     0  4.7e-04  1.5e+00
 14  9.99614e-01  0.00000e+00   808     0  3.9e-04  1.4e+00
 15  9.99585e-01  0.00000e+00   872     0  4.1e-04  1.5e+00
 16  9.99525e-01  0.00000e+00   824     0  4.7e-04  1.6e+00
 17  9.99622e-01  0.00000e+00   808     0  3.8e-04  1.4e+00
 18  9.99590e-01  0.00000e+00   872     0  4.1e-04  1.5e+00
 19  9.99525e-01  0.00000e+00   800     0  4.7e-04  1.5e+00
 20  9.99521e-01  0.00000e+00   800     0  4.8e-04  1.5e+00
------------------------------------------------------------
                 Wall time: 2.86602e+01 sec 
============================================================


============================================================
               Iterative subspace accelerator
------------------------------------------------------------
 Push back orbitals                             8.85860e-02
 Setup linear system                            1.69001e+00
 Solve linear system                            9.00000e-06
 Expand solution                                9.23326e-01
------------------------------------------------------------
                 Wall time: 2.70205e+00 sec 
============================================================


============================================================
                  Setting up Fock operator
------------------------------------------------------------
 Precision                                      1.00000e-04
------------------------------------------------------------
 Nuclear potential                    3400      5.80175e-01
 Coulomb density                      3656      1.00551e+00
 Coulomb potential                     392      6.01340e-01
 XC density                           3656      1.00676e+00
 XC preprocess xcfun                  3656      1.00000e-06
 XC evaluate xcfun                    7312      5.33835e-01
 XC energy                            3656      4.00000e-05
 XC potential                         3656      0.00000e+00
------------------------------------------------------------
                 Wall time: 3.74288e+00 sec 
============================================================


============================================================
                          Orbitals
------------------------------------------------------------
 Orb    F(i,i)        Error         nNodes  Spin  Occ  Done 
------------------------------------------------------------
  0  -9.75977e+00   2.01096e-04       1192    u    2    1
  1  -9.75978e+00   1.98907e-04       1112    u    2    1
  2  -9.75976e+00   1.99574e-04       1080    u    2    1
  3  -9.75903e+00   1.98030e-04       1032    u    2    1
  4  -9.75980e+00   1.98965e-04       1080    u    2    1
  5  -9.75905e+00   1.98823e-04       1048    u    2    1
  6  -4.25836e-01   1.36538e-03       1352    u    2    0
  7  -5.36498e-01   1.09199e-03       1400    u    2    0
  8  -5.36468e-01   1.09502e-03       1464    u    2    0
  9  -4.25845e-01   1.36256e-03       1336    u    2    0
 10  -4.25846e-01   1.35890e-03       1344    u    2    0
 11  -4.56403e-01   8.49319e-04       1448    u    2    1
 12  -4.56405e-01   8.44555e-04       1400    u    2    1
 13  -5.36471e-01   1.09700e-03       1432    u    2    0
 14  -4.56414e-01   8.40959e-04       1416    u    2    1
 15  -4.56415e-01   8.45445e-04       1384    u    2    1
 16  -4.25836e-01   1.36538e-03       1352    u    2    0
 17  -4.56421e-01   8.45514e-04       1464    u    2    1
 18  -4.56424e-01   8.40974e-04       1400    u    2    1
 19  -4.25846e-01   1.35891e-03       1344    u    2    0
 20  -4.25845e-01   1.36255e-03       1336    u    2    0
------------------------------------------------------------
 Total error:                            4.38711e-03    0
============================================================


============================================================
                    Energy                 Update      Done 
------------------------------------------------------------
 Kinetic       2.284376061882914e+02    -1.01554e-01    0
 N-E          -9.423722660498971e+02     1.07511e-01    0
 Coulomb       3.128604536272960e+02    -9.98691e-03    0
 Exchange      0.000000000000000e+00     0.00000e+00    1
 X-C          -3.248799293025660e+01     2.76056e-03    0
------------------------------------------------------------
 Electronic   -4.335621991645663e+02    -1.26894e-03    1
 Nuclear       2.033530904953586e+02     0.00000e+00    1
------------------------------------------------------------
 Total        -2.302091086692077e+02    -1.26894e-03    1
============================================================


################ Wall time: 7.50589e+01 sec ################




####################### SCF cycle  5 #######################


============================================================
 Current precision                              1.00000e-04
------------------------------------------------------------
 Orbital threshold                              1.00000e-03
 Property threshold                             1.00000e-05
============================================================


============================================================
                   Calculating SCF energy
------------------------------------------------------------
 Nuclear energy                       2.033530904953586e+02
 Electronic energy                   -4.335628145877863e+02
------------------------------------------------------------
 Total energy                        -2.302097240924277e+02
------------------------------------------------------------
                 Wall time: 2.71849e+00 sec 
============================================================


============================================================
              Initializing Helmholtz Operators
------------------------------------------------------------
 Creating operator with lambda                 -9.75977e+00
 Re-using operator with lambda                 -9.75977e+00
 Re-using operator with lambda                 -9.75977e+00
 Re-using operator with lambda                 -9.75977e+00
 Re-using operator with lambda                 -9.75977e+00
 Re-using operator with lambda                 -9.75977e+00
 Creating operator with lambda                 -4.25836e-01
 Creating operator with lambda                 -5.36498e-01
 Re-using operator with lambda                 -5.36498e-01
 Re-using operator with lambda                 -4.25836e-01
 Re-using operator with lambda                 -4.25836e-01
 Creating operator with lambda                 -4.56403e-01
 Re-using operator with lambda                 -4.56403e-01
 Re-using operator with lambda                 -5.36498e-01
 Re-using operator with lambda                 -4.56403e-01
 Re-using operator with lambda                 -4.56403e-01
 Re-using operator with lambda                 -4.25836e-01
 Re-using operator with lambda                 -4.56403e-01
 Re-using operator with lambda                 -4.56403e-01
 Re-using operator with lambda                 -4.25836e-01
 Re-using operator with lambda                 -4.25836e-01
------------------------------------------------------------
                 Wall time: 8.57844e-01 sec 
============================================================


============================================================
                Applying Helmholtz Operators
------------------------------------------------------------
 Orb  RealNorm     ImagNorm      nNodes     Error   Timing   
------------------------------------------------------------
  0  1.00000e+00  0.00000e+00   584     0  1.4e-07  1.0e+00
  1  1.00000e+00  0.00000e+00   584     0  2.1e-07  1.0e+00
  2  9.99999e-01  0.00000e+00   584     0  7.1e-07  1.0e+00
  3  9.99998e-01  0.00000e+00   648     0  2.5e-06  1.1e+00
  4  9.99999e-01  0.00000e+00   584     0  5.5e-07  1.0e+00
  5  9.99998e-01  0.00000e+00   648     0  2.4e-06  1.1e+00
  6  9.99902e-01  0.00000e+00   824     0  9.8e-05  1.8e+00
  7  9.99864e-01  0.00000e+00   840     0  1.4e-04  1.5e+00
  8  9.99856e-01  0.00000e+00   856     0  1.4e-04  1.6e+00
  9  9.99893e-01  0.00000e+00   800     0  1.1e-04  1.5e+00
 10  9.99895e-01  0.00000e+00   800     0  1.0e-04  1.5e+00
 11  9.99948e-01  0.00000e+00   792     0  5.2e-05  1.5e+00
 12  9.99943e-01  0.00000e+00   792     0  5.7e-05  1.4e+00
 13  9.99857e-01  0.00000e+00   856     0  1.4e-04  1.6e+00
 14  9.99942e-01  0.00000e+00   808     0  5.8e-05  1.4e+00
 15  9.99940e-01  0.00000e+00   872     0  6.0e-05  1.5e+00
 16  9.99902e-01  0.00000e+00   824     0  9.8e-05  1.5e+00
 17  9.99947e-01  0.00000e+00   808     0  5.3e-05  1.5e+00
 18  9.99939e-01  0.00000e+00   872     0  6.1e-05  1.5e+00
 19  9.99895e-01  0.00000e+00   800     0  1.0e-04  1.5e+00
 20  9.99893e-01  0.00000e+00   800     0  1.1e-04  1.5e+00
------------------------------------------------------------
                 Wall time: 2.89775e+01 sec 
============================================================


============================================================
               Iterative subspace accelerator
------------------------------------------------------------
 Push back orbitals                             9.76870e-02
 Setup linear system                            1.69386e+00
 Solve linear system                            1.20000e-05
 Expand solution                                9.18812e-01
------------------------------------------------------------
                 Wall time: 2.71053e+00 sec 
============================================================


============================================================
                  Setting up Fock operator
------------------------------------------------------------
 Precision                                      1.00000e-04
------------------------------------------------------------
 Nuclear potential                    3400      5.82147e-01
 Coulomb density                      3592      1.01166e+00
 Coulomb potential                     392      6.07684e-01
 XC density                           3592      1.06172e+00
 XC preprocess xcfun                  3592      1.00000e-06
 XC evaluate xcfun                    7184      5.27073e-01
 XC energy                            3592      4.30000e-05
 XC potential                         3592      0.00000e+00
------------------------------------------------------------
                 Wall time: 3.80457e+00 sec 
============================================================


============================================================
                          Orbitals
------------------------------------------------------------
 Orb    F(i,i)        Error         nNodes  Spin  Occ  Done 
------------------------------------------------------------
  0  -9.75930e+00   1.14349e-04       1192    u    2    1
  1  -9.75930e+00   1.11973e-04       1112    u    2    1
  2  -9.75931e+00   1.11962e-04       1064    u    2    1
  3  -9.75856e+00   1.48937e-04       1064    u    2    1
  4  -9.75934e+00   1.11155e-04       1080    u    2    1
  5  -9.75858e+00   1.49954e-04       1080    u    2    1
  6  -4.25713e-01   6.16035e-04       1352    u    2    1
  7  -5.36284e-01   5.94412e-04       1400    u    2    1
  8  -5.36273e-01   6.02432e-04       1464    u    2    1
  9  -4.25702e-01   6.19484e-04       1336    u    2    1
 10  -4.25703e-01   6.16812e-04       1344    u    2    1
 11  -4.56345e-01   4.00090e-04       1448    u    2    1
 12  -4.56352e-01   3.96953e-04       1400    u    2    1
 13  -5.36293e-01   6.05413e-04       1432    u    2    1
 14  -4.56356e-01   3.95484e-04       1416    u    2    1
 15  -4.56380e-01   3.98165e-04       1384    u    2    1
 16  -4.25713e-01   6.16034e-04       1352    u    2    1
 17  -4.56354e-01   3.99408e-04       1464    u    2    1
 18  -4.56384e-01   3.98585e-04       1400    u    2    1
 19  -4.25703e-01   6.16812e-04       1344    u    2    1
 20  -4.25702e-01   6.19483e-04       1336    u    2    1
------------------------------------------------------------
 Total error:                            2.10151e-03    1
============================================================


============================================================
                    Energy                 Update      Done 
------------------------------------------------------------
 Kinetic       2.284487619106199e+02     1.11557e-02    0
 N-E          -9.424286082780725e+02    -5.63422e-02    0
 Coulomb       3.129090448196709e+02     4.85912e-02    0
 Exchange      0.000000000000000e+00     0.00000e+00    1
 X-C          -3.249201304000469e+01    -4.02011e-03    0
------------------------------------------------------------
 Electronic   -4.335628145877863e+02    -6.15423e-04    1
 Nuclear       2.033530904953586e+02     0.00000e+00    1
------------------------------------------------------------
 Total        -2.302097240924277e+02    -6.15423e-04    1
============================================================


################ Wall time: 7.59957e+01 sec ################


============================================================
                    Localizing orbitals
------------------------------------------------------------
 Computing Foster-Boys matrix                   3.32314e+01
 Converged after iteration                                5
 Rotating orbitals                              8.95017e-01
------------------------------------------------------------
                 Wall time: 3.41265e+01 sec 
============================================================


============================================================
                      Convergence rate
------------------------------------------------------------
Iter    OrbError       Property                   Update  
------------------------------------------------------------
  1    8.23528e-02    -2.301019390800176e+02   -2.30102e+02
  2    2.27710e-02    -2.301998118225544e+02   -9.78727e-02
  3    1.48555e-02    -2.302078397286898e+02   -8.02791e-03
  4    4.38711e-03    -2.302091086692077e+02   -1.26894e-03
  5    2.10151e-03    -2.302097240924277e+02   -6.15423e-04
------------------------------------------------------------
                      SCF converged!!!                      
============================================================


============================================================
                  Setting up Fock operator
------------------------------------------------------------
 Precision                                      1.00000e-04
------------------------------------------------------------
 Nuclear potential                    3400      5.77157e-01
 Coulomb density                      3592      1.00934e+00
 Coulomb potential                     392      6.01574e-01
 XC density                           3592      1.01054e+00
 XC preprocess xcfun                  3592      1.00000e-06
 XC evaluate xcfun                    7184      5.28114e-01
 XC energy                            3592      4.30000e-05
 XC potential                         3592      0.00000e+00
------------------------------------------------------------
                 Wall time: 3.74144e+00 sec 
============================================================


============================================================
                   Calculating SCF energy
------------------------------------------------------------
------------------------------------------------------------
                 Wall time: 2.75249e+00 sec 
============================================================


============================================================
                        Fock matrix
------------------------------------------------------------
-9.75858e+00  2.28343e-04 -1.24300e-02 -1.03051e-02 -8.88647e-05 -1.39789e-04 -2.57655e-01 -3.09967e-03  3.02173e-01  6.25487e-03  6.32344e-03  1.21925e-02  3.00281e-01 -2.04572e-02  2.30935e-03  8.55068e-03 -2.57655e-01  4.89590e-03 -3.88986e-03 -6.32344e-03 -6.25487e-03
 2.28304e-04 -9.75858e+00  1.38632e-04 -1.54788e-04  1.01929e-02  1.25287e-02 -6.26720e-03 -3.02134e-01  3.14870e-03 -6.21237e-03  2.57690e-01  3.85709e-03 -2.32224e-03  2.04278e-02 -3.00274e-01  4.89057e-03 -6.26720e-03  8.50096e-03 -1.22033e-02 -2.57690e-01  6.21237e-03
-1.24294e-02  1.40569e-04 -9.75859e+00 -4.37645e-05 -2.39983e-04  1.02655e-02  2.57649e-01  3.03545e-03  2.04514e-02  6.27393e-03  6.24374e-03  3.00249e-01  1.22160e-02 -3.02126e-01 -4.90249e-03  3.87524e-03  2.57649e-01 -2.36327e-03 -8.55553e-03 -6.24373e-03 -6.27393e-03
-1.03046e-02 -1.51803e-04 -4.65009e-05 -9.75782e+00  1.24549e-02 -6.32467e-04  6.14973e-03  2.06524e-02 -3.02119e-01 -2.57654e-01 -6.33436e-03  4.99369e-03  8.76603e-03  3.16558e-03 -3.92694e-03  3.00282e-01  6.14973e-03  1.25525e-02  2.23983e-03  6.33437e-03  2.57654e-01
-8.88028e-05  1.01929e-02 -2.39987e-04  1.24552e-02 -9.75861e+00 -1.13528e-04 -6.25879e-03 -3.02109e-01  2.04356e-02 -2.57679e-01  6.22358e-03  2.36720e-03 -3.86269e-03  3.06847e-03  8.53594e-03 -1.22386e-02 -6.25880e-03 -3.00252e-01  4.89431e-03 -6.22358e-03  2.57679e-01
-1.39946e-04  1.25287e-02  1.02654e-02 -6.29004e-04 -1.12493e-04 -9.75784e+00  6.18999e-03  2.07019e-02  3.12111e-03  6.35827e-03  2.57641e-01 -8.84566e-03 -4.95739e-03 -3.02137e-01  1.24688e-02  2.24962e-03  6.18999e-03 -3.96102e-03  3.00288e-01 -2.57641e-01 -6.35826e-03
-2.57655e-01 -6.26729e-03  2.57649e-01  6.15031e-03 -6.25887e-03  6.19065e-03 -4.25809e-01  2.24263e-03  6.57364e-02 -2.61696e-03 -3.09789e-02 -6.25527e-02  6.25439e-02  6.57365e-02 -3.44534e-03  1.44101e-02 -1.51789e-01 -3.45597e-03  1.44130e-02 -2.61728e-03 -3.09757e-02
-3.09983e-03 -3.02134e-01  3.03571e-03  2.06521e-02 -3.02110e-01  2.07015e-02  2.24264e-03 -5.36680e-01 -1.39570e-02 -6.57410e-02  6.57401e-02 -1.76440e-03  1.74822e-03 -1.39477e-02 -8.17310e-02 -2.86825e-02  2.24265e-03 -8.17458e-02 -2.86799e-02 -6.57401e-02  6.57410e-02
 3.02173e-01  3.14890e-03  2.04516e-02 -3.02119e-01  2.04356e-02  3.12089e-03  6.57364e-02 -1.39570e-02 -5.36703e-01 -6.57283e-02  2.29515e-03 -2.87180e-02 -8.17813e-02 -1.39449e-02  1.76315e-03  8.17474e-02  6.57364e-02  2.86507e-02 -1.73208e-03 -2.29515e-03  6.57283e-02
 6.25491e-03 -6.21245e-03  6.27421e-03 -2.57654e-01 -2.57679e-01  6.35791e-03 -2.61697e-03 -6.57410e-02 -6.57283e-02 -4.25816e-01 -2.60835e-03 -3.46863e-03  1.44074e-02 -2.28678e-03  1.44386e-02  6.25371e-02  3.09757e-02 -6.25881e-02 -3.43730e-03 -3.09924e-02  1.51784e-01
 6.32363e-03  2.57690e-01  6.24416e-03 -6.33393e-03  6.22405e-03  2.57641e-01 -3.09789e-02  6.57401e-02  2.29514e-03 -2.60835e-03 -4.25813e-01  1.43970e-02 -3.45267e-03  6.57301e-02  6.25761e-02  3.43831e-03  2.61728e-03 -1.44443e-02 -6.25338e-02  1.51780e-01 -3.09924e-02
 1.21929e-02  3.85721e-03  3.00250e-01  4.99351e-03  2.36711e-03 -8.84558e-03 -6.25527e-02 -1.76418e-03 -2.87180e-02 -3.46875e-03  1.43970e-02 -4.56747e-01  2.32896e-02  8.17997e-02  6.71074e-03 -6.74517e-03 -6.25527e-02  1.05571e-03 -2.57577e-02 -1.43970e-02  3.46875e-03
 3.00282e-01 -2.32214e-03  1.22165e-02  8.76595e-03 -3.86279e-03 -4.95641e-03  6.25439e-02  1.74801e-03 -8.17813e-02  1.44075e-02 -3.45278e-03  2.32896e-02 -4.56759e-01  2.87093e-02 -1.04865e-03  2.57555e-02  6.25439e-02 -6.71076e-03  6.74549e-03  3.45278e-03 -1.44075e-02
-2.04571e-02  2.04278e-02 -3.02126e-01  3.16514e-03  3.06869e-03 -3.02137e-01  6.57365e-02 -1.39477e-02 -1.39449e-02 -2.28678e-03  6.57301e-02  8.17997e-02  2.87093e-02 -5.36726e-01  2.86621e-02 -1.73457e-03  6.57365e-02  1.78356e-03  8.17465e-02 -6.57301e-02  2.28678e-03
 2.30933e-03 -3.00274e-01 -4.90240e-03 -3.92598e-03  8.53640e-03  1.24687e-02 -3.44542e-03 -8.17310e-02  1.76298e-03  1.44386e-02  6.25761e-02  6.71070e-03 -1.04865e-03  2.86621e-02 -4.56761e-01  6.74615e-03 -3.44542e-03 -2.57699e-02  2.32747e-02 -6.25761e-02 -1.44386e-02
 8.55071e-03  4.89231e-03  3.87635e-03  3.00282e-01 -1.22386e-02  2.24936e-03  1.44102e-02 -2.86825e-02  8.17474e-02  6.25371e-02  3.43837e-03 -6.74540e-03  2.57555e-02 -1.73442e-03  6.74636e-03 -4.56797e-01  1.44102e-02  2.32790e-02 -1.02691e-03 -3.43837e-03 -6.25371e-02
-2.57655e-01 -6.26730e-03  2.57649e-01  6.15031e-03 -6.25887e-03  6.19065e-03 -1.51789e-01  2.24264e-03  6.57364e-02  3.09757e-02  2.61728e-03 -6.25527e-02  6.25439e-02  6.57365e-02 -3.44534e-03  1.44101e-02 -4.25809e-01 -3.45596e-03  1.44130e-02  3.09789e-02  2.61697e-03
 4.89594e-03  8.50145e-03 -2.36322e-03  1.25524e-02 -3.00253e-01 -3.96091e-03 -3.45604e-03 -8.17458e-02  2.86507e-02 -6.25881e-02 -1.44443e-02  1.05570e-03 -6.71080e-03  1.78341e-03 -2.57699e-02  2.32790e-02 -3.45604e-03 -4.56758e-01  6.74280e-03  1.44443e-02  6.25881e-02
-3.89128e-03 -1.22035e-02 -8.55554e-03  2.24008e-03  4.89578e-03  3.00288e-01  1.44130e-02 -2.86800e-02 -1.73194e-03 -3.43736e-03 -6.25338e-02 -2.57577e-02  6.74572e-03  8.17465e-02  2.32747e-02 -1.02691e-03  1.44130e-02  6.74302e-03 -4.56803e-01  6.25339e-02  3.43737e-03
-6.32363e-03 -2.57690e-01 -6.24416e-03  6.33393e-03 -6.22405e-03 -2.57641e-01 -2.61728e-03 -6.57401e-02 -2.29514e-03 -3.09924e-02  1.51780e-01 -1.43970e-02  3.45266e-03 -6.57301e-02 -6.25761e-02 -3.43831e-03  3.09789e-02  1.44443e-02  6.25338e-02 -4.25813e-01 -2.60835e-03
-6.25490e-03  6.21245e-03 -6.27421e-03  2.57654e-01  2.57679e-01 -6.35791e-03 -3.09757e-02  6.57410e-02  6.57283e-02  1.51784e-01 -3.09924e-02  3.46863e-03 -1.44074e-02  2.28677e-03 -1.44386e-02 -6.25371e-02  2.61697e-03  6.25881e-02  3.43731e-03 -2.60835e-03 -4.25816e-01
============================================================


============================================================
                      Orbital energies
------------------------------------------------------------
    n  spin  occ                            epsilon  
------------------------------------------------------------
    0    u    2                      -9.794422494287529e+00
    1    u    2                      -9.793503187357171e+00
    2    u    2                      -9.793032208109230e+00
    3    u    2                      -9.792730848788603e+00
    4    u    2                      -9.792253571976241e+00
    5    u    2                      -9.791977412770112e+00
    6    u    2                      -7.780974408674285e-01
    7    u    2                      -6.749640125067353e-01
    8    u    2                      -6.748912741246080e-01
    9    u    2                      -5.446100374629110e-01
   10    u    2                      -5.444996794980729e-01
   11    u    2                      -4.777852673163305e-01
   12    u    2                      -4.086930789095639e-01
   13    u    2                      -4.070336943191419e-01
   14    u    2                      -3.780413555414895e-01
   15    u    2                      -3.779650899498320e-01
   16    u    2                      -3.412213003340369e-01
   17    u    2                      -3.045326017887392e-01
   18    u    2                      -3.045257618611529e-01
   19    u    2                      -2.404336224033570e-01
   20    u    2                      -2.404298371988938e-01
============================================================


============================================================
                          Molecule
------------------------------------------------------------
 Nr  Element             x             y             z      
------------------------------------------------------------
  1     C           0.00000e+00   2.63664e+00   0.00000e+00
  2     C           2.28339e+00   1.31832e+00   0.00000e+00
  3     C           2.28339e+00  -1.31832e+00   0.00000e+00
  4     C           0.00000e+00  -2.63664e+00   0.00000e+00
  5     C          -2.28339e+00  -1.31832e+00   0.00000e+00
  6     C          -2.28339e+00   1.31832e+00   0.00000e+00
  7     H           0.00000e+00   4.69098e+00   0.00000e+00
  8     H           4.06251e+00   2.34549e+00   0.00000e+00
  9     H           4.06251e+00  -2.34549e+00   0.00000e+00
 10     H           0.00000e+00  -4.69098e+00   0.00000e+00
 11     H          -4.06251e+00  -2.34549e+00   0.00000e+00
 12     H          -4.06251e+00   2.34549e+00   0.00000e+00
------------------------------------------------------------
 Center of mass:    0.00000e+00   1.13703e-17   0.00000e+00
============================================================


                                                            
============================================================
                         SCF Energy                         
------------------------------------------------------------
                                                            
 Sum orbital energy:                 -1.309112875547422e+02
 Kinetic energy:                      2.284529459147363e+02
 E-N energy:                         -9.424405137893583e+02
 Coulomb energy:                      3.129178658132289e+02
 Exchange energy:                     0.000000000000000e+00
 X-C energy:                         -3.249268230628206e+01
                                                            
------------------------------------------------------------
                                                            
 Electronic energy                   -4.335623843676751e+02
 Nuclear energy                       2.033530904953586e+02
                                                            
------------------------------------------------------------
                                                            
 Total energy       (au)             -2.302092938723165e+02
                    (kJ/mol)         -6.044144135822353e+05
                    (kcal/mol)       -1.444585117566823e+05
                    (eV)             -6.264313737648210e+03
                                                            
============================================================
                                                            



************************************************************
***                                                      ***
***                    Exiting MRChem                    ***
***                                                      ***
***               Wall time: 5.339599e+02                ***
***                                                      ***
************************************************************


