


************************************************************
***                                                      ***
***    MRChem 1.0.0 (rev. ff16b10)                       ***
***                                                      ***
***    Stig Rune Jensen <stig.r.jensen@uit.no>           ***
***    Jonas Juselius   <jonas.juselius@uit.no>          ***
***    Luca Frediani    <luca.frediani@uit.no>           ***
***                                                      ***
************************************************************


Print level  : 0

+++ Serial execution

============================================================
                Setting up nuclear potential
------------------------------------------------------------
 Nr  Element         Charge        Precision     Smoothing 
------------------------------------------------------------
  1     He           2.00000e+00   1.00000e-04   2.38660e-03
============================================================


============================================================
                Setting up occupied orbitals
------------------------------------------------------------
    n  Spin  Occ                           SquareNorm
------------------------------------------------------------
    0    u    0                       1.000000002279803e+00
------------------------------------------------------------
 Elapsed time:         user   1.400e-01    wall   1.444e-01
============================================================


============================================================
                  Setting up Fock operator
------------------------------------------------------------
 Nuclear potential                     968      3.93736e-01
------------------------------------------------------------
 Elapsed time:         user   3.900e-01    wall   3.938e-01
============================================================


============================================================
                  Setting up Fock operator
------------------------------------------------------------
 Nuclear potential                     968      3.44459e-01
 Coulomb density                       456      1.55586e-01
 Coulomb potential                     392      4.96661e+00
 XC density                            456      1.50269e-01
 XC preprocess xcfun                   456      2.57900e-06
 XC evaluate xcfun                     912      1.61149e+00
 XC energy                             456      4.67680e-05
 XC potential                          456      1.17600e-06
------------------------------------------------------------
 Elapsed time:         user   7.060e+00    wall   7.230e+00
============================================================




####################### SCF cycle  1 #######################


============================================================
 Current precision                              1.00000e-04
------------------------------------------------------------
 Orbital threshold                              1.00000e-03
 Property threshold                             1.00000e-05
============================================================


============================================================
               Calculating Electronic Energy
------------------------------------------------------------
 Electronic energy                   -2.694457910969167e+00
------------------------------------------------------------
 Elapsed time:         user   4.200e-01    wall   4.116e-01
============================================================


============================================================
              Initializing Helmholtz Operators
------------------------------------------------------------
 Creating operator with lambda                 -2.83677e-01
------------------------------------------------------------
 Elapsed time:         user   2.200e-01    wall   2.224e-01
============================================================


============================================================
                Applying Helmholtz Operators
------------------------------------------------------------
 Orb    OrbNorm       NormDiff       nNodes         Timing   
------------------------------------------------------------
  0   1.28622e+00   2.86224e-01       456       8.32596e+00
------------------------------------------------------------
 Elapsed time:         user   8.280e+00    wall   8.326e+00
============================================================


============================================================
               Iterative subspace accelerator
------------------------------------------------------------
 Push back orbitals                             6.19400e-06
 Copy orbitals                                  8.77749e-03
 Copy orbital updates                           7.75548e-03
------------------------------------------------------------
 Elapsed time:         user   2.000e-02    wall   1.672e-02
============================================================


============================================================
                  Setting up Fock operator
------------------------------------------------------------
 Nuclear potential                     968      3.43621e-01
 Coulomb density                       456      1.53483e-01
 Coulomb potential                     392      5.23818e+00
 XC density                            456      1.49839e-01
 XC preprocess xcfun                   456      8.41000e-07
 XC evaluate xcfun                     912      1.69048e+00
 XC energy                             456      3.81520e-05
 XC potential                          456      1.33400e-06
------------------------------------------------------------
 Elapsed time:         user   7.560e+00    wall   7.577e+00
============================================================


============================================================
                          Orbitals
------------------------------------------------------------
 Orb    F(i,i)        Error         nNodes  Spin  Occ  Done 
------------------------------------------------------------
  0  -6.51988e-01   3.06593e-01        456    u    2    0
------------------------------------------------------------
 Total error:                            3.06593e-01    0
============================================================


============================================================
                    Energy                 Update      Done 
------------------------------------------------------------
 Kinetic      4.000023248562496e+00      4.00002e+00    0
 N-E         -8.000008881654589e+00     -8.00001e+00    0
 Coulomb      2.499992274696338e+00      2.49999e+00    0
 Exchange     0.000000000000000e+00      0.00000e+00    1
 X-C         -1.194464552573412e+00     -1.19446e+00    0
------------------------------------------------------------
 Total       -2.694457910969167e+00     -2.69446e+00    0
============================================================


################ Elapsed time:  1.71947e+01 ################




####################### SCF cycle  2 #######################


============================================================
 Current precision                              1.00000e-04
------------------------------------------------------------
 Orbital threshold                              1.00000e-03
 Property threshold                             1.00000e-05
============================================================


============================================================
               Calculating Electronic Energy
------------------------------------------------------------
 Electronic energy                   -2.808880846711165e+00
------------------------------------------------------------
 Elapsed time:         user   4.100e-01    wall   4.110e-01
============================================================


============================================================
              Initializing Helmholtz Operators
------------------------------------------------------------
 Creating operator with lambda                 -6.51988e-01
------------------------------------------------------------
 Elapsed time:         user   2.300e-01    wall   2.303e-01
============================================================


============================================================
                Applying Helmholtz Operators
------------------------------------------------------------
 Orb    OrbNorm       NormDiff       nNodes         Timing   
------------------------------------------------------------
  0   9.52630e-01   4.73704e-02       456       8.97931e+00
------------------------------------------------------------
 Elapsed time:         user   8.940e+00    wall   8.979e+00
============================================================


============================================================
               Iterative subspace accelerator
------------------------------------------------------------
 Push back orbitals                             2.25095e-03
 Setup linear system                            2.39329e-02
 Solve linear system                            1.95060e-05
 Expand solution                                3.25132e-02
------------------------------------------------------------
 Elapsed time:         user   6.000e-02    wall   5.897e-02
============================================================


============================================================
                  Setting up Fock operator
------------------------------------------------------------
 Nuclear potential                     968      3.42131e-01
 Coulomb density                       456      1.52328e-01
 Coulomb potential                     392      5.13309e+00
 XC density                            456      1.49506e-01
 XC preprocess xcfun                   456      9.07000e-07
 XC evaluate xcfun                     912      1.68702e+00
 XC energy                             456      3.60120e-05
 XC potential                          456      1.24700e-06
------------------------------------------------------------
 Elapsed time:         user   7.440e+00    wall   7.465e+00
============================================================


============================================================
                          Orbitals
------------------------------------------------------------
 Orb    F(i,i)        Error         nNodes  Spin  Occ  Done 
------------------------------------------------------------
  0  -5.94768e-01   7.91821e-02        456    u    2    0
------------------------------------------------------------
 Total error:                            7.91821e-02    0
============================================================


============================================================
                    Energy                 Update      Done 
------------------------------------------------------------
 Kinetic      2.332576421367317e+00     -1.66745e+00    0
 N-E         -6.040599255863725e+00      1.95941e+00    0
 Coulomb      1.776528513616988e+00     -7.23464e-01    0
 Exchange     0.000000000000000e+00      0.00000e+00    1
 X-C         -8.773865258317456e-01      3.17078e-01    0
------------------------------------------------------------
 Total       -2.808880846711165e+00     -1.14423e-01    0
============================================================


################ Elapsed time:  1.77711e+01 ################




####################### SCF cycle  3 #######################


============================================================
 Current precision                              1.00000e-04
------------------------------------------------------------
 Orbital threshold                              1.00000e-03
 Property threshold                             1.00000e-05
============================================================


============================================================
               Calculating Electronic Energy
------------------------------------------------------------
 Electronic energy                   -2.832884036341955e+00
------------------------------------------------------------
 Elapsed time:         user   4.100e-01    wall   4.166e-01
============================================================


============================================================
              Initializing Helmholtz Operators
------------------------------------------------------------
 Creating operator with lambda                 -5.94768e-01
------------------------------------------------------------
 Elapsed time:         user   2.400e-01    wall   2.357e-01
============================================================


============================================================
                Applying Helmholtz Operators
------------------------------------------------------------
 Orb    OrbNorm       NormDiff       nNodes         Timing   
------------------------------------------------------------
  0   9.84052e-01   1.59481e-02       456       8.95367e+00
------------------------------------------------------------
 Elapsed time:         user   8.910e+00    wall   8.954e+00
============================================================


============================================================
               Iterative subspace accelerator
------------------------------------------------------------
 Push back orbitals                             2.24851e-03
 Setup linear system                            7.20347e-02
 Solve linear system                            2.43160e-05
 Expand solution                                4.83263e-02
------------------------------------------------------------
 Elapsed time:         user   1.200e-01    wall   1.229e-01
============================================================


============================================================
                  Setting up Fock operator
------------------------------------------------------------
 Nuclear potential                     968      3.43263e-01
 Coulomb density                       456      1.52639e-01
 Coulomb potential                     392      5.08780e+00
 XC density                            456      1.49942e-01
 XC preprocess xcfun                   456      1.14600e-06
 XC evaluate xcfun                     912      1.68963e+00
 XC energy                             456      3.78000e-05
 XC potential                          456      1.03600e-06
------------------------------------------------------------
 Elapsed time:         user   7.420e+00    wall   7.424e+00
============================================================


============================================================
                          Orbitals
------------------------------------------------------------
 Orb    F(i,i)        Error         nNodes  Spin  Occ  Done 
------------------------------------------------------------
  0  -5.71501e-01   2.67725e-02        456    u    2    0
------------------------------------------------------------
 Total error:                            2.67725e-02    0
============================================================


============================================================
                    Energy                 Update      Done 
------------------------------------------------------------
 Kinetic      2.634217898007654e+00      3.01641e-01    0
 N-E         -6.456987668569696e+00     -4.16388e-01    0
 Coulomb      1.937191168554118e+00      1.60663e-01    0
 Exchange     0.000000000000000e+00      0.00000e+00    1
 X-C         -9.473054343340306e-01     -6.99189e-02    0
------------------------------------------------------------
 Total       -2.832884036341955e+00     -2.40032e-02    0
============================================================


################ Elapsed time:  1.77915e+01 ################




####################### SCF cycle  4 #######################


============================================================
 Current precision                              1.00000e-04
------------------------------------------------------------
 Orbital threshold                              1.00000e-03
 Property threshold                             1.00000e-05
============================================================


============================================================
               Calculating Electronic Energy
------------------------------------------------------------
 Electronic energy                   -2.834818102193263e+00
------------------------------------------------------------
 Elapsed time:         user   4.200e-01    wall   4.134e-01
============================================================


============================================================
              Initializing Helmholtz Operators
------------------------------------------------------------
 Creating operator with lambda                 -5.71501e-01
------------------------------------------------------------
 Elapsed time:         user   2.300e-01    wall   2.361e-01
============================================================


============================================================
                Applying Helmholtz Operators
------------------------------------------------------------
 Orb    OrbNorm       NormDiff       nNodes         Timing   
------------------------------------------------------------
  0   9.98979e-01   1.02095e-03       456       8.98371e+00
------------------------------------------------------------
 Elapsed time:         user   8.950e+00    wall   8.984e+00
============================================================


============================================================
               Iterative subspace accelerator
------------------------------------------------------------
 Push back orbitals                             2.78365e-03
 Setup linear system                            7.18818e-02
 Solve linear system                            2.42130e-05
 Expand solution                                4.89760e-02
------------------------------------------------------------
 Elapsed time:         user   1.200e-01    wall   1.239e-01
============================================================


============================================================
                  Setting up Fock operator
------------------------------------------------------------
 Nuclear potential                     968      3.42967e-01
 Coulomb density                       456      1.50390e-01
 Coulomb potential                     392      5.04094e+00
 XC density                            456      1.51152e-01
 XC preprocess xcfun                   456      9.71000e-07
 XC evaluate xcfun                     912      1.68292e+00
 XC energy                             456      3.54540e-05
 XC potential                          456      1.11900e-06
------------------------------------------------------------
 Elapsed time:         user   7.370e+00    wall   7.370e+00
============================================================


============================================================
                          Orbitals
------------------------------------------------------------
 Orb    F(i,i)        Error         nNodes  Spin  Occ  Done 
------------------------------------------------------------
  0  -5.70655e-01   9.27079e-04        456    u    2    1
------------------------------------------------------------
 Total error:                            9.27079e-04    1
============================================================


============================================================
                    Energy                 Update      Done 
------------------------------------------------------------
 Kinetic      2.757978760739667e+00      1.23761e-01    0
 N-E         -6.614258765853434e+00     -1.57271e-01    0
 Coulomb      1.993560084627216e+00      5.63689e-02    0
 Exchange     0.000000000000000e+00      0.00000e+00    1
 X-C         -9.720981817067124e-01     -2.47927e-02    0
------------------------------------------------------------
 Total       -2.834818102193263e+00     -1.93407e-03    0
============================================================


################ Elapsed time:  1.77502e+01 ################


============================================================
                      Convergence rate
------------------------------------------------------------
Iter   Orb Error       Property                     Update  
------------------------------------------------------------
  1    3.06593e-01    -2.694457910969167e+00    -2.69446e+00
  2    7.91821e-02    -2.808880846711165e+00    -1.14423e-01
  3    2.67725e-02    -2.832884036341955e+00    -2.40032e-02
  4    9.27079e-04    -2.834818102193263e+00    -1.93407e-03
------------------------------------------------------------
                      SCF converged!!!                      
============================================================




####################### SCF cycle  1 #######################


============================================================
 Current precision                              1.00000e-04
------------------------------------------------------------
 Orbital threshold                              1.00000e-03
 Property threshold                             1.00000e-05
============================================================


============================================================
                  Setting up Fock operator
------------------------------------------------------------
 Nuclear potential                     968      3.40715e-01
 Coulomb density                       456      1.51197e-01
 Coulomb potential                     392      5.15407e+00
 XC density                            456      1.50079e-01
 XC preprocess xcfun                   456      1.17200e-06
 XC evaluate xcfun                     912      1.68746e+00
 XC energy                             456      9.81780e-05
 XC potential                          456      2.19200e-06
------------------------------------------------------------
 Elapsed time:         user   7.490e+00    wall   8.044e+00
============================================================


============================================================
               Calculating Electronic Energy
------------------------------------------------------------
 Electronic energy                   -2.834831433233154e+00
------------------------------------------------------------
 Elapsed time:         user   5.800e-01    wall   5.801e-01
============================================================


============================================================
              Initializing Helmholtz Operators
------------------------------------------------------------
 Creating operator with lambda                 -5.70655e-01
------------------------------------------------------------
 Elapsed time:         user   2.800e-01    wall   2.815e-01
============================================================


============================================================
                Applying Helmholtz Operators
------------------------------------------------------------
 Orb    OrbNorm       NormDiff       nNodes         Timing   
------------------------------------------------------------
  0   9.99771e-01   2.29459e-04       456       8.88430e+00
------------------------------------------------------------
 Elapsed time:         user   8.870e+00    wall   8.884e+00
============================================================


============================================================
                Computing Fock matrix update
------------------------------------------------------------
 Nuclear potential matrix                       1.35731e-01
 Fock matrix n                                  2.72191e-01
                                                            
 Coulomb density                       456      1.49743e-01
 Coulomb potential                     392      5.12045e+00
 XC density                            456      1.49440e-01
 XC preprocess xcfun                   456      9.64000e-07
 XC evaluate xcfun                     912      1.68470e+00
 XC energy                             456      1.05130e-04
 XC potential                          456      2.07400e-06
                                                            
 Fock matrix n+1                                7.57320e-01
------------------------------------------------------------
 Elapsed time:         user   8.290e+00    wall   9.001e+00
============================================================


============================================================
                          Orbitals
------------------------------------------------------------
 Orb    F(i,i)        Error         nNodes  Spin  Occ  Done 
------------------------------------------------------------
  0  -5.70449e-01   3.03890e-04        456    u    2    1
------------------------------------------------------------
 Total error:                            3.03890e-04    1
============================================================


============================================================
                    Energy                 Update      Done 
------------------------------------------------------------
 Kinetic      2.765626717347298e+00      2.76563e+00    0
 N-E         -6.622977487447616e+00     -6.62298e+00    0
 Coulomb      1.995569503700887e+00      1.99557e+00    0
 Exchange     0.000000000000000e+00      0.00000e+00    1
 X-C         -9.730501668337224e-01     -9.73050e-01    0
------------------------------------------------------------
 Total       -2.834831433233154e+00     -2.83483e+00    0
============================================================


################ Elapsed time:  2.68255e+01 ################




####################### SCF cycle  2 #######################


============================================================
 Current precision                              1.00000e-04
------------------------------------------------------------
 Orbital threshold                              1.00000e-03
 Property threshold                             1.00000e-05
============================================================


============================================================
                  Setting up Fock operator
------------------------------------------------------------
 Nuclear potential                     968      3.64219e-01
 Coulomb density                       456      1.49320e-01
 Coulomb potential                     392      5.02491e+00
 XC density                            456      1.50499e-01
 XC preprocess xcfun                   456      1.05400e-06
 XC evaluate xcfun                     912      1.68484e+00
 XC energy                             456      3.63320e-05
 XC potential                          456      1.09300e-06
------------------------------------------------------------
 Elapsed time:         user   7.370e+00    wall   7.375e+00
============================================================


============================================================
               Calculating Electronic Energy
------------------------------------------------------------
 Electronic energy                   -2.834835450959648e+00
------------------------------------------------------------
 Elapsed time:         user   4.100e-01    wall   4.098e-01
============================================================


============================================================
              Initializing Helmholtz Operators
------------------------------------------------------------
 Creating operator with lambda                 -5.70449e-01
------------------------------------------------------------
 Elapsed time:         user   2.400e-01    wall   2.373e-01
============================================================


============================================================
                Applying Helmholtz Operators
------------------------------------------------------------
 Orb    OrbNorm       NormDiff       nNodes         Timing   
------------------------------------------------------------
  0   9.99959e-01   4.05787e-05       456       8.89972e+00
------------------------------------------------------------
 Elapsed time:         user   8.880e+00    wall   8.900e+00
============================================================


============================================================
                Computing Fock matrix update
------------------------------------------------------------
 Nuclear potential matrix                       1.41418e-01
 Fock matrix n                                  2.75448e-01
                                                            
 Coulomb density                       456      1.50214e-01
 Coulomb potential                     392      5.11245e+00
 XC density                            456      1.50651e-01
 XC preprocess xcfun                   456      9.08000e-07
 XC evaluate xcfun                     912      1.69075e+00
 XC energy                             456      3.63850e-05
 XC potential                          456      1.04800e-06
                                                            
 Fock matrix n+1                                5.50605e-01
------------------------------------------------------------
 Elapsed time:         user   8.090e+00    wall   8.098e+00
============================================================


============================================================
                          Orbitals
------------------------------------------------------------
 Orb    F(i,i)        Error         nNodes  Spin  Occ  Done 
------------------------------------------------------------
  0  -5.70439e-01   5.84959e-05        456    u    2    1
------------------------------------------------------------
 Total error:                            5.84959e-05    1
============================================================


============================================================
                    Energy                 Update      Done 
------------------------------------------------------------
 Kinetic      2.767427510494087e+00      1.80079e-03    0
 N-E         -6.625041979311999e+00     -2.06449e-03    0
 Coulomb      1.996061381529270e+00      4.91878e-04    0
 Exchange     0.000000000000000e+00      0.00000e+00    1
 X-C         -9.732823636710055e-01     -2.32197e-04    0
------------------------------------------------------------
 Total       -2.834835450959648e+00     -4.01773e-06    1
============================================================


################ Elapsed time:  2.50508e+01 ################


============================================================
                      Convergence rate
------------------------------------------------------------
Iter   Orb Error       Property                     Update  
------------------------------------------------------------
  1    3.03890e-04    -2.834831433233154e+00    -2.83483e+00
  2    5.84959e-05    -2.834835450959648e+00    -4.01773e-06
------------------------------------------------------------
                      SCF converged!!!                      
============================================================


============================================================
                  Setting up Fock operator
------------------------------------------------------------
 Nuclear potential                     968      3.46908e-01
 Coulomb density                       456      1.49981e-01
 Coulomb potential                     392      5.07034e+00
 XC density                            456      1.51327e-01
 XC preprocess xcfun                   456      9.01000e-07
 XC evaluate xcfun                     912      1.68497e+00
 XC energy                             456      3.60860e-05
 XC potential                          456      1.09400e-06
------------------------------------------------------------
 Elapsed time:         user   7.410e+00    wall   7.405e+00
============================================================


============================================================
                 Calculating Nuclear Energy
------------------------------------------------------------
 Nuclear energy                       0.000000000000000e+00
------------------------------------------------------------
 Elapsed time:         user   0.000e+00    wall   2.256e-05
============================================================


============================================================
               Calculating Electronic Energy
------------------------------------------------------------
 Electronic energy                   -2.834835575364473e+00
------------------------------------------------------------
 Elapsed time:         user   4.100e-01    wall   4.119e-01
============================================================


============================================================
                        Fock matrix
------------------------------------------------------------
-5.70439e-01
============================================================


============================================================
                      Orbital energies
------------------------------------------------------------
    n  spin  occ                            epsilon  
------------------------------------------------------------
    0    u    2                      -5.704388875235842e-01
============================================================


============================================================
                          Molecule
------------------------------------------------------------
 Nr  Element             x             y             z      
------------------------------------------------------------
  1     He          0.00000e+00   0.00000e+00   0.00000e+00
------------------------------------------------------------
 Center of mass:    0.00000e+00   0.00000e+00   0.00000e+00
============================================================


                                                            
============================================================
                         SCF Energy                         
------------------------------------------------------------
 Sum orbital energy:                 -1.140877775047168e+00
 Kinetic energy:                      2.767748526955223e+00
 E-N energy:                         -6.625371288477456e+00
 Coulomb energy:                      1.996086722684978e+00
 Exchange energy:                     0.000000000000000e+00
 X-C energy:                         -9.732995365272178e-01
------------------------------------------------------------
 Electronic energy                   -2.834835575364473e+00
 Nuclear energy                       0.000000000000000e+00
------------------------------------------------------------
 Total energy       (au)             -2.834835575364473e+00
                    (kJ/mol)         -7.442859725881905e+03
                    (kcal/mol)       -1.778886166599270e+03
                    (eV)             -7.713980239468097e+01
============================================================
                                                            



************************************************************
***                                                      ***
***                    Exiting MRChem                    ***
***                                                      ***
***                 Wall:   1.394870e+02                 ***
***                 User:   1.377000e+02                 ***
***                 System: 5.500000e-01                 ***
***                                                      ***
************************************************************


