


************************************************************
***                                                      ***
***    MRChem 1.0.0 (rev. 1481ad6)                       ***
***                                                      ***
***    Stig Rune Jensen <stig.r.jensen@uit.no>           ***
***    Jonas Juselius   <jonas.juselius@uit.no>          ***
***    Luca Frediani    <luca.frediani@uit.no>           ***
***                                                      ***
************************************************************


Print level  : 0

+++ Parallel execution: 
  MPI hosts available     : 1
  Threads/host            : 16
  Total used CPUs         : 16

============================================================
                Setting up nuclear potential
------------------------------------------------------------
 Nr  Element         Charge        Precision     Smoothing 
------------------------------------------------------------
  1     O            8.00000e+00   1.00000e-04   2.36781e-04
  2     H            1.00000e+00   1.00000e-04   7.57698e-03
  3     H            1.00000e+00   1.00000e-04   7.57698e-03
============================================================


============================================================
                Setting up occupied orbitals
------------------------------------------------------------
    n  Spin  Occ                           SquareNorm
------------------------------------------------------------
    0    u    0                       1.000000000880290e+00
    1    u    0                       1.000000001816474e+00
    2    u    0                       9.999999999900493e-01
    3    u    0                       9.999999999900492e-01
    4    u    0                       1.000000000008807e+00
    5    u    0                       1.000000063850038e+00
    6    u    0                       1.000000063850038e+00
------------------------------------------------------------
 Elapsed time:         user   8.600e-01    wall   5.726e-02
============================================================


============================================================
                  Setting up Fock operator
------------------------------------------------------------
 Nuclear potential                    1992      2.37801e-01
------------------------------------------------------------
 Elapsed time:         user   3.780e+00    wall   2.379e-01
============================================================


============================================================
                  Setting up Fock operator
------------------------------------------------------------
 Nuclear potential                    1992      2.33777e-01
 Coulomb density                       520      6.16305e-02
 Coulomb potential                     424      4.75458e-01
 XC density                            520      5.63712e-02
 XC density gradient                  1560      2.77768e-02
 XC preprocess xcfun                  1040      3.66057e-02
 XC evaluate xcfun                    1560      2.28986e+00
 XC energy                             520      5.90190e-05
 XC potential                          520      7.77139e-02
------------------------------------------------------------
 Elapsed time:         user   2.136e+01    wall   3.263e+00
============================================================




####################### SCF cycle  1 #######################


============================================================
 Current precision                              1.00000e-04
------------------------------------------------------------
 Orbital threshold                              1.00000e-03
 Property threshold                             1.00000e-05
============================================================


============================================================
               Calculating Electronic Energy
------------------------------------------------------------
 Electronic energy                   -7.194357001582199e+01
------------------------------------------------------------
 Elapsed time:         user   2.270e+00    wall   1.431e-01
============================================================


============================================================
              Initializing Helmholtz Operators
------------------------------------------------------------
 Creating operator with lambda                 -1.23487e+01
 Creating operator with lambda                 -5.00000e-01
 Re-using operator with lambda                 -5.00000e-01
 Re-using operator with lambda                 -5.00000e-01
 Re-using operator with lambda                 -5.00000e-01
------------------------------------------------------------
 Elapsed time:         user   2.950e+00    wall   1.955e-01
============================================================


============================================================
                Applying Helmholtz Operators
------------------------------------------------------------
 Orb    OrbNorm       NormDiff       nNodes         Timing   
------------------------------------------------------------
  0   1.03034e+00   3.03416e-02       488       5.62540e-01
  1   2.36109e+00   1.36109e+00       424       5.80040e-01
  2   2.00569e+00   1.00569e+00       360       4.71860e-01
  3   1.78580e+00   7.85801e-01       392       5.32378e-01
  4   1.73253e+00   7.32529e-01       360       4.32958e-01
------------------------------------------------------------
 Elapsed time:         user   4.085e+01    wall   2.580e+00
============================================================


============================================================
               Iterative subspace accelerator
------------------------------------------------------------
 Push back orbitals                             2.56310e-05
 Copy orbitals                                  9.17301e-03
 Copy orbital updates                           9.07917e-03
------------------------------------------------------------
 Elapsed time:         user   2.900e-01    wall   1.843e-02
============================================================


============================================================
                  Setting up Fock operator
------------------------------------------------------------
 Nuclear potential                    1992      2.32661e-01
 Coulomb density                       488      5.37892e-02
 Coulomb potential                     424      4.07769e-01
 XC density                            488      5.21358e-02
 XC density gradient                  1464      2.53108e-02
 XC preprocess xcfun                   976      3.37597e-02
 XC evaluate xcfun                    1464      2.15805e+00
 XC energy                             488      5.87980e-05
 XC potential                          488      7.38424e-02
------------------------------------------------------------
 Elapsed time:         user   2.141e+01    wall   3.041e+00
============================================================


============================================================
                          Orbitals
------------------------------------------------------------
 Orb    F(i,i)        Error         nNodes  Spin  Occ  Done 
------------------------------------------------------------
  0  -1.86681e+01   7.58274e-02        488    u    2    0
  1  -8.06444e-01   5.64564e-01        392    u    2    0
  2  -4.68827e-01   6.35807e-01        360    u    2    0
  3  -2.50499e-01   5.74855e-01        392    u    2    0
  4  -2.37497e-01   5.61060e-01        360    u    2    0
------------------------------------------------------------
 Total error:                            1.17217e+00    0
============================================================


============================================================
                    Energy                 Update      Done 
------------------------------------------------------------
 Kinetic      1.225260747518832e+02      1.22526e+02    0
 N-E         -2.595000201588143e+02     -2.59500e+02    0
 Coulomb      7.854264964930043e+01      7.85426e+01    0
 Exchange     0.000000000000000e+00      0.00000e+00    1
 X-C         -1.351227425819136e+01     -1.35123e+01    0
------------------------------------------------------------
 Total       -7.194357001582199e+01     -7.19436e+01    0
============================================================


################ Elapsed time:  7.21648e+00 ################




####################### SCF cycle  2 #######################


============================================================
 Current precision                              1.00000e-04
------------------------------------------------------------
 Orbital threshold                              1.00000e-03
 Property threshold                             1.00000e-05
============================================================


============================================================
               Calculating Electronic Energy
------------------------------------------------------------
 Electronic energy                   -8.457940792723450e+01
------------------------------------------------------------
 Elapsed time:         user   2.260e+00    wall   1.419e-01
============================================================


============================================================
              Initializing Helmholtz Operators
------------------------------------------------------------
 Creating operator with lambda                 -1.86985e+01
 Creating operator with lambda                 -7.83272e-01
 Creating operator with lambda                 -4.68827e-01
 Creating operator with lambda                 -2.43264e-01
 Creating operator with lambda                 -2.37497e-01
------------------------------------------------------------
 Elapsed time:         user   7.050e+00    wall   4.728e-01
============================================================


============================================================
                Applying Helmholtz Operators
------------------------------------------------------------
 Orb    OrbNorm       NormDiff       nNodes         Timing   
------------------------------------------------------------
  0   9.93846e-01   6.15412e-03       488       6.36622e-01
  1   9.50836e-01   4.91641e-02       456       5.49897e-01
  2   1.02696e+00   2.69632e-02       392       4.71654e-01
  3   1.10806e+00   1.08056e-01       392       5.09606e-01
  4   1.10521e+00   1.05206e-01       360       4.31294e-01
------------------------------------------------------------
 Elapsed time:         user   4.110e+01    wall   2.599e+00
============================================================


============================================================
               Iterative subspace accelerator
------------------------------------------------------------
 Push back orbitals                             1.16550e-05
 Copy orbitals                                  9.06132e-03
 Copy orbital updates                           9.37933e-03
------------------------------------------------------------
 Elapsed time:         user   3.000e-01    wall   1.859e-02
============================================================


============================================================
                  Setting up Fock operator
------------------------------------------------------------
 Nuclear potential                    1992      2.32853e-01
 Coulomb density                       552      5.78007e-02
 Coulomb potential                     424      4.14277e-01
 XC density                            552      5.59134e-02
 XC density gradient                  1656      2.90413e-02
 XC preprocess xcfun                  1104      3.53195e-02
 XC evaluate xcfun                    1656      2.40415e+00
 XC energy                             552      5.58110e-05
 XC potential                          552      7.94989e-02
------------------------------------------------------------
 Elapsed time:         user   2.047e+01    wall   3.313e+00
============================================================


============================================================
                          Orbitals
------------------------------------------------------------
 Orb    F(i,i)        Error         nNodes  Spin  Occ  Done 
------------------------------------------------------------
  0  -1.88336e+01   3.28076e-02        488    u    2    0
  1  -9.08819e-01   2.86225e-01        456    u    2    0
  2  -5.07818e-01   1.16701e-01        392    u    2    0
  3  -3.59785e-01   1.65481e-01        392    u    2    0
  4  -3.01277e-01   1.69546e-01        360    u    2    0
------------------------------------------------------------
 Total error:                            3.90832e-01    0
============================================================


============================================================
                    Energy                 Update      Done 
------------------------------------------------------------
 Kinetic      7.437440563434888e+01     -4.81517e+01    0
 N-E         -1.962049567338962e+02      6.32951e+01    0
 Coulomb      4.631967193534604e+01     -3.22230e+01    0
 Exchange     0.000000000000000e+00      0.00000e+00    1
 X-C         -9.068528763033166e+00      4.44375e+00    0
------------------------------------------------------------
 Total       -8.457940792723450e+01     -1.26358e+01    0
============================================================


################ Elapsed time:  7.84470e+00 ################




####################### SCF cycle  3 #######################


============================================================
 Current precision                              1.00000e-04
------------------------------------------------------------
 Orbital threshold                              1.00000e-03
 Property threshold                             1.00000e-05
============================================================


============================================================
               Calculating Electronic Energy
------------------------------------------------------------
 Electronic energy                   -8.521284552230124e+01
------------------------------------------------------------
 Elapsed time:         user   3.430e+00    wall   2.288e-01
============================================================


============================================================
              Initializing Helmholtz Operators
------------------------------------------------------------
 Creating operator with lambda                 -1.88336e+01
 Creating operator with lambda                 -9.08819e-01
 Creating operator with lambda                 -5.07818e-01
 Creating operator with lambda                 -3.59785e-01
 Creating operator with lambda                 -3.01277e-01
------------------------------------------------------------
 Elapsed time:         user   1.197e+01    wall   8.172e-01
============================================================


============================================================
                Applying Helmholtz Operators
------------------------------------------------------------
 Orb    OrbNorm       NormDiff       nNodes         Timing   
------------------------------------------------------------
  0   9.98112e-01   1.88764e-03       488       6.77648e-01
  1   9.58409e-01   4.15914e-02       456       6.08485e-01
  2   1.00316e+00   3.16230e-03       424       4.98925e-01
  3   1.00409e+00   4.09369e-03       392       5.47393e-01
  4   1.01079e+00   1.07873e-02       360       4.65662e-01
------------------------------------------------------------
 Elapsed time:         user   4.425e+01    wall   2.798e+00
============================================================


============================================================
               Iterative subspace accelerator
------------------------------------------------------------
 Push back orbitals                             9.96099e-03
 Setup linear system                            5.04718e-02
 Solve linear system                            1.13220e-05
 Expand solution                                3.53517e-02
------------------------------------------------------------
 Elapsed time:         user   1.490e+00    wall   9.598e-02
============================================================


============================================================
                  Setting up Fock operator
------------------------------------------------------------
 Nuclear potential                    1992      2.32685e-01
 Coulomb density                       552      5.68938e-02
 Coulomb potential                     424      4.01377e-01
 XC density                            552      5.58788e-02
 XC density gradient                  1656      2.90547e-02
 XC preprocess xcfun                  1104      3.59681e-02
 XC evaluate xcfun                    1656      2.41558e+00
 XC energy                             552      5.22820e-05
 XC potential                          552      8.14695e-02
------------------------------------------------------------
 Elapsed time:         user   2.113e+01    wall   3.312e+00
============================================================


============================================================
                          Orbitals
------------------------------------------------------------
 Orb    F(i,i)        Error         nNodes  Spin  Occ  Done 
------------------------------------------------------------
  0  -1.85708e+01   1.86207e-02        488    u    2    0
  1  -8.66415e-01   1.81777e-01        456    u    2    0
  2  -4.12711e-01   6.38416e-02        424    u    2    0
  3  -2.74542e-01   1.17392e-01        392    u    2    0
  4  -1.94322e-01   2.34566e-02        360    u    2    0
------------------------------------------------------------
 Total error:                            2.27588e-01    0
============================================================


============================================================
                    Energy                 Update      Done 
------------------------------------------------------------
 Kinetic      7.459373746883925e+01      2.19332e-01    0
 N-E         -1.967157541862534e+02     -5.10797e-01    0
 Coulomb      4.599357904922375e+01     -3.26093e-01    0
 Exchange     0.000000000000000e+00      0.00000e+00    1
 X-C         -9.084407854110802e+00     -1.58791e-02    0
------------------------------------------------------------
 Total       -8.521284552230124e+01     -6.33438e-01    0
============================================================


################ Elapsed time:  8.58007e+00 ################




####################### SCF cycle  4 #######################


============================================================
 Current precision                              1.00000e-04
------------------------------------------------------------
 Orbital threshold                              1.00000e-03
 Property threshold                             1.00000e-05
============================================================


============================================================
               Calculating Electronic Energy
------------------------------------------------------------
 Electronic energy                   -8.537721474726649e+01
------------------------------------------------------------
 Elapsed time:         user   2.390e+00    wall   1.511e-01
============================================================


============================================================
              Initializing Helmholtz Operators
------------------------------------------------------------
 Creating operator with lambda                 -1.85708e+01
 Creating operator with lambda                 -8.66415e-01
 Creating operator with lambda                 -4.12711e-01
 Creating operator with lambda                 -2.74542e-01
 Creating operator with lambda                 -1.94322e-01
------------------------------------------------------------
 Elapsed time:         user   7.970e+00    wall   5.514e-01
============================================================


============================================================
                Applying Helmholtz Operators
------------------------------------------------------------
 Orb    OrbNorm       NormDiff       nNodes         Timing   
------------------------------------------------------------
  0   9.99715e-01   2.84904e-04       488       6.77755e-01
  1   9.96552e-01   3.44800e-03       456       6.33263e-01
  2   1.03235e+00   3.23540e-02       424       5.04572e-01
  3   1.04110e+00   4.10981e-02       392       5.26972e-01
  4   1.04546e+00   4.54630e-02       360       4.50205e-01
------------------------------------------------------------
 Elapsed time:         user   4.421e+01    wall   2.793e+00
============================================================


============================================================
               Iterative subspace accelerator
------------------------------------------------------------
 Push back orbitals                             1.04824e-02
 Setup linear system                            1.42166e-01
 Solve linear system                            9.99700e-06
 Expand solution                                3.83678e-02
------------------------------------------------------------
 Elapsed time:         user   2.990e+00    wall   1.912e-01
============================================================


============================================================
                  Setting up Fock operator
------------------------------------------------------------
 Nuclear potential                    1992      2.32943e-01
 Coulomb density                       552      5.75180e-02
 Coulomb potential                     424      4.20178e-01
 XC density                            552      5.60681e-02
 XC density gradient                  1656      2.91000e-02
 XC preprocess xcfun                  1104      3.50681e-02
 XC evaluate xcfun                    1656      2.40166e+00
 XC energy                             552      5.89830e-05
 XC potential                          552      8.06979e-02
------------------------------------------------------------
 Elapsed time:         user   1.982e+01    wall   3.316e+00
============================================================


============================================================
                          Orbitals
------------------------------------------------------------
 Orb    F(i,i)        Error         nNodes  Spin  Occ  Done 
------------------------------------------------------------
  0  -1.87925e+01   6.24798e-03        488    u    2    0
  1  -9.63730e-01   2.87768e-02        456    u    2    0
  2  -5.02797e-01   4.66499e-02        424    u    2    0
  3  -3.85970e-01   6.88013e-02        392    u    2    0
  4  -2.94858e-01   6.91609e-02        360    u    2    0
------------------------------------------------------------
 Total error:                            1.12072e-01    0
============================================================


============================================================
                    Energy                 Update      Done 
------------------------------------------------------------
 Kinetic      7.631881434317499e+01      1.72508e+00    0
 N-E         -1.997966981878429e+02     -3.08094e+00    0
 Coulomb      4.740869174668659e+01      1.41511e+00    0
 Exchange     0.000000000000000e+00      0.00000e+00    1
 X-C         -9.308022649285141e+00     -2.23615e-01    0
------------------------------------------------------------
 Total       -8.537721474726649e+01     -1.64369e-01    0
============================================================


################ Elapsed time:  8.32091e+00 ################




####################### SCF cycle  5 #######################


============================================================
 Current precision                              1.00000e-04
------------------------------------------------------------
 Orbital threshold                              1.00000e-03
 Property threshold                             1.00000e-05
============================================================


============================================================
               Calculating Electronic Energy
------------------------------------------------------------
 Electronic energy                   -8.541056025388848e+01
------------------------------------------------------------
 Elapsed time:         user   2.470e+00    wall   1.564e-01
============================================================


============================================================
              Initializing Helmholtz Operators
------------------------------------------------------------
 Creating operator with lambda                 -1.88198e+01
 Creating operator with lambda                 -9.53532e-01
 Creating operator with lambda                 -5.02797e-01
 Creating operator with lambda                 -3.68878e-01
 Creating operator with lambda                 -2.94858e-01
------------------------------------------------------------
 Elapsed time:         user   7.280e+00    wall   4.887e-01
============================================================


============================================================
                Applying Helmholtz Operators
------------------------------------------------------------
 Orb    OrbNorm       NormDiff       nNodes         Timing   
------------------------------------------------------------
  0   9.99853e-01   1.46878e-04       488       6.31525e-01
  1   9.93284e-01   6.71646e-03       456       6.13417e-01
  2   9.97655e-01   2.34507e-03       392       4.69116e-01
  3   9.90428e-01   9.57232e-03       424       5.50725e-01
  4   9.81167e-01   1.88325e-02       360       4.42416e-01
------------------------------------------------------------
 Elapsed time:         user   4.282e+01    wall   2.707e+00
============================================================


============================================================
               Iterative subspace accelerator
------------------------------------------------------------
 Push back orbitals                             1.04300e-05
 Copy orbitals                                  9.64341e-03
 Copy orbital updates                           9.59455e-03
------------------------------------------------------------
 Elapsed time:         user   3.000e-01    wall   1.940e-02
============================================================


============================================================
                  Setting up Fock operator
------------------------------------------------------------
 Nuclear potential                    1992      2.32868e-01
 Coulomb density                       552      5.66263e-02
 Coulomb potential                     424      4.08520e-01
 XC density                            552      5.57628e-02
 XC density gradient                  1656      3.01000e-02
 XC preprocess xcfun                  1104      3.45199e-02
 XC evaluate xcfun                    1656      2.41027e+00
 XC energy                             552      5.37660e-05
 XC potential                          552      7.17961e-02
------------------------------------------------------------
 Elapsed time:         user   1.982e+01    wall   3.304e+00
============================================================


============================================================
                          Orbitals
------------------------------------------------------------
 Orb    F(i,i)        Error         nNodes  Spin  Occ  Done 
------------------------------------------------------------
  0  -1.86937e+01   2.84664e-03        488    u    2    0
  1  -9.01455e-01   2.17770e-02        456    u    2    0
  2  -4.55309e-01   1.44089e-02        392    u    2    0
  3  -3.16568e-01   3.72576e-02        424    u    2    0
  4  -2.40199e-01   4.08328e-02        360    u    2    0
------------------------------------------------------------
 Total error:                            6.11997e-02    0
============================================================


============================================================
                    Energy                 Update      Done 
------------------------------------------------------------
 Kinetic      7.563931908019049e+01     -6.79495e-01    0
 N-E         -1.980389847265725e+02      1.75771e+00    0
 Coulomb      4.615380806888360e+01     -1.25488e+00    0
 Exchange     0.000000000000000e+00      0.00000e+00    1
 X-C         -9.164702676390094e+00      1.43320e-01    0
------------------------------------------------------------
 Total       -8.541056025388848e+01     -3.33455e-02    0
============================================================


################ Elapsed time:  8.01495e+00 ################




####################### SCF cycle  6 #######################


============================================================
 Current precision                              1.00000e-04
------------------------------------------------------------
 Orbital threshold                              1.00000e-03
 Property threshold                             1.00000e-05
============================================================


============================================================
               Calculating Electronic Energy
------------------------------------------------------------
 Electronic energy                   -8.542057498419766e+01
------------------------------------------------------------
 Elapsed time:         user   2.580e+00    wall   1.614e-01
============================================================


============================================================
              Initializing Helmholtz Operators
------------------------------------------------------------
 Creating operator with lambda                 -1.86937e+01
 Creating operator with lambda                 -9.01455e-01
 Creating operator with lambda                 -4.55309e-01
 Creating operator with lambda                 -3.16568e-01
 Creating operator with lambda                 -2.40199e-01
------------------------------------------------------------
 Elapsed time:         user   8.050e+00    wall   5.663e-01
============================================================


============================================================
                Applying Helmholtz Operators
------------------------------------------------------------
 Orb    OrbNorm       NormDiff       nNodes         Timing   
------------------------------------------------------------
  0   1.00002e+00   1.87950e-05       488       6.72772e-01
  1   1.00087e+00   8.70775e-04       456       6.38655e-01
  2   1.01141e+00   1.14068e-02       392       4.66101e-01
  3   1.01399e+00   1.39900e-02       424       6.25376e-01
  4   1.01093e+00   1.09321e-02       360       4.55489e-01
------------------------------------------------------------
 Elapsed time:         user   4.514e+01    wall   2.859e+00
============================================================


============================================================
               Iterative subspace accelerator
------------------------------------------------------------
 Push back orbitals                             1.06358e-02
 Setup linear system                            5.07197e-02
 Solve linear system                            7.53500e-06
 Expand solution                                3.54886e-02
------------------------------------------------------------
 Elapsed time:         user   1.520e+00    wall   9.702e-02
============================================================


============================================================
                  Setting up Fock operator
------------------------------------------------------------
 Nuclear potential                    1992      2.33016e-01
 Coulomb density                       552      5.73163e-02
 Coulomb potential                     424      4.02230e-01
 XC density                            552      5.58462e-02
 XC density gradient                  1656      2.99725e-02
 XC preprocess xcfun                  1104      3.47403e-02
 XC evaluate xcfun                    1656      2.41925e+00
 XC energy                             552      5.38220e-05
 XC potential                          552      7.25520e-02
------------------------------------------------------------
 Elapsed time:         user   2.146e+01    wall   3.308e+00
============================================================


============================================================
                          Orbitals
------------------------------------------------------------
 Orb    F(i,i)        Error         nNodes  Spin  Occ  Done 
------------------------------------------------------------
  0  -1.87636e+01   6.22135e-04        488    u    2    1
  1  -9.31277e-01   7.22237e-03        456    u    2    0
  2  -4.81049e-01   1.32587e-02        392    u    2    0
  3  -3.47175e-01   1.90472e-02        424    u    2    0
  4  -2.69735e-01   1.51964e-02        360    u    2    0
------------------------------------------------------------
 Total error:                            2.86717e-02    0
============================================================


============================================================
                    Energy                 Update      Done 
------------------------------------------------------------
 Kinetic      7.623881399162616e+01      5.99495e-01    0
 N-E         -1.992588050785523e+02     -1.21982e+00    0
 Coulomb      4.685814397442748e+01      7.04336e-01    0
 Exchange     0.000000000000000e+00      0.00000e+00    1
 X-C         -9.258727871698959e+00     -9.40252e-02    0
------------------------------------------------------------
 Total       -8.542057498419766e+01     -1.00147e-02    0
============================================================


################ Elapsed time:  8.29988e+00 ################




####################### SCF cycle  7 #######################


============================================================
 Current precision                              1.00000e-04
------------------------------------------------------------
 Orbital threshold                              1.00000e-03
 Property threshold                             1.00000e-05
============================================================


============================================================
               Calculating Electronic Energy
------------------------------------------------------------
 Electronic energy                   -8.542409238562618e+01
------------------------------------------------------------
 Elapsed time:         user   2.390e+00    wall   1.515e-01
============================================================


============================================================
              Initializing Helmholtz Operators
------------------------------------------------------------
 Creating operator with lambda                 -1.87636e+01
 Creating operator with lambda                 -9.31277e-01
 Creating operator with lambda                 -4.81049e-01
 Creating operator with lambda                 -3.47175e-01
 Creating operator with lambda                 -2.69735e-01
------------------------------------------------------------
 Elapsed time:         user   8.310e+00    wall   5.536e-01
============================================================


============================================================
                Applying Helmholtz Operators
------------------------------------------------------------
 Orb    OrbNorm       NormDiff       nNodes         Timing   
------------------------------------------------------------
  0   9.99977e-01   2.31261e-05       488       6.66413e-01
  1   9.96912e-01   3.08780e-03       456       6.15316e-01
  2   1.00156e+00   1.55668e-03       392       4.76668e-01
  3   1.00016e+00   1.56118e-04       456       5.63632e-01
  4   9.95286e-01   4.71351e-03       360       4.50051e-01
------------------------------------------------------------
 Elapsed time:         user   4.389e+01    wall   2.772e+00
============================================================


============================================================
               Iterative subspace accelerator
------------------------------------------------------------
 Push back orbitals                             1.06307e-02
 Setup linear system                            1.43107e-01
 Solve linear system                            1.01290e-05
 Expand solution                                2.91344e-02
------------------------------------------------------------
 Elapsed time:         user   2.860e+00    wall   1.831e-01
============================================================


============================================================
                  Setting up Fock operator
------------------------------------------------------------
 Nuclear potential                    1992      2.37699e-01
 Coulomb density                       552      5.70119e-02
 Coulomb potential                     424      3.98098e-01
 XC density                            552      5.62304e-02
 XC density gradient                  1656      2.87809e-02
 XC preprocess xcfun                  1104      3.46012e-02
 XC evaluate xcfun                    1656      2.42261e+00
 XC energy                             552      5.22460e-05
 XC potential                          552      7.16192e-02
------------------------------------------------------------
 Elapsed time:         user   2.079e+01    wall   3.310e+00
============================================================


============================================================
                          Orbitals
------------------------------------------------------------
 Orb    F(i,i)        Error         nNodes  Spin  Occ  Done 
------------------------------------------------------------
  0  -1.87589e+01   2.20341e-03        488    u    2    0
  1  -9.25167e-01   2.14364e-02        456    u    2    0
  2  -4.75485e-01   1.29675e-02        392    u    2    0
  3  -3.44600e-01   3.23324e-02        456    u    2    0
  4  -2.63462e-01   1.18525e-02        360    u    2    0
------------------------------------------------------------
 Total error:                            4.26426e-02    0
============================================================


============================================================
                    Energy                 Update      Done 
------------------------------------------------------------
 Kinetic      7.598061094855962e+01     -2.58203e-01    0
 N-E         -1.986680575068342e+02      5.90748e-01    0
 Coulomb      4.647601822395850e+01     -3.82126e-01    0
 Exchange     0.000000000000000e+00      0.00000e+00    1
 X-C         -9.212664051310105e+00      4.60638e-02    0
------------------------------------------------------------
 Total       -8.542409238562618e+01     -3.51740e-03    0
============================================================


################ Elapsed time:  8.29756e+00 ################




####################### SCF cycle  8 #######################


============================================================
 Current precision                              1.00000e-04
------------------------------------------------------------
 Orbital threshold                              1.00000e-03
 Property threshold                             1.00000e-05
============================================================


============================================================
               Calculating Electronic Energy
------------------------------------------------------------
 Electronic energy                   -8.543470043477743e+01
------------------------------------------------------------
 Elapsed time:         user   2.450e+00    wall   1.547e-01
============================================================


============================================================
              Initializing Helmholtz Operators
------------------------------------------------------------
 Creating operator with lambda                 -1.87589e+01
 Creating operator with lambda                 -9.25167e-01
 Creating operator with lambda                 -4.75485e-01
 Creating operator with lambda                 -3.44600e-01
 Creating operator with lambda                 -2.63462e-01
------------------------------------------------------------
 Elapsed time:         user   7.320e+00    wall   4.860e-01
============================================================


============================================================
                Applying Helmholtz Operators
------------------------------------------------------------
 Orb    OrbNorm       NormDiff       nNodes         Timing   
------------------------------------------------------------
  0   9.99833e-01   1.67008e-04       488       6.70973e-01
  1   1.00012e+00   1.20219e-04       456       6.23164e-01
  2   1.00046e+00   4.57737e-04       360       4.47145e-01
  3   1.00151e+00   1.50547e-03       456       5.74170e-01
  4   1.00057e+00   5.65045e-04       360       4.58105e-01
------------------------------------------------------------
 Elapsed time:         user   4.387e+01    wall   2.774e+00
============================================================


============================================================
               Iterative subspace accelerator
------------------------------------------------------------
 Push back orbitals                             1.41120e-02
 Setup linear system                            1.42130e-01
 Solve linear system                            1.00170e-05
 Expand solution                                2.26176e-02
------------------------------------------------------------
 Elapsed time:         user   2.790e+00    wall   1.790e-01
============================================================


============================================================
                  Setting up Fock operator
------------------------------------------------------------
 Nuclear potential                    1992      2.33102e-01
 Coulomb density                       552      5.71685e-02
 Coulomb potential                     424      4.07907e-01
 XC density                            552      5.63765e-02
 XC density gradient                  1656      2.87636e-02
 XC preprocess xcfun                  1104      3.48096e-02
 XC evaluate xcfun                    1656      2.41406e+00
 XC energy                             552      5.69210e-05
 XC potential                          552      7.18121e-02
------------------------------------------------------------
 Elapsed time:         user   2.060e+01    wall   3.307e+00
============================================================


============================================================
                          Orbitals
------------------------------------------------------------
 Orb    F(i,i)        Error         nNodes  Spin  Occ  Done 
------------------------------------------------------------
  0  -1.87622e+01   1.64261e-04        488    u    2    1
  1  -9.27753e-01   1.98778e-03        456    u    2    0
  2  -4.74982e-01   7.10148e-04        392    u    2    1
  3  -3.46455e-01   2.99553e-03        456    u    2    0
  4  -2.66444e-01   1.30927e-03        360    u    2    0
------------------------------------------------------------
 Total error:                            3.89486e-03    0
============================================================


============================================================
                    Energy                 Update      Done 
------------------------------------------------------------
 Kinetic      7.609510157183672e+01      1.14491e-01    0
 N-E         -1.988429771731590e+02     -1.74920e-01    0
 Coulomb      4.654093743269822e+01      6.49192e-02    0
 Exchange     0.000000000000000e+00      0.00000e+00    1
 X-C         -9.227762266153407e+00     -1.50982e-02    0
------------------------------------------------------------
 Total       -8.543470043477743e+01     -1.06080e-02    0
============================================================


################ Elapsed time:  8.22908e+00 ################




####################### SCF cycle  9 #######################


============================================================
 Current precision                              1.00000e-04
------------------------------------------------------------
 Orbital threshold                              1.00000e-03
 Property threshold                             1.00000e-05
============================================================


============================================================
               Calculating Electronic Energy
------------------------------------------------------------
 Electronic energy                   -8.543728769995099e+01
------------------------------------------------------------
 Elapsed time:         user   2.460e+00    wall   1.544e-01
============================================================


============================================================
              Initializing Helmholtz Operators
------------------------------------------------------------
 Re-using operator with lambda                 -1.87589e+01
 Creating operator with lambda                 -9.27753e-01
 Creating operator with lambda                 -4.74982e-01
 Creating operator with lambda                 -3.46455e-01
 Creating operator with lambda                 -2.66444e-01
------------------------------------------------------------
 Elapsed time:         user   6.880e+00    wall   4.695e-01
============================================================


============================================================
                Applying Helmholtz Operators
------------------------------------------------------------
 Orb    OrbNorm       NormDiff       nNodes         Timing   
------------------------------------------------------------
  0   9.99861e-01   1.38724e-04       488       6.68037e-01
  1   9.99593e-01   4.06855e-04       456       6.35590e-01
  2   1.00114e+00   1.14328e-03       360       4.45773e-01
  3   1.00015e+00   1.53886e-04       456       5.71941e-01
  4   9.98594e-01   1.40569e-03       360       4.60116e-01
------------------------------------------------------------
 Elapsed time:         user   4.401e+01    wall   2.782e+00
============================================================


============================================================
               Iterative subspace accelerator
------------------------------------------------------------
 Push back orbitals                             1.57029e-02
 Setup linear system                            1.45054e-01
 Solve linear system                            1.37130e-05
 Expand solution                                1.66368e-02
------------------------------------------------------------
 Elapsed time:         user   2.770e+00    wall   1.776e-01
============================================================


============================================================
                  Setting up Fock operator
------------------------------------------------------------
 Nuclear potential                    1992      2.33256e-01
 Coulomb density                       552      5.80472e-02
 Coulomb potential                     424      3.96064e-01
 XC density                            552      5.73675e-02
 XC density gradient                  1656      2.89888e-02
 XC preprocess xcfun                  1104      3.54069e-02
 XC evaluate xcfun                    1656      2.41597e+00
 XC energy                             552      5.41660e-05
 XC potential                          552      7.39874e-02
------------------------------------------------------------
 Elapsed time:         user   2.089e+01    wall   3.303e+00
============================================================


============================================================
                          Orbitals
------------------------------------------------------------
 Orb    F(i,i)        Error         nNodes  Spin  Occ  Done 
------------------------------------------------------------
  0  -1.87603e+01   9.53179e-05        488    u    2    1
  1  -9.28034e-01   1.03594e-03        456    u    2    0
  2  -4.73584e-01   7.43417e-04        392    u    2    1
  3  -3.45597e-01   1.13073e-03        456    u    2    0
  4  -2.67983e-01   1.44523e-03        360    u    2    0
------------------------------------------------------------
 Total error:                            2.23655e-03    0
============================================================


============================================================
                    Energy                 Update      Done 
------------------------------------------------------------
 Kinetic      7.608458104013522e+01     -1.05205e-02    0
 N-E         -1.988184680736738e+02      2.45091e-02    0
 Coulomb      4.652259770467774e+01     -1.83397e-02    0
 Exchange     0.000000000000000e+00      0.00000e+00    1
 X-C         -9.225998371090107e+00      1.76390e-03    0
------------------------------------------------------------
 Total       -8.543728769995099e+01     -2.58727e-03    0
============================================================


################ Elapsed time:  8.27548e+00 ################




####################### SCF cycle 10 #######################


============================================================
 Current precision                              1.00000e-04
------------------------------------------------------------
 Orbital threshold                              1.00000e-03
 Property threshold                             1.00000e-05
============================================================


============================================================
               Calculating Electronic Energy
------------------------------------------------------------
 Electronic energy                   -8.544001811353985e+01
------------------------------------------------------------
 Elapsed time:         user   2.520e+00    wall   1.592e-01
============================================================


============================================================
              Initializing Helmholtz Operators
------------------------------------------------------------
 Re-using operator with lambda                 -1.87589e+01
 Creating operator with lambda                 -9.27941e-01
 Creating operator with lambda                 -4.73584e-01
 Creating operator with lambda                 -3.45195e-01
 Creating operator with lambda                 -2.67983e-01
------------------------------------------------------------
 Elapsed time:         user   6.000e+00    wall   4.009e-01
============================================================


============================================================
                Applying Helmholtz Operators
------------------------------------------------------------
 Orb    OrbNorm       NormDiff       nNodes         Timing   
------------------------------------------------------------
  0   9.99892e-01   1.07891e-04       488       6.79527e-01
  1   9.99374e-01   6.26310e-04       456       6.02167e-01
  2   1.00167e+00   1.66570e-03       360       4.89236e-01
  3   1.00052e+00   5.22773e-04       456       5.69276e-01
  4   9.97467e-01   2.53263e-03       360       4.46173e-01
------------------------------------------------------------
 Elapsed time:         user   4.377e+01    wall   2.787e+00
============================================================


============================================================
               Iterative subspace accelerator
------------------------------------------------------------
 Push back orbitals                             3.32560e-05
 Copy orbitals                                  9.81283e-03
 Copy orbital updates                           9.86031e-03
------------------------------------------------------------
 Elapsed time:         user   3.100e-01    wall   1.984e-02
============================================================


============================================================
                  Setting up Fock operator
------------------------------------------------------------
 Nuclear potential                    1992      2.33383e-01
 Coulomb density                       552      5.97510e-02
 Coulomb potential                     424      3.99509e-01
 XC density                            552      5.92753e-02
 XC density gradient                  1656      3.00601e-02
 XC preprocess xcfun                  1104      3.54322e-02
 XC evaluate xcfun                    1656      2.40990e+00
 XC energy                             552      5.92270e-05
 XC potential                          552      7.17332e-02
------------------------------------------------------------
 Elapsed time:         user   2.059e+01    wall   3.303e+00
============================================================


============================================================
                          Orbitals
------------------------------------------------------------
 Orb    F(i,i)        Error         nNodes  Spin  Occ  Done 
------------------------------------------------------------
  0  -1.87557e+01   2.05240e-04        488    u    2    1
  1  -9.25677e-01   4.45858e-04        456    u    2    1
  2  -4.75936e-01   7.05173e-04        456    u    2    1
  3  -3.44885e-01   6.94611e-04        456    u    2    1
  4  -2.64692e-01   1.49387e-03        360    u    2    0
------------------------------------------------------------
 Total error:                            1.85804e-03    0
============================================================


============================================================
                    Energy                 Update      Done 
------------------------------------------------------------
 Kinetic      7.609334717105114e+01      8.76613e-03    0
 N-E         -1.988365500683570e+02     -1.80820e-02    0
 Coulomb      4.653040370772744e+01      7.80600e-03    0
 Exchange     0.000000000000000e+00      0.00000e+00    1
 X-C         -9.227218923961418e+00     -1.22055e-03    0
------------------------------------------------------------
 Total       -8.544001811353985e+01     -2.73041e-03    0
============================================================


################ Elapsed time:  8.08775e+00 ################




####################### SCF cycle 11 #######################


============================================================
 Current precision                              1.00000e-04
------------------------------------------------------------
 Orbital threshold                              1.00000e-03
 Property threshold                             1.00000e-05
============================================================


============================================================
               Calculating Electronic Energy
------------------------------------------------------------
 Electronic energy                   -8.542793430346984e+01
------------------------------------------------------------
 Elapsed time:         user   2.570e+00    wall   1.618e-01
============================================================


============================================================
              Initializing Helmholtz Operators
------------------------------------------------------------
 Re-using operator with lambda                 -1.87589e+01
 Creating operator with lambda                 -9.25677e-01
 Creating operator with lambda                 -4.75936e-01
 Creating operator with lambda                 -3.44885e-01
 Creating operator with lambda                 -2.64692e-01
------------------------------------------------------------
 Elapsed time:         user   6.000e+00    wall   4.022e-01
============================================================


============================================================
                Applying Helmholtz Operators
------------------------------------------------------------
 Orb    OrbNorm       NormDiff       nNodes         Timing   
------------------------------------------------------------
  0   1.00002e+00   1.78657e-05       488       6.64804e-01
  1   1.00033e+00   3.33215e-04       456       6.48876e-01
  2   9.99536e-01   4.63948e-04       360       4.49593e-01
  3   1.00040e+00   3.95391e-04       456       5.80796e-01
  4   1.00095e+00   9.45124e-04       360       4.59581e-01
------------------------------------------------------------
 Elapsed time:         user   4.441e+01    wall   2.804e+00
============================================================


============================================================
               Iterative subspace accelerator
------------------------------------------------------------
 Push back orbitals                             1.13028e-02
 Setup linear system                            5.10640e-02
 Solve linear system                            1.08180e-05
 Expand solution                                3.68708e-02
------------------------------------------------------------
 Elapsed time:         user   1.550e+00    wall   9.942e-02
============================================================


============================================================
                  Setting up Fock operator
------------------------------------------------------------
 Nuclear potential                    1992      2.42735e-01
 Coulomb density                       552      5.89366e-02
 Coulomb potential                     424      3.97369e-01
 XC density                            552      5.70078e-02
 XC density gradient                  1656      2.98208e-02
 XC preprocess xcfun                  1104      3.51150e-02
 XC evaluate xcfun                    1656      2.41441e+00
 XC energy                             552      5.95910e-05
 XC potential                          552      7.00931e-02
------------------------------------------------------------
 Elapsed time:         user   2.119e+01    wall   3.309e+00
============================================================


============================================================
                          Orbitals
------------------------------------------------------------
 Orb    F(i,i)        Error         nNodes  Spin  Occ  Done 
------------------------------------------------------------
  0  -1.87582e+01   5.60954e-05        488    u    2    1
  1  -9.26674e-01   4.20611e-04        456    u    2    1
  2  -4.76459e-01   4.34130e-04        360    u    2    1
  3  -3.45704e-01   4.16561e-04        456    u    2    1
  4  -2.65784e-01   9.82429e-04        360    u    2    1
------------------------------------------------------------
 Total error:                            1.22769e-03    1
============================================================


============================================================
                    Energy                 Update      Done 
------------------------------------------------------------
 Kinetic      7.612118965977388e+01      2.78425e-02    0
 N-E         -1.988567590776268e+02     -2.02090e-02    0
 Coulomb      4.653586466856293e+01      5.46096e-03    0
 Exchange     0.000000000000000e+00      0.00000e+00    1
 X-C         -9.228229554179855e+00     -1.01063e-03    0
------------------------------------------------------------
 Total       -8.542793430346984e+01      1.20838e-02    0
============================================================


################ Elapsed time:  8.11631e+00 ################


============================================================
                      Convergence rate
------------------------------------------------------------
Iter   Orb Error       Property                     Update  
------------------------------------------------------------
  1    1.17217e+00    -7.194357001582199e+01    -7.19436e+01
  2    3.90832e-01    -8.457940792723450e+01    -1.26358e+01
  3    2.27588e-01    -8.521284552230124e+01    -6.33438e-01
  4    1.12072e-01    -8.537721474726649e+01    -1.64369e-01
  5    6.11997e-02    -8.541056025388848e+01    -3.33455e-02
  6    2.86717e-02    -8.542057498419766e+01    -1.00147e-02
  7    4.26426e-02    -8.542409238562618e+01    -3.51740e-03
  8    3.89486e-03    -8.543470043477743e+01    -1.06080e-02
  9    2.23655e-03    -8.543728769995099e+01    -2.58727e-03
 10    1.85804e-03    -8.544001811353985e+01    -2.73041e-03
 11    1.22769e-03    -8.542793430346984e+01     1.20838e-02
------------------------------------------------------------
                      SCF converged!!!                      
============================================================




####################### SCF cycle  1 #######################


============================================================
 Current precision                              1.00000e-04
------------------------------------------------------------
 Orbital threshold                              1.00000e-03
 Property threshold                             1.00000e-05
============================================================


============================================================
                  Setting up Fock operator
------------------------------------------------------------
 Nuclear potential                    1992      2.33533e-01
 Coulomb density                       552      5.78921e-02
 Coulomb potential                     424      3.95286e-01
 XC density                            552      5.66158e-02
 XC density gradient                  1656      3.01112e-02
 XC preprocess xcfun                  1104      3.53445e-02
 XC evaluate xcfun                    1656      2.42670e+00
 XC energy                             552      6.04700e-05
 XC potential                          552      7.30558e-02
------------------------------------------------------------
 Elapsed time:         user   1.960e+01    wall   3.312e+00
============================================================


============================================================
               Calculating Electronic Energy
------------------------------------------------------------
 Electronic energy                   -8.542890173078598e+01
------------------------------------------------------------
 Elapsed time:         user   2.450e+00    wall   1.543e-01
============================================================


============================================================
              Initializing Helmholtz Operators
------------------------------------------------------------
 Re-using operator with lambda                 -1.87589e+01
 Creating operator with lambda                 -9.26674e-01
 Creating operator with lambda                 -4.76459e-01
 Creating operator with lambda                 -3.45704e-01
 Creating operator with lambda                 -2.65784e-01
------------------------------------------------------------
 Elapsed time:         user   6.040e+00    wall   4.008e-01
============================================================


============================================================
                Applying Helmholtz Operators
------------------------------------------------------------
 Orb    OrbNorm       NormDiff       nNodes         Timing   
------------------------------------------------------------
  0   1.00000e+00   2.48700e-06       488       6.54646e-01
  1   1.00004e+00   4.33307e-05       456       6.19489e-01
  2   9.99621e-01   3.78808e-04       360       4.49339e-01
  3   1.00002e+00   1.66314e-05       456       5.73484e-01
  4   1.00009e+00   9.07429e-05       360       4.51565e-01
------------------------------------------------------------
 Elapsed time:         user   4.348e+01    wall   2.749e+00
============================================================


============================================================
                Computing Fock matrix update
------------------------------------------------------------
 Nuclear potential matrix                       8.73497e-02
 Fock matrix n                                  1.74238e-01
                                                            
 Coulomb density                       552      5.71055e-02
 Coulomb potential                     424      4.15443e-01
 XC density                            552      5.72498e-02
 XC density gradient                  1656      2.94765e-02
 XC preprocess xcfun                  1104      3.49978e-02
 XC evaluate xcfun                    1656      2.42356e+00
 XC energy                             552      5.81780e-05
 XC potential                          552      7.30440e-02
                                                            
 Fock matrix n+1                                3.53690e-01
------------------------------------------------------------
 Elapsed time:         user   2.854e+01    wall   3.881e+00
============================================================


============================================================
                          Orbitals
------------------------------------------------------------
 Orb    F(i,i)        Error         nNodes  Spin  Occ  Done 
------------------------------------------------------------
  0  -1.87579e+01   2.53759e-05        488    u    2    1
  1  -9.26379e-01   2.00060e-04        456    u    2    1
  2  -4.76417e-01   7.53752e-04        360    u    2    1
  3  -3.45504e-01   3.73141e-04        456    u    2    1
  4  -2.65454e-01   3.23993e-04        360    u    2    1
------------------------------------------------------------
 Total error:                            9.23588e-04    1
============================================================


============================================================
                    Energy                 Update      Done 
------------------------------------------------------------
 Kinetic      7.610585999554652e+01      7.61059e+01    0
 N-E         -1.988325665066922e+02     -1.98833e+02    0
 Coulomb      4.652448827115774e+01      4.65245e+01    0
 Exchange     0.000000000000000e+00      0.00000e+00    1
 X-C         -9.226683490798081e+00     -9.22668e+00    0
------------------------------------------------------------
 Total       -8.542890173078598e+01     -8.54289e+01    0
============================================================


################ Elapsed time:  1.06040e+01 ################




####################### SCF cycle  2 #######################


============================================================
 Current precision                              1.00000e-04
------------------------------------------------------------
 Orbital threshold                              1.00000e-03
 Property threshold                             1.00000e-05
============================================================


============================================================
                  Setting up Fock operator
------------------------------------------------------------
 Nuclear potential                    1992      2.33265e-01
 Coulomb density                       552      5.79695e-02
 Coulomb potential                     424      3.97118e-01
 XC density                            552      5.72742e-02
 XC density gradient                  1656      3.04270e-02
 XC preprocess xcfun                  1104      3.52354e-02
 XC evaluate xcfun                    1656      2.42694e+00
 XC energy                             552      5.82390e-05
 XC potential                          552      7.11499e-02
------------------------------------------------------------
 Elapsed time:         user   2.013e+01    wall   3.313e+00
============================================================


============================================================
               Calculating Electronic Energy
------------------------------------------------------------
 Electronic energy                   -8.542786997066150e+01
------------------------------------------------------------
 Elapsed time:         user   2.430e+00    wall   1.541e-01
============================================================


============================================================
              Initializing Helmholtz Operators
------------------------------------------------------------
 Re-using operator with lambda                 -1.87589e+01
 Creating operator with lambda                 -9.26379e-01
 Re-using operator with lambda                 -4.76459e-01
 Creating operator with lambda                 -3.45504e-01
 Creating operator with lambda                 -2.65454e-01
------------------------------------------------------------
 Elapsed time:         user   4.480e+00    wall   3.004e-01
============================================================


============================================================
                Applying Helmholtz Operators
------------------------------------------------------------
 Orb    OrbNorm       NormDiff       nNodes         Timing   
------------------------------------------------------------
  0   1.00000e+00   3.53465e-06       488       6.69679e-01
  1   1.00006e+00   5.97280e-05       456       6.55911e-01
  2   9.99776e-01   2.23930e-04       360       4.51577e-01
  3   1.00013e+00   1.29838e-04       456       5.75206e-01
  4   1.00021e+00   2.13814e-04       360       4.50756e-01
------------------------------------------------------------
 Elapsed time:         user   4.425e+01    wall   2.803e+00
============================================================


============================================================
                Computing Fock matrix update
------------------------------------------------------------
 Nuclear potential matrix                       8.65643e-02
 Fock matrix n                                  1.73583e-01
                                                            
 Coulomb density                       552      5.68196e-02
 Coulomb potential                     424      4.36412e-01
 XC density                            552      5.65422e-02
 XC density gradient                  1656      2.94298e-02
 XC preprocess xcfun                  1104      3.50185e-02
 XC evaluate xcfun                    1656      2.43520e+00
 XC energy                             552      5.59130e-05
 XC potential                          552      6.94700e-02
                                                            
 Fock matrix n+1                                3.54456e-01
------------------------------------------------------------
 Elapsed time:         user   2.974e+01    wall   3.907e+00
============================================================


============================================================
                          Orbitals
------------------------------------------------------------
 Orb    F(i,i)        Error         nNodes  Spin  Occ  Done 
------------------------------------------------------------
  0  -1.87585e+01   6.97244e-06        488    u    2    1
  1  -9.26588e-01   1.57257e-04        456    u    2    1
  2  -4.76572e-01   3.56959e-04        360    u    2    1
  3  -3.45690e-01   2.89291e-04        456    u    2    1
  4  -2.65662e-01   3.70908e-04        360    u    2    1
------------------------------------------------------------
 Total error:                            6.11114e-04    1
============================================================


============================================================
                    Energy                 Update      Done 
------------------------------------------------------------
 Kinetic      7.610568009912610e+01     -1.79896e-04    1
 N-E         -1.988325485547333e+02      1.79520e-05    1
 Coulomb      4.652582205549675e+01      1.33378e-03    0
 Exchange     0.000000000000000e+00      0.00000e+00    1
 X-C         -9.226823570551101e+00     -1.40080e-04    0
------------------------------------------------------------
 Total       -8.542786997066150e+01      1.03176e-03    0
============================================================


################ Elapsed time:  1.05844e+01 ################




####################### SCF cycle  3 #######################


============================================================
 Current precision                              1.00000e-04
------------------------------------------------------------
 Orbital threshold                              1.00000e-03
 Property threshold                             1.00000e-05
============================================================


============================================================
                  Setting up Fock operator
------------------------------------------------------------
 Nuclear potential                    1992      2.33903e-01
 Coulomb density                       552      5.75936e-02
 Coulomb potential                     424      3.96693e-01
 XC density                            552      5.68822e-02
 XC density gradient                  1656      2.98542e-02
 XC preprocess xcfun                  1104      3.53009e-02
 XC evaluate xcfun                    1656      2.42971e+00
 XC energy                             552      6.04630e-05
 XC potential                          552      7.40385e-02
------------------------------------------------------------
 Elapsed time:         user   2.083e+01    wall   3.318e+00
============================================================


============================================================
               Calculating Electronic Energy
------------------------------------------------------------
 Electronic energy                   -8.542798060369159e+01
------------------------------------------------------------
 Elapsed time:         user   2.440e+00    wall   1.541e-01
============================================================


============================================================
              Initializing Helmholtz Operators
------------------------------------------------------------
 Re-using operator with lambda                 -1.87589e+01
 Creating operator with lambda                 -9.26588e-01
 Creating operator with lambda                 -4.76572e-01
 Creating operator with lambda                 -3.45690e-01
 Creating operator with lambda                 -2.65662e-01
------------------------------------------------------------
 Elapsed time:         user   7.190e+00    wall   5.002e-01
============================================================


============================================================
                Applying Helmholtz Operators
------------------------------------------------------------
 Orb    OrbNorm       NormDiff       nNodes         Timing   
------------------------------------------------------------
  0   9.99999e-01   8.82657e-07       488       7.01689e-01
  1   9.99997e-01   3.47905e-06       456       6.26360e-01
  2   9.99827e-01   1.72887e-04       360       4.42290e-01
  3   1.00004e+00   3.50148e-05       456       5.74000e-01
  4   1.00002e+00   2.22039e-05       360       4.51118e-01
------------------------------------------------------------
 Elapsed time:         user   4.405e+01    wall   2.796e+00
============================================================


============================================================
                Computing Fock matrix update
------------------------------------------------------------
 Nuclear potential matrix                       8.48677e-02
 Fock matrix n                                  1.70190e-01
                                                            
 Coulomb density                       552      5.61177e-02
 Coulomb potential                     424      3.98775e-01
 XC density                            552      5.60372e-02
 XC density gradient                  1656      2.97597e-02
 XC preprocess xcfun                  1104      3.46208e-02
 XC evaluate xcfun                    1656      2.44240e+00
 XC energy                             552      5.88910e-05
 XC potential                          552      6.83432e-02
                                                            
 Fock matrix n+1                                3.43767e-01
------------------------------------------------------------
 Elapsed time:         user   3.014e+01    wall   3.853e+00
============================================================


============================================================
                          Orbitals
------------------------------------------------------------
 Orb    F(i,i)        Error         nNodes  Spin  Occ  Done 
------------------------------------------------------------
  0  -1.87582e+01   6.32953e-06        488    u    2    1
  1  -9.26419e-01   3.35802e-05        456    u    2    1
  2  -4.76455e-01   2.82684e-04        360    u    2    1
  3  -3.45558e-01   1.51907e-04        456    u    2    1
  4  -2.65524e-01   4.41415e-05        360    u    2    1
------------------------------------------------------------
 Total error:                            3.25733e-04    1
============================================================


============================================================
                    Energy                 Update      Done 
------------------------------------------------------------
 Kinetic      7.610201479649206e+01     -3.66530e-03    0
 N-E         -1.988265969524332e+02      5.95160e-03    0
 Coulomb      4.652303910675710e+01     -2.78295e-03    0
 Exchange     0.000000000000000e+00      0.00000e+00    1
 X-C         -9.226437554507582e+00      3.86016e-04    0
------------------------------------------------------------
 Total       -8.542798060369159e+01     -1.10633e-04    1
============================================================


################ Elapsed time:  1.07233e+01 ################


============================================================
                      Convergence rate
------------------------------------------------------------
Iter   Orb Error       Property                     Update  
------------------------------------------------------------
  1    9.23588e-04    -8.542890173078598e+01    -8.54289e+01
  2    6.11114e-04    -8.542786997066150e+01     1.03176e-03
  3    3.25733e-04    -8.542798060369159e+01    -1.10633e-04
------------------------------------------------------------
                      SCF converged!!!                      
============================================================


============================================================
                  Setting up Fock operator
------------------------------------------------------------
 Nuclear potential                    1992      2.33354e-01
 Coulomb density                       552      5.78310e-02
 Coulomb potential                     424      3.98690e-01
 XC density                            552      5.62528e-02
 XC density gradient                  1656      3.01480e-02
 XC preprocess xcfun                  1104      3.48035e-02
 XC evaluate xcfun                    1656      2.41469e+00
 XC energy                             552      5.54490e-05
 XC potential                          552      7.20315e-02
------------------------------------------------------------
 Elapsed time:         user   1.938e+01    wall   3.301e+00
============================================================


============================================================
                 Calculating Nuclear Energy
------------------------------------------------------------
 Nuclear energy                       9.039235444235468e+00
------------------------------------------------------------
 Elapsed time:         user   0.000e+00    wall   1.754e-05
============================================================


============================================================
               Calculating Electronic Energy
------------------------------------------------------------
 Electronic energy                   -8.542774250162392e+01
------------------------------------------------------------
 Elapsed time:         user   2.430e+00    wall   1.531e-01
============================================================


============================================================
                        Fock matrix
------------------------------------------------------------
-1.87582e+01  1.02416e-03 -9.55795e-09  7.33155e-04 -1.22740e-09
 1.02568e-03 -9.26419e-01  1.11869e-08 -4.05918e-04  1.24106e-09
-8.61735e-09  1.13830e-08 -4.76455e-01 -1.10364e-08  1.01146e-08
 7.33761e-04 -4.05918e-04 -1.11107e-08 -3.45558e-01  4.43934e-09
-1.21717e-09  1.24090e-09  1.01148e-08  4.43907e-09 -2.65524e-01
============================================================


============================================================
                      Orbital energies
------------------------------------------------------------
    n  spin  occ                            epsilon  
------------------------------------------------------------
    0    u    2                      -1.875817951013173e+01
    1    u    2                      -9.264190838653144e-01
    2    u    2                      -4.764547003003252e-01
    3    u    2                      -3.455571938445652e-01
    4    u    2                      -2.655242213136815e-01
============================================================


============================================================
                          Molecule
------------------------------------------------------------
 Nr  Element             x             y             z      
------------------------------------------------------------
  1     O           0.00000e+00   0.00000e+00  -1.25000e-01
  2     H          -1.43750e+00   0.00000e+00   1.02500e+00
  3     H           1.43750e+00   0.00000e+00   1.02500e+00
------------------------------------------------------------
 Center of mass:    0.00000e+00   0.00000e+00   3.68310e-03
============================================================


                                                            
============================================================
                         SCF Energy                         
------------------------------------------------------------
 Sum orbital energy:                 -4.154426941891121e+01
 Kinetic energy:                      7.610296901173639e+01
 E-N energy:                         -1.988287849210563e+02
 Coulomb energy:                      4.652470273585423e+01
 Exchange energy:                     0.000000000000000e+00
 X-C energy:                         -9.226629328158218e+00
------------------------------------------------------------
 Electronic energy                   -8.542774250162392e+01
 Nuclear energy                       9.039235444235468e+00
------------------------------------------------------------
 Total energy       (au)             -7.638850705738845e+01
                    (kJ/mol)         -2.005579962515407e+05
                    (kcal/mol)       -4.793451150128458e+04
                    (eV)             -2.078637078933240e+03
============================================================
                                                            

                                                            
============================================================
                         Dipole moment                      
------------------------------------------------------------
 Length of vector:   (au)                  7.1882128927e-01
                     (Debye)               1.8270613028e+00
------------------------------------------------------------
   5.6830813212e-09   -3.1691106627e-08    7.1882128927e-01
============================================================
                                                            



************************************************************
***                                                      ***
***                    Exiting MRChem                    ***
***                                                      ***
***                 Wall:   1.315504e+02                 ***
***                 User:   1.469910e+03                 ***
***                 System: 2.759000e+01                 ***
***                                                      ***
************************************************************


