[b4132:242813:0:242813] Caught signal 11 (Segmentation fault: address not mapped to object at address 0x1fc)
[b4134:95789:0:95789] Caught signal 11 (Segmentation fault: address not mapped to object at address 0x1fc)
[b4125:88635:0:88635] Caught signal 11 (Segmentation fault: address not mapped to object at address 0x1fc)
[b4126:88715:0:88715] Caught signal 11 (Segmentation fault: address not mapped to object at address 0x1fc)
[b4125:88634:0:88634] Caught signal 11 (Segmentation fault: address not mapped to object at address 0x1fc)
[b4126:88714:0:88714] Caught signal 11 (Segmentation fault: address not mapped to object at address 0x1fc)
[b4132:242812:0:242812] Caught signal 11 (Segmentation fault: address not mapped to object at address 0x1fc)
[b4132:242811:0:242811] Caught signal 11 (Segmentation fault: address not mapped to object at address 0x1fc)
[b4125:88630:0:88630] Caught signal 11 (Segmentation fault: address not mapped to object at address 0x1fc)
[b4132:242810:0:242810] Caught signal 11 (Segmentation fault: address not mapped to object at address 0x1fc)
[b4125:88633:0:88633] Caught signal 11 (Segmentation fault: address not mapped to object at address 0x1fc)
[b4132:242809:0:242809] Caught signal 11 (Segmentation fault: address not mapped to object at address 0x1fc)
[b4134:95786:0:95786] Caught signal 11 (Segmentation fault: address not mapped to object at address 0x1fc)
[b4125:88632:0:88632] Caught signal 11 (Segmentation fault: address not mapped to object at address 0x1fc)
[b4134:95788:0:95788] Caught signal 11 (Segmentation fault: address not mapped to object at address 0x1fc)
[b4134:95787:0:95787] Caught signal 11 (Segmentation fault: address not mapped to object at address 0x1fc)
[b4126:88711:0:88711] Caught signal 11 (Segmentation fault: address not mapped to object at address 0x1fc)
[b4126:88713:0:88713] Caught signal 11 (Segmentation fault: address not mapped to object at address 0x1fc)
[b4134:95785:0:95785] Caught signal 11 (Segmentation fault: address not mapped to object at address 0x1fc)
[b4126:88710:0:88710] Caught signal 11 (Segmentation fault: address not mapped to object at address 0x1fc)
[b4125:88631:0:88631] Caught signal 11 (Segmentation fault: address not mapped to object at address 0x1fc)
[b4126:88712:0:88712] Caught signal 11 (Segmentation fault: address not mapped to object at address 0x1fc)
==== backtrace (tid: 242813) ====
 0 0x0000000000135ea6 mrcpp::MWTree<3>::clear()  ???:0
 1 0x00000000004b1bf6 mrchem::SCRF::nestedSCRF()  ???:0
 2 0x00000000004b2a4b mrchem::SCRF::setup()  ???:0
 3 0x0000000000531f40 mrchem::ReactionPotential::setup()  ???:0
 4 0x000000000055df17 mrchem::RankZeroOperator::setup()  ???:0
 5 0x0000000000528f3c mrchem::FockBuilder::setup()  ???:0
 6 0x0000000000547b7e mrchem::GroundStateSolver::optimize[abi:cxx11]()  ???:0
 7 0x000000000044648a mrchem::driver::scf::run()  ???:0
 8 0x000000000042b5f9 main()  ???:0
 9 0x0000000000022545 __libc_start_main()  ???:0
10 0x0000000000430370 _start()  ???:0
=================================
[b4132:242813] *** Process received signal ***
[b4132:242813] Signal: Segmentation fault (11)
[b4132:242813] Signal code:  (-6)
[b4132:242813] Failing at address: 0x316cf0003b47d
==== backtrace (tid: 242810) ====
 0 0x0000000000135ea6 mrcpp::MWTree<3>::clear()  ???:0
 1 0x00000000004b1bf6 mrchem::SCRF::nestedSCRF()  ???:0
 2 0x00000000004b2a4b mrchem::SCRF::setup()  ???:0
 3 0x0000000000531f40 mrchem::ReactionPotential::setup()  ???:0
 4 0x000000000055df17 mrchem::RankZeroOperator::setup()  ???:0
 5 0x0000000000528f3c mrchem::FockBuilder::setup()  ???:0
 6 0x0000000000547b7e mrchem::GroundStateSolver::optimize[abi:cxx11]()  ???:0
 7 0x000000000044648a mrchem::driver::scf::run()  ???:0
 8 0x000000000042b5f9 main()  ???:0
 9 0x0000000000022545 __libc_start_main()  ???:0
10 0x0000000000430370 _start()  ???:0
=================================
[b4132:242810] *** Process received signal ***
[b4132:242810] Signal: Segmentation fault (11)
[b4132:242810] Signal code:  (-6)
[b4132:242810] Failing at address: 0x316cf0003b47a
[b4132:242813] [ 0] /usr/lib64/libpthread.so.0(+0xf630)[0x2b76959bd630]
[b4132:242813] [ 1] [b4132:242810] [ 0] /usr/lib64/libpthread.so.0(+0xf630)[0x2ba0d78b1630]
[b4132:242810] [ 1] /cluster/home/gabrielgerez/repos/mrchem/build_orig/lib64/libmrcpp.so.1(_ZN5mrcpp6MWTreeILi3EE5clearEv+0x16)[0x2b76958deea6]
[b4132:242813] [ 2] /cluster/home/gabrielgerez/repos/mrchem/build_orig/bin/mrchem.x[0x4b1bf6]
[b4132:242813] [ 3] /cluster/home/gabrielgerez/repos/mrchem/build_orig/bin/mrchem.x[0x4b2a4b]
[b4132:242813] [ 4] /cluster/home/gabrielgerez/repos/mrchem/build_orig/bin/mrchem.x[0x531f40]
[b4132:242813] [ 5] /cluster/home/gabrielgerez/repos/mrchem/build_orig/bin/mrchem.x[0x55df17]
[b4132:242813] [ 6] /cluster/home/gabrielgerez/repos/mrchem/build_orig/bin/mrchem.x[0x528f3c]
[b4132:242813] [ 7] /cluster/home/gabrielgerez/repos/mrchem/build_orig/bin/mrchem.x[0x547b7e]
[b4132:242813] [ 8] /cluster/home/gabrielgerez/repos/mrchem/build_orig/lib64/libmrcpp.so.1(_ZN5mrcpp6MWTreeILi3EE5clearEv+0x16)[0x2ba0d77d2ea6]
[b4132:242810] [ 2] /cluster/home/gabrielgerez/repos/mrchem/build_orig/bin/mrchem.x[0x4b1bf6]
[b4132:242810] [ 3] /cluster/home/gabrielgerez/repos/mrchem/build_orig/bin/mrchem.x[0x4b2a4b]
[b4132:242810] [ 4] /cluster/home/gabrielgerez/repos/mrchem/build_orig/bin/mrchem.x[0x531f40]
[b4132:242810] [ 5] /cluster/home/gabrielgerez/repos/mrchem/build_orig/bin/mrchem.x[0x55df17]
[b4132:242810] /cluster/home/gabrielgerez/repos/mrchem/build_orig/bin/mrchem.x[0x44648a]
[b4132:242813] [ 9] /cluster/home/gabrielgerez/repos/mrchem/build_orig/bin/mrchem.x[0x42b5f9]
[b4132:242813] [10] /usr/lib64/libc.so.6(__libc_start_main+0xf5)[0x2b7696113545]
[b4132:242813] [11] /cluster/home/gabrielgerez/repos/mrchem/build_orig/bin/mrchem.x[0x430370]
[b4132:242813] *** End of error message ***
[ 6] /cluster/home/gabrielgerez/repos/mrchem/build_orig/bin/mrchem.x[0x528f3c]
[b4132:242810] [ 7] /cluster/home/gabrielgerez/repos/mrchem/build_orig/bin/mrchem.x[0x547b7e]
[b4132:242810] [ 8] /cluster/home/gabrielgerez/repos/mrchem/build_orig/bin/mrchem.x[0x44648a]
[b4132:242810] [ 9] /cluster/home/gabrielgerez/repos/mrchem/build_orig/bin/mrchem.x[0x42b5f9]
[b4132:242810] [10] /usr/lib64/libc.so.6(__libc_start_main+0xf5)[0x2ba0d8007545]
[b4132:242810] [11] /cluster/home/gabrielgerez/repos/mrchem/build_orig/bin/mrchem.x[0x430370]
[b4132:242810] *** End of error message ***
==== backtrace (tid: 242812) ====
 0 0x0000000000135ea6 mrcpp::MWTree<3>::clear()  ???:0
 1 0x00000000004b1bf6 mrchem::SCRF::nestedSCRF()  ???:0
 2 0x00000000004b2a4b mrchem::SCRF::setup()  ???:0
 3 0x0000000000531f40 mrchem::ReactionPotential::setup()  ???:0
 4 0x000000000055df17 mrchem::RankZeroOperator::setup()  ???:0
 5 0x0000000000528f3c mrchem::FockBuilder::setup()  ???:0
 6 0x0000000000547b7e mrchem::GroundStateSolver::optimize[abi:cxx11]()  ???:0
 7 0x000000000044648a mrchem::driver::scf::run()  ???:0
 8 0x000000000042b5f9 main()  ???:0
 9 0x0000000000022545 __libc_start_main()  ???:0
10 0x0000000000430370 _start()  ???:0
=================================
[b4132:242812] *** Process received signal ***
[b4132:242812] Signal: Segmentation fault (11)
[b4132:242812] Signal code:  (-6)
[b4132:242812] Failing at address: 0x316cf0003b47c
==== backtrace (tid: 242811) ====
 0 0x0000000000135ea6 mrcpp::MWTree<3>::clear()  ???:0
 1 0x00000000004b1bf6 mrchem::SCRF::nestedSCRF()  ???:0
 2 0x00000000004b2a4b mrchem::SCRF::setup()  ???:0
 3 0x0000000000531f40 mrchem::ReactionPotential::setup()  ???:0
 4 0x000000000055df17 mrchem::RankZeroOperator::setup()  ???:0
 5 0x0000000000528f3c mrchem::FockBuilder::setup()  ???:0
 6 0x0000000000547b7e mrchem::GroundStateSolver::optimize[abi:cxx11]()  ???:0
 7 0x000000000044648a mrchem::driver::scf::run()  ???:0
 8 0x000000000042b5f9 main()  ???:0
 9 0x0000000000022545 __libc_start_main()  ???:0
10 0x0000000000430370 _start()  ???:0
=================================
[b4132:242812] [ 0] /usr/lib64/libpthread.so.0(+0xf630)[0x2b772b7b3630]
[b4132:242812] [ 1] [b4132:242811] *** Process received signal ***
[b4132:242811] Signal: Segmentation fault (11)
[b4132:242811] Signal code:  (-6)
[b4132:242811] Failing at address: 0x316cf0003b47b
/cluster/home/gabrielgerez/repos/mrchem/build_orig/lib64/libmrcpp.so.1(_ZN5mrcpp6MWTreeILi3EE5clearEv+0x16)[0x2b772b6d4ea6]
[b4132:242812] [ 2] /cluster/home/gabrielgerez/repos/mrchem/build_orig/bin/mrchem.x[0x4b1bf6]
[b4132:242812] [ 3] /cluster/home/gabrielgerez/repos/mrchem/build_orig/bin/mrchem.x[0x4b2a4b]
[b4132:242812] [ 4] [b4132:242811] [ 0] /usr/lib64/libpthread.so.0(+0xf630)[0x2b69fcb41630]
[b4132:242811] [ 1] /cluster/home/gabrielgerez/repos/mrchem/build_orig/bin/mrchem.x[0x531f40]
[b4132:242812] [ 5] /cluster/home/gabrielgerez/repos/mrchem/build_orig/bin/mrchem.x[0x55df17]
[b4132:242812] [ 6] /cluster/home/gabrielgerez/repos/mrchem/build_orig/bin/mrchem.x[0x528f3c]
[b4132:242812] [ 7] /cluster/home/gabrielgerez/repos/mrchem/build_orig/bin/mrchem.x[0x547b7e]
[b4132:242812] [ 8] /cluster/home/gabrielgerez/repos/mrchem/build_orig/bin/mrchem.x[0x44648a]
[b4132:242812] [ 9] /cluster/home/gabrielgerez/repos/mrchem/build_orig/bin/mrchem.x[0x42b5f9]
[b4132:242812] [10] /usr/lib64/libc.so.6(__libc_start_main+0xf5)[0x2b772bf09545]
[b4132:242812] [11] /cluster/home/gabrielgerez/repos/mrchem/build_orig/bin/mrchem.x[0x430370]
[b4132:242812] *** End of error message ***
/cluster/home/gabrielgerez/repos/mrchem/build_orig/lib64/libmrcpp.so.1(_ZN5mrcpp6MWTreeILi3EE5clearEv+0x16)[0x2b69fca62ea6]
[b4132:242811] [ 2] /cluster/home/gabrielgerez/repos/mrchem/build_orig/bin/mrchem.x[0x4b1bf6]
[b4132:242811] [ 3] /cluster/home/gabrielgerez/repos/mrchem/build_orig/bin/mrchem.x[0x4b2a4b]
[b4132:242811] [ 4] /cluster/home/gabrielgerez/repos/mrchem/build_orig/bin/mrchem.x[0x531f40]
[b4132:242811] [ 5] /cluster/home/gabrielgerez/repos/mrchem/build_orig/bin/mrchem.x[0x55df17]
[b4132:242811] [ 6] /cluster/home/gabrielgerez/repos/mrchem/build_orig/bin/mrchem.x[0x528f3c]
[b4132:242811] [ 7] /cluster/home/gabrielgerez/repos/mrchem/build_orig/bin/mrchem.x[0x547b7e]
[b4132:242811] [ 8] /cluster/home/gabrielgerez/repos/mrchem/build_orig/bin/mrchem.x[0x44648a]
[b4132:242811] [ 9] /cluster/home/gabrielgerez/repos/mrchem/build_orig/bin/mrchem.x[0x42b5f9]
[b4132:242811] [10] /usr/lib64/libc.so.6(__libc_start_main+0xf5)[0x2b69fd297545]
[b4132:242811] [11] /cluster/home/gabrielgerez/repos/mrchem/build_orig/bin/mrchem.x[0x430370]
[b4132:242811] *** End of error message ***
==== backtrace (tid: 242809) ====
 0 0x0000000000135ea6 mrcpp::MWTree<3>::clear()  ???:0
 1 0x00000000004b1bf6 mrchem::SCRF::nestedSCRF()  ???:0
 2 0x00000000004b2a4b mrchem::SCRF::setup()  ???:0
 3 0x0000000000531f40 mrchem::ReactionPotential::setup()  ???:0
 4 0x000000000055df17 mrchem::RankZeroOperator::setup()  ???:0
 5 0x0000000000528f3c mrchem::FockBuilder::setup()  ???:0
 6 0x0000000000547b7e mrchem::GroundStateSolver::optimize[abi:cxx11]()  ???:0
 7 0x000000000044648a mrchem::driver::scf::run()  ???:0
 8 0x000000000042b5f9 main()  ???:0
 9 0x0000000000022545 __libc_start_main()  ???:0
10 0x0000000000430370 _start()  ???:0
=================================
[b4132:242809] *** Process received signal ***
[b4132:242809] Signal: Segmentation fault (11)
[b4132:242809] Signal code:  (-6)
[b4132:242809] Failing at address: 0x316cf0003b479
[b4132:242809] [ 0] /usr/lib64/libpthread.so.0(+0xf630)[0x2abd284fe630]
[b4132:242809] [ 1] /cluster/home/gabrielgerez/repos/mrchem/build_orig/lib64/libmrcpp.so.1(_ZN5mrcpp6MWTreeILi3EE5clearEv+0x16)[0x2abd2841fea6]
[b4132:242809] [ 2] /cluster/home/gabrielgerez/repos/mrchem/build_orig/bin/mrchem.x[0x4b1bf6]
[b4132:242809] [ 3] /cluster/home/gabrielgerez/repos/mrchem/build_orig/bin/mrchem.x[0x4b2a4b]
[b4132:242809] [ 4] /cluster/home/gabrielgerez/repos/mrchem/build_orig/bin/mrchem.x[0x531f40]
[b4132:242809] [ 5] /cluster/home/gabrielgerez/repos/mrchem/build_orig/bin/mrchem.x[0x55df17]
[b4132:242809] [ 6] /cluster/home/gabrielgerez/repos/mrchem/build_orig/bin/mrchem.x[0x528f3c]
[b4132:242809] [ 7] /cluster/home/gabrielgerez/repos/mrchem/build_orig/bin/mrchem.x[0x547b7e]
[b4132:242809] [ 8] /cluster/home/gabrielgerez/repos/mrchem/build_orig/bin/mrchem.x[0x44648a]
[b4132:242809] [ 9] /cluster/home/gabrielgerez/repos/mrchem/build_orig/bin/mrchem.x[0x42b5f9]
[b4132:242809] [10] /usr/lib64/libc.so.6(__libc_start_main+0xf5)[0x2abd28c54545]
[b4132:242809] [11] /cluster/home/gabrielgerez/repos/mrchem/build_orig/bin/mrchem.x[0x430370]
[b4132:242809] *** End of error message ***
==== backtrace (tid:  95787) ====
 0 0x0000000000135ea6 mrcpp::MWTree<3>::clear()  ???:0
 1 0x00000000004b1bf6 mrchem::SCRF::nestedSCRF()  ???:0
 2 0x00000000004b2a4b mrchem::SCRF::setup()  ???:0
 3 0x0000000000531f40 mrchem::ReactionPotential::setup()  ???:0
 4 0x000000000055df17 mrchem::RankZeroOperator::setup()  ???:0
 5 0x0000000000528f3c mrchem::FockBuilder::setup()  ???:0
 6 0x0000000000547b7e mrchem::GroundStateSolver::optimize[abi:cxx11]()  ???:0
 7 0x000000000044648a mrchem::driver::scf::run()  ???:0
 8 0x000000000042b5f9 main()  ???:0
 9 0x0000000000022545 __libc_start_main()  ???:0
10 0x0000000000430370 _start()  ???:0
=================================
[b4134:95787] *** Process received signal ***
[b4134:95787] Signal: Segmentation fault (11)
[b4134:95787] Signal code:  (-6)
[b4134:95787] Failing at address: 0x316cf0001762b
==== backtrace (tid:  95788) ====
 0 0x0000000000135ea6 mrcpp::MWTree<3>::clear()  ???:0
 1 0x00000000004b1bf6 mrchem::SCRF::nestedSCRF()  ???:0
 2 0x00000000004b2a4b mrchem::SCRF::setup()  ???:0
 3 0x0000000000531f40 mrchem::ReactionPotential::setup()  ???:0
 4 0x000000000055df17 mrchem::RankZeroOperator::setup()  ???:0
 5 0x0000000000528f3c mrchem::FockBuilder::setup()  ???:0
 6 0x0000000000547b7e mrchem::GroundStateSolver::optimize[abi:cxx11]()  ???:0
 7 0x000000000044648a mrchem::driver::scf::run()  ???:0
 8 0x000000000042b5f9 main()  ???:0
 9 0x0000000000022545 __libc_start_main()  ???:0
10 0x0000000000430370 _start()  ???:0
=================================
[b4134:95788] *** Process received signal ***
[b4134:95788] Signal: Segmentation fault (11)
[b4134:95788] Signal code:  (-6)
[b4134:95788] Failing at address: 0x316cf0001762c
==== backtrace (tid:  88634) ====
 0 0x0000000000135ea6 mrcpp::MWTree<3>::clear()  ???:0
 1 0x00000000004b1bf6 mrchem::SCRF::nestedSCRF()  ???:0
 2 0x00000000004b2a4b mrchem::SCRF::setup()  ???:0
 3 0x0000000000531f40 mrchem::ReactionPotential::setup()  ???:0
 4 0x000000000055df17 mrchem::RankZeroOperator::setup()  ???:0
 5 0x0000000000528f3c mrchem::FockBuilder::setup()  ???:0
 6 0x0000000000547b7e mrchem::GroundStateSolver::optimize[abi:cxx11]()  ???:0
 7 0x000000000044648a mrchem::driver::scf::run()  ???:0
 8 0x000000000042b5f9 main()  ???:0
 9 0x0000000000022545 __libc_start_main()  ???:0
10 0x0000000000430370 _start()  ???:0
=================================
[b4125:88634] *** Process received signal ***
[b4125:88634] Signal: Segmentation fault (11)
[b4125:88634] Signal code:  (-6)
[b4125:88634] Failing at address: 0x316cf00015a3a
[b4134:95787] [ 0] /usr/lib64/libpthread.so.0(+0xf630)[0x2af4edadc630]
[b4134:95787] [ 1] [b4134:95788] [ 0] /usr/lib64/libpthread.so.0(+0xf630)[0x2ae657c57630]
[b4134:95788] [ 1] /cluster/home/gabrielgerez/repos/mrchem/build_orig/lib64/libmrcpp.so.1(_ZN5mrcpp6MWTreeILi3EE5clearEv+0x16)[0x2af4ed9fdea6]
[b4134:95787] [ 2] /cluster/home/gabrielgerez/repos/mrchem/build_orig/bin/mrchem.x[0x4b1bf6]
[b4134:95787] [ 3] /cluster/home/gabrielgerez/repos/mrchem/build_orig/bin/mrchem.x[0x4b2a4b]
[b4134:95787] [ 4] /cluster/home/gabrielgerez/repos/mrchem/build_orig/bin/mrchem.x[0x531f40]
[b4134:95787] [ 5] /cluster/home/gabrielgerez/repos/mrchem/build_orig/bin/mrchem.x[0x55df17]
[b4134:95787] [ 6] /cluster/home/gabrielgerez/repos/mrchem/build_orig/bin/mrchem.x[0x528f3c]
[b4134:95787] [ 7] /cluster/home/gabrielgerez/repos/mrchem/build_orig/bin/mrchem.x[0x547b7e]
[b4134:95787] [ 8] /cluster/home/gabrielgerez/repos/mrchem/build_orig/bin/mrchem.x[0x44648a]
[b4134:95787] [ 9] /cluster/home/gabrielgerez/repos/mrchem/build_orig/bin/mrchem.x[0x42b5f9]
[b4134:95787] [10] /cluster/home/gabrielgerez/repos/mrchem/build_orig/lib64/libmrcpp.so.1(_ZN5mrcpp6MWTreeILi3EE5clearEv+0x16)[0x2ae657b78ea6]
[b4134:95788] [ 2] /cluster/home/gabrielgerez/repos/mrchem/build_orig/bin/mrchem.x[0x4b1bf6]
[b4134:95788] [ 3] /cluster/home/gabrielgerez/repos/mrchem/build_orig/bin/mrchem.x[0x4b2a4b]
[b4134:95788] [ 4] /cluster/home/gabrielgerez/repos/mrchem/build_orig/bin/mrchem.x[0x531f40]
[b4134:95788] [ 5] /cluster/home/gabrielgerez/repos/mrchem/build_orig/bin/mrchem.x[0x55df17]
[b4134:95788] [ 6] /cluster/home/gabrielgerez/repos/mrchem/build_orig/bin/mrchem.x[0x528f3c]
[b4134:95788] [ 7] /cluster/home/gabrielgerez/repos/mrchem/build_orig/bin/mrchem.x[0x547b7e]
[b4134:95788] [ 8] /cluster/home/gabrielgerez/repos/mrchem/build_orig/bin/mrchem.x[0x44648a]
[b4134:95788] [ 9] /cluster/home/gabrielgerez/repos/mrchem/build_orig/bin/mrchem.x[0x42b5f9]
[b4134:95788] [10] ==== backtrace (tid:  95789) ====
 0 0x0000000000135ea6 mrcpp::MWTree<3>::clear()  ???:0
 1 0x00000000004b1bf6 mrchem::SCRF::nestedSCRF()  ???:0
 2 0x00000000004b2a4b mrchem::SCRF::setup()  ???:0
 3 0x0000000000531f40 mrchem::ReactionPotential::setup()  ???:0
 4 0x000000000055df17 mrchem::RankZeroOperator::setup()  ???:0
 5 0x0000000000528f3c mrchem::FockBuilder::setup()  ???:0
 6 0x0000000000547b7e mrchem::GroundStateSolver::optimize[abi:cxx11]()  ???:0
 7 0x000000000044648a mrchem::driver::scf::run()  ???:0
 8 0x000000000042b5f9 main()  ???:0
 9 0x0000000000022545 __libc_start_main()  ???:0
10 0x0000000000430370 _start()  ???:0
=================================
/usr/lib64/libc.so.6(__libc_start_main+0xf5)[0x2af4ee232545]
[b4134:95787] [11] /cluster/home/gabrielgerez/repos/mrchem/build_orig/bin/mrchem.x[0x430370]
[b4134:95787] *** End of error message ***
/usr/lib64/libc.so.6(__libc_start_main+0xf5)[0x2ae6583ad545]
[b4134:95788] [11] /cluster/home/gabrielgerez/repos/mrchem/build_orig/bin/mrchem.x[0x430370]
[b4134:95788] *** End of error message ***
[b4134:95789] *** Process received signal ***
[b4134:95789] Signal: Segmentation fault (11)
[b4134:95789] Signal code:  (-6)
[b4134:95789] Failing at address: 0x316cf0001762d
[b4134:95789] [ 0] /usr/lib64/libpthread.so.0(+0xf630)[0x2b3c0b5eb630]
[b4134:95789] [ 1] /cluster/home/gabrielgerez/repos/mrchem/build_orig/lib64/libmrcpp.so.1(_ZN5mrcpp6MWTreeILi3EE5clearEv+0x16)[0x2b3c0b50cea6]
[b4134:95789] [ 2] /cluster/home/gabrielgerez/repos/mrchem/build_orig/bin/mrchem.x[0x4b1bf6]
[b4134:95789] [ 3] /cluster/home/gabrielgerez/repos/mrchem/build_orig/bin/mrchem.x[0x4b2a4b]
[b4134:95789] [ 4] /cluster/home/gabrielgerez/repos/mrchem/build_orig/bin/mrchem.x[0x531f40]
[b4134:95789] [ 5] /cluster/home/gabrielgerez/repos/mrchem/build_orig/bin/mrchem.x[0x55df17]
[b4134:95789] [ 6] /cluster/home/gabrielgerez/repos/mrchem/build_orig/bin/mrchem.x[0x528f3c]
[b4134:95789] [ 7] /cluster/home/gabrielgerez/repos/mrchem/build_orig/bin/mrchem.x[0x547b7e]
[b4134:95789] [ 8] /cluster/home/gabrielgerez/repos/mrchem/build_orig/bin/mrchem.x[0x44648a]
[b4134:95789] [ 9] /cluster/home/gabrielgerez/repos/mrchem/build_orig/bin/mrchem.x[0x42b5f9]
[b4134:95789] [10] /usr/lib64/libc.so.6(__libc_start_main+0xf5)[0x2b3c0bd41545]
[b4134:95789] [11] /cluster/home/gabrielgerez/repos/mrchem/build_orig/bin/mrchem.x[0x430370]
[b4134:95789] *** End of error message ***
==== backtrace (tid:  95786) ====
 0 0x0000000000135ea6 mrcpp::MWTree<3>::clear()  ???:0
 1 0x00000000004b1bf6 mrchem::SCRF::nestedSCRF()  ???:0
 2 0x00000000004b2a4b mrchem::SCRF::setup()  ???:0
 3 0x0000000000531f40 mrchem::ReactionPotential::setup()  ???:0
 4 0x000000000055df17 mrchem::RankZeroOperator::setup()  ???:0
 5 0x0000000000528f3c mrchem::FockBuilder::setup()  ???:0
 6 0x0000000000547b7e mrchem::GroundStateSolver::optimize[abi:cxx11]()  ???:0
 7 0x000000000044648a mrchem::driver::scf::run()  ???:0
 8 0x000000000042b5f9 main()  ???:0
 9 0x0000000000022545 __libc_start_main()  ???:0
10 0x0000000000430370 _start()  ???:0
=================================
[b4134:95786] *** Process received signal ***
[b4134:95786] Signal: Segmentation fault (11)
[b4134:95786] Signal code:  (-6)
[b4134:95786] Failing at address: 0x316cf0001762a
[b4134:95786] [ 0] /usr/lib64/libpthread.so.0(+0xf630)[0x2ae6284de630]
[b4134:95786] [ 1] /cluster/home/gabrielgerez/repos/mrchem/build_orig/lib64/libmrcpp.so.1(_ZN5mrcpp6MWTreeILi3EE5clearEv+0x16)[0x2ae6283ffea6]
[b4134:95786] [ 2] /cluster/home/gabrielgerez/repos/mrchem/build_orig/bin/mrchem.x[0x4b1bf6]
[b4134:95786] [ 3] /cluster/home/gabrielgerez/repos/mrchem/build_orig/bin/mrchem.x[0x4b2a4b]
[b4134:95786] [ 4] /cluster/home/gabrielgerez/repos/mrchem/build_orig/bin/mrchem.x[0x531f40]
[b4134:95786] [ 5] /cluster/home/gabrielgerez/repos/mrchem/build_orig/bin/mrchem.x[0x55df17]
[b4134:95786] [ 6] /cluster/home/gabrielgerez/repos/mrchem/build_orig/bin/mrchem.x[0x528f3c]
[b4134:95786] [ 7] /cluster/home/gabrielgerez/repos/mrchem/build_orig/bin/mrchem.x[0x547b7e]
[b4134:95786] [ 8] /cluster/home/gabrielgerez/repos/mrchem/build_orig/bin/mrchem.x[0x44648a]
[b4134:95786] [ 9] /cluster/home/gabrielgerez/repos/mrchem/build_orig/bin/mrchem.x[0x42b5f9]
[b4134:95786] [10] /usr/lib64/libc.so.6(__libc_start_main+0xf5)[0x2ae628c34545]
[b4134:95786] [11] /cluster/home/gabrielgerez/repos/mrchem/build_orig/bin/mrchem.x[0x430370]
[b4134:95786] *** End of error message ***
==== backtrace (tid:  95785) ====
 0 0x0000000000135ea6 mrcpp::MWTree<3>::clear()  ???:0
 1 0x00000000004b1bf6 mrchem::SCRF::nestedSCRF()  ???:0
 2 0x00000000004b2a4b mrchem::SCRF::setup()  ???:0
 3 0x0000000000531f40 mrchem::ReactionPotential::setup()  ???:0
 4 0x000000000055df17 mrchem::RankZeroOperator::setup()  ???:0
 5 0x0000000000528f3c mrchem::FockBuilder::setup()  ???:0
 6 0x0000000000547b7e mrchem::GroundStateSolver::optimize[abi:cxx11]()  ???:0
 7 0x000000000044648a mrchem::driver::scf::run()  ???:0
 8 0x000000000042b5f9 main()  ???:0
 9 0x0000000000022545 __libc_start_main()  ???:0
10 0x0000000000430370 _start()  ???:0
=================================
[b4125:88634] [ 0] /usr/lib64/libpthread.so.0(+0xf630)[0x2ad72dbf3630]
[b4125:88634] [ 1] [b4134:95785] *** Process received signal ***
[b4134:95785] Signal: Segmentation fault (11)
[b4134:95785] Signal code:  (-6)
[b4134:95785] Failing at address: 0x316cf00017629
[b4134:95785] [ 0] /usr/lib64/libpthread.so.0(+0xf630)[0x2ab11bdfe630]
[b4134:95785] [ 1] /cluster/home/gabrielgerez/repos/mrchem/build_orig/lib64/libmrcpp.so.1(_ZN5mrcpp6MWTreeILi3EE5clearEv+0x16)[0x2ad72db14ea6]
[b4125:88634] [ 2] /cluster/home/gabrielgerez/repos/mrchem/build_orig/bin/mrchem.x[0x4b1bf6]
[b4125:88634] [ 3] /cluster/home/gabrielgerez/repos/mrchem/build_orig/bin/mrchem.x[0x4b2a4b]
[b4125:88634] [ 4] /cluster/home/gabrielgerez/repos/mrchem/build_orig/bin/mrchem.x[0x531f40]
[b4125:88634] [ 5] /cluster/home/gabrielgerez/repos/mrchem/build_orig/bin/mrchem.x[0x55df17]
[b4125:88634] [ 6] /cluster/home/gabrielgerez/repos/mrchem/build_orig/bin/mrchem.x[0x528f3c]
[b4125:88634] [ 7] /cluster/home/gabrielgerez/repos/mrchem/build_orig/bin/mrchem.x[0x547b7e]
[b4125:88634] [ 8] /cluster/home/gabrielgerez/repos/mrchem/build_orig/bin/mrchem.x[0x44648a]
[b4125:88634] [ 9] /cluster/home/gabrielgerez/repos/mrchem/build_orig/bin/mrchem.x[0x42b5f9]
[b4125:88634] [10] /usr/lib64/libc.so.6(__libc_start_main+0xf5)[0x2ad72e349545]
[b4125:88634] [11] /cluster/home/gabrielgerez/repos/mrchem/build_orig/bin/mrchem.x[0x430370]
[b4125:88634] *** End of error message ***
/cluster/home/gabrielgerez/repos/mrchem/build_orig/lib64/libmrcpp.so.1(_ZN5mrcpp6MWTreeILi3EE5clearEv+0x16)[0x2ab11bd1fea6]
[b4134:95785] [ 2] /cluster/home/gabrielgerez/repos/mrchem/build_orig/bin/mrchem.x[0x4b1bf6]
[b4134:95785] [ 3] /cluster/home/gabrielgerez/repos/mrchem/build_orig/bin/mrchem.x[0x4b2a4b]
[b4134:95785] [ 4] /cluster/home/gabrielgerez/repos/mrchem/build_orig/bin/mrchem.x[0x531f40]
[b4134:95785] [ 5] /cluster/home/gabrielgerez/repos/mrchem/build_orig/bin/mrchem.x[0x55df17]
[b4134:95785] [ 6] /cluster/home/gabrielgerez/repos/mrchem/build_orig/bin/mrchem.x[0x528f3c]
[b4134:95785] [ 7] /cluster/home/gabrielgerez/repos/mrchem/build_orig/bin/mrchem.x[0x547b7e]
[b4134:95785] [ 8] /cluster/home/gabrielgerez/repos/mrchem/build_orig/bin/mrchem.x[0x44648a]
[b4134:95785] [ 9] /cluster/home/gabrielgerez/repos/mrchem/build_orig/bin/mrchem.x[0x42b5f9]
[b4134:95785] [10] /usr/lib64/libc.so.6(__libc_start_main+0xf5)[0x2ab11c554545]
[b4134:95785] [11] /cluster/home/gabrielgerez/repos/mrchem/build_orig/bin/mrchem.x[0x430370]
[b4134:95785] *** End of error message ***
==== backtrace (tid:  88635) ====
 0 0x0000000000135ea6 mrcpp::MWTree<3>::clear()  ???:0
 1 0x00000000004b1bf6 mrchem::SCRF::nestedSCRF()  ???:0
 2 0x00000000004b2a4b mrchem::SCRF::setup()  ???:0
 3 0x0000000000531f40 mrchem::ReactionPotential::setup()  ???:0
 4 0x000000000055df17 mrchem::RankZeroOperator::setup()  ???:0
 5 0x0000000000528f3c mrchem::FockBuilder::setup()  ???:0
 6 0x0000000000547b7e mrchem::GroundStateSolver::optimize[abi:cxx11]()  ???:0
 7 0x000000000044648a mrchem::driver::scf::run()  ???:0
 8 0x000000000042b5f9 main()  ???:0
 9 0x0000000000022545 __libc_start_main()  ???:0
10 0x0000000000430370 _start()  ???:0
=================================
[b4125:88635] *** Process received signal ***
[b4125:88635] Signal: Segmentation fault (11)
[b4125:88635] Signal code:  (-6)
[b4125:88635] Failing at address: 0x316cf00015a3b
[b4125:88635] [ 0] /usr/lib64/libpthread.so.0(+0xf630)[0x2b70803a3630]
[b4125:88635] [ 1] /cluster/home/gabrielgerez/repos/mrchem/build_orig/lib64/libmrcpp.so.1(_ZN5mrcpp6MWTreeILi3EE5clearEv+0x16)[0x2b70802c4ea6]
[b4125:88635] [ 2] /cluster/home/gabrielgerez/repos/mrchem/build_orig/bin/mrchem.x[0x4b1bf6]
[b4125:88635] [ 3] /cluster/home/gabrielgerez/repos/mrchem/build_orig/bin/mrchem.x[0x4b2a4b]
[b4125:88635] [ 4] /cluster/home/gabrielgerez/repos/mrchem/build_orig/bin/mrchem.x[0x531f40]
[b4125:88635] [ 5] /cluster/home/gabrielgerez/repos/mrchem/build_orig/bin/mrchem.x[0x55df17]
[b4125:88635] [ 6] /cluster/home/gabrielgerez/repos/mrchem/build_orig/bin/mrchem.x[0x528f3c]
[b4125:88635] ==== backtrace (tid:  88633) ====
 0 0x0000000000135ea6 mrcpp::MWTree<3>::clear()  ???:0
[ 7] /cluster/home/gabrielgerez/repos/mrchem/build_orig/bin/mrchem.x[0x547b7e]
[b4125:88635] [ 8] /cluster/home/gabrielgerez/repos/mrchem/build_orig/bin/mrchem.x[0x44648a]
[b4125:88635] [ 9] /cluster/home/gabrielgerez/repos/mrchem/build_orig/bin/mrchem.x[0x42b5f9]
 1 0x00000000004b1bf6 mrchem::SCRF::nestedSCRF()  ???:0
 2 0x00000000004b2a4b mrchem::SCRF::setup()  ???:0
 3 0x0000000000531f40 mrchem::ReactionPotential::setup()  ???:0
 4 0x000000000055df17 mrchem::RankZeroOperator::setup()  ???:0
 5 0x0000000000528f3c mrchem::FockBuilder::setup()  ???:0
 6 0x0000000000547b7e mrchem::GroundStateSolver::optimize[abi:cxx11]()  ???:0
 7 0x000000000044648a mrchem::driver::scf::run()  ???:0
 8 0x000000000042b5f9 main()  ???:0
 9 0x0000000000022545 __libc_start_main()  ???:0
10 0x0000000000430370 _start()  ???:0
=================================
[b4125:88635] [10] /usr/lib64/libc.so.6(__libc_start_main+0xf5)[0x2b7080af9545]
[b4125:88635] [11] /cluster/home/gabrielgerez/repos/mrchem/build_orig/bin/mrchem.x[0x430370]
[b4125:88635] *** End of error message ***
[b4125:88633] *** Process received signal ***
[b4125:88633] Signal: Segmentation fault (11)
[b4125:88633] Signal code:  (-6)
[b4125:88633] Failing at address: 0x316cf00015a39
[b4125:88633] [ 0] /usr/lib64/libpthread.so.0(+0xf630)[0x2b9dbbab1630]
[b4125:88633] [ 1] /cluster/home/gabrielgerez/repos/mrchem/build_orig/lib64/libmrcpp.so.1(_ZN5mrcpp6MWTreeILi3EE5clearEv+0x16)[0x2b9dbb9d2ea6]
[b4125:88633] [ 2] /cluster/home/gabrielgerez/repos/mrchem/build_orig/bin/mrchem.x[0x4b1bf6]
[b4125:88633] [ 3] /cluster/home/gabrielgerez/repos/mrchem/build_orig/bin/mrchem.x[0x4b2a4b]
[b4125:88633] [ 4] /cluster/home/gabrielgerez/repos/mrchem/build_orig/bin/mrchem.x[0x531f40]
[b4125:88633] [ 5] /cluster/home/gabrielgerez/repos/mrchem/build_orig/bin/mrchem.x[0x55df17]
[b4125:88633] [ 6] /cluster/home/gabrielgerez/repos/mrchem/build_orig/bin/mrchem.x[0x528f3c]
[b4125:88633] [ 7] /cluster/home/gabrielgerez/repos/mrchem/build_orig/bin/mrchem.x[0x547b7e]
[b4125:88633] [ 8] /cluster/home/gabrielgerez/repos/mrchem/build_orig/bin/mrchem.x[0x44648a]
[b4125:88633] [ 9] /cluster/home/gabrielgerez/repos/mrchem/build_orig/bin/mrchem.x[0x42b5f9]
[b4125:88633] [10] /usr/lib64/libc.so.6(__libc_start_main+0xf5)[0x2b9dbc207545]
[b4125:88633] [11] /cluster/home/gabrielgerez/repos/mrchem/build_orig/bin/mrchem.x[0x430370]
[b4125:88633] *** End of error message ***
==== backtrace (tid:  88630) ====
 0 0x0000000000135ea6 mrcpp::MWTree<3>::clear()  ???:0
 1 0x00000000004b1bf6 mrchem::SCRF::nestedSCRF()  ???:0
 2 0x00000000004b2a4b mrchem::SCRF::setup()  ???:0
 3 0x0000000000531f40 mrchem::ReactionPotential::setup()  ???:0
 4 0x000000000055df17 mrchem::RankZeroOperator::setup()  ???:0
 5 0x0000000000528f3c mrchem::FockBuilder::setup()  ???:0
 6 0x0000000000547b7e mrchem::GroundStateSolver::optimize[abi:cxx11]()  ???:0
 7 0x000000000044648a mrchem::driver::scf::run()  ???:0
 8 0x000000000042b5f9 main()  ???:0
 9 0x0000000000022545 __libc_start_main()  ???:0
10 0x0000000000430370 _start()  ???:0
=================================
[b4125:88630] *** Process received signal ***
[b4125:88630] Signal: Segmentation fault (11)
[b4125:88630] Signal code:  (-6)
[b4125:88630] Failing at address: 0x316cf00015a36
[b4125:88630] [ 0] /usr/lib64/libpthread.so.0(+0xf630)[0x2b04b4c7f630]
[b4125:88630] [ 1] /cluster/home/gabrielgerez/repos/mrchem/build_orig/lib64/libmrcpp.so.1(_ZN5mrcpp6MWTreeILi3EE5clearEv+0x16)[0x2b04b4ba0ea6]
[b4125:88630] [ 2] /cluster/home/gabrielgerez/repos/mrchem/build_orig/bin/mrchem.x[0x4b1bf6]
[b4125:88630] [ 3] /cluster/home/gabrielgerez/repos/mrchem/build_orig/bin/mrchem.x[0x4b2a4b]
[b4125:88630] [ 4] /cluster/home/gabrielgerez/repos/mrchem/build_orig/bin/mrchem.x[0x531f40]
[b4125:88630] [ 5] /cluster/home/gabrielgerez/repos/mrchem/build_orig/bin/mrchem.x[0x55df17]
[b4125:88630] [ 6] /cluster/home/gabrielgerez/repos/mrchem/build_orig/bin/mrchem.x[0x528f3c]
[b4125:88630] [ 7] /cluster/home/gabrielgerez/repos/mrchem/build_orig/bin/mrchem.x[0x547b7e]
[b4125:88630] [ 8] /cluster/home/gabrielgerez/repos/mrchem/build_orig/bin/mrchem.x[0x44648a]
[b4125:88630] [ 9] /cluster/home/gabrielgerez/repos/mrchem/build_orig/bin/mrchem.x[0x42b5f9]
[b4125:88630] [10] /usr/lib64/libc.so.6(__libc_start_main+0xf5)[0x2b04b53d5545]
[b4125:88630] [11] /cluster/home/gabrielgerez/repos/mrchem/build_orig/bin/mrchem.x[0x430370]
[b4125:88630] *** End of error message ***
==== backtrace (tid:  88715) ====
 0 0x0000000000135ea6 mrcpp::MWTree<3>::clear()  ???:0
 1 0x00000000004b1bf6 mrchem::SCRF::nestedSCRF()  ???:0
 2 0x00000000004b2a4b mrchem::SCRF::setup()  ???:0
 3 0x0000000000531f40 mrchem::ReactionPotential::setup()  ???:0
 4 0x000000000055df17 mrchem::RankZeroOperator::setup()  ???:0
 5 0x0000000000528f3c mrchem::FockBuilder::setup()  ???:0
 6 0x0000000000547b7e mrchem::GroundStateSolver::optimize[abi:cxx11]()  ???:0
 7 0x000000000044648a mrchem::driver::scf::run()  ???:0
 8 0x000000000042b5f9 main()  ???:0
 9 0x0000000000022545 __libc_start_main()  ???:0
10 0x0000000000430370 _start()  ???:0
=================================
[b4126:88715] *** Process received signal ***
[b4126:88715] Signal: Segmentation fault (11)
[b4126:88715] Signal code:  (-6)
[b4126:88715] Failing at address: 0x316cf00015a8b
==== backtrace (tid:  88714) ====
 0 0x0000000000135ea6 mrcpp::MWTree<3>::clear()  ???:0
 1 0x00000000004b1bf6 mrchem::SCRF::nestedSCRF()  ???:0
 2 0x00000000004b2a4b mrchem::SCRF::setup()  ???:0
 3 0x0000000000531f40 mrchem::ReactionPotential::setup()  ???:0
 4 0x000000000055df17 mrchem::RankZeroOperator::setup()  ???:0
 5 0x0000000000528f3c mrchem::FockBuilder::setup()  ???:0
 6 0x0000000000547b7e mrchem::GroundStateSolver::optimize[abi:cxx11]()  ???:0
 7 0x000000000044648a mrchem::driver::scf::run()  ???:0
 8 0x000000000042b5f9 main()  ???:0
 9 0x0000000000022545 __libc_start_main()  ???:0
10 0x0000000000430370 _start()  ???:0
=================================
[b4126:88714] *** Process received signal ***
[b4126:88714] Signal: Segmentation fault (11)
[b4126:88714] Signal code:  (-6)
[b4126:88714] Failing at address: 0x316cf00015a8a
[b4126:88715] [ 0] /usr/lib64/libpthread.so.0(+0xf630)[0x2af17fe22630]
[b4126:88715] [ 1] [b4126:88714] [ 0] /usr/lib64/libpthread.so.0(+0xf630)[0x2ac8ebb4d630]
[b4126:88714] [ 1] /cluster/home/gabrielgerez/repos/mrchem/build_orig/lib64/libmrcpp.so.1(_ZN5mrcpp6MWTreeILi3EE5clearEv+0x16)[0x2af17fd43ea6]
[b4126:88715] [ 2] /cluster/home/gabrielgerez/repos/mrchem/build_orig/bin/mrchem.x[0x4b1bf6]
[b4126:88715] [ 3] /cluster/home/gabrielgerez/repos/mrchem/build_orig/bin/mrchem.x[0x4b2a4b]
[b4126:88715] [ 4] /cluster/home/gabrielgerez/repos/mrchem/build_orig/bin/mrchem.x[0x531f40]
[b4126:88715] [ 5] /cluster/home/gabrielgerez/repos/mrchem/build_orig/bin/mrchem.x[0x55df17]
[b4126:88715] [ 6] /cluster/home/gabrielgerez/repos/mrchem/build_orig/bin/mrchem.x[0x528f3c]
[b4126:88715] [ 7] /cluster/home/gabrielgerez/repos/mrchem/build_orig/bin/mrchem.x[0x547b7e]
[b4126:88715] [ 8] /cluster/home/gabrielgerez/repos/mrchem/build_orig/bin/mrchem.x[0x44648a]
[b4126:88715] [ 9] /cluster/home/gabrielgerez/repos/mrchem/build_orig/bin/mrchem.x[0x42b5f9]
[b4126:88715] [10] /cluster/home/gabrielgerez/repos/mrchem/build_orig/lib64/libmrcpp.so.1(_ZN5mrcpp6MWTreeILi3EE5clearEv+0x16)[0x2ac8eba6eea6]
[b4126:88714] [ 2] /cluster/home/gabrielgerez/repos/mrchem/build_orig/bin/mrchem.x[0x4b1bf6]
[b4126:88714] [ 3] /cluster/home/gabrielgerez/repos/mrchem/build_orig/bin/mrchem.x[0x4b2a4b]
[b4126:88714] [ 4] /cluster/home/gabrielgerez/repos/mrchem/build_orig/bin/mrchem.x[0x531f40]
[b4126:88714] [ 5] /cluster/home/gabrielgerez/repos/mrchem/build_orig/bin/mrchem.x[0x55df17]
[b4126:88714] [ 6] /cluster/home/gabrielgerez/repos/mrchem/build_orig/bin/mrchem.x[0x528f3c]
[b4126:88714] [ 7] /cluster/home/gabrielgerez/repos/mrchem/build_orig/bin/mrchem.x[0x547b7e]
[b4126:88714] [ 8] /cluster/home/gabrielgerez/repos/mrchem/build_orig/bin/mrchem.x[0x44648a]
[b4126:88714] [ 9] /cluster/home/gabrielgerez/repos/mrchem/build_orig/bin/mrchem.x[0x42b5f9]
[b4126:88714] [10] /usr/lib64/libc.so.6(__libc_start_main+0xf5)[0x2ac8ec2a3545]
[b4126:88714] [11] /cluster/home/gabrielgerez/repos/mrchem/build_orig/bin/mrchem.x[0x430370]
[b4126:88714] *** End of error message ***
/usr/lib64/libc.so.6(__libc_start_main+0xf5)[0x2af180578545]
[b4126:88715] [11] /cluster/home/gabrielgerez/repos/mrchem/build_orig/bin/mrchem.x[0x430370]
[b4126:88715] *** End of error message ***
==== backtrace (tid:  88710) ====
 0 0x0000000000135ea6 mrcpp::MWTree<3>::clear()  ???:0
 1 0x00000000004b1bf6 mrchem::SCRF::nestedSCRF()  ???:0
 2 0x00000000004b2a4b mrchem::SCRF::setup()  ???:0
 3 0x0000000000531f40 mrchem::ReactionPotential::setup()  ???:0
 4 0x000000000055df17 mrchem::RankZeroOperator::setup()  ???:0
 5 0x0000000000528f3c mrchem::FockBuilder::setup()  ???:0
 6 0x0000000000547b7e mrchem::GroundStateSolver::optimize[abi:cxx11]()  ???:0
 7 0x000000000044648a mrchem::driver::scf::run()  ???:0
 8 0x000000000042b5f9 main()  ???:0
 9 0x0000000000022545 __libc_start_main()  ???:0
10 0x0000000000430370 _start()  ???:0
=================================
[b4126:88710] *** Process received signal ***
[b4126:88710] Signal: Segmentation fault (11)
[b4126:88710] Signal code:  (-6)
[b4126:88710] Failing at address: 0x316cf00015a86
[b4126:88710] [ 0] /usr/lib64/libpthread.so.0(+0xf630)[0x2b4db2c85630]
[b4126:88710] [ 1] /cluster/home/gabrielgerez/repos/mrchem/build_orig/lib64/libmrcpp.so.1(_ZN5mrcpp6MWTreeILi3EE5clearEv+0x16)[0x2b4db2ba6ea6]
[b4126:88710] [ 2] /cluster/home/gabrielgerez/repos/mrchem/build_orig/bin/mrchem.x[0x4b1bf6]
[b4126:88710] [ 3] /cluster/home/gabrielgerez/repos/mrchem/build_orig/bin/mrchem.x[0x4b2a4b]
[b4126:88710] [ 4] /cluster/home/gabrielgerez/repos/mrchem/build_orig/bin/mrchem.x[0x531f40]
[b4126:88710] [ 5] /cluster/home/gabrielgerez/repos/mrchem/build_orig/bin/mrchem.x[0x55df17]
[b4126:88710] [ 6] /cluster/home/gabrielgerez/repos/mrchem/build_orig/bin/mrchem.x[0x528f3c]
[b4126:88710] [ 7] /cluster/home/gabrielgerez/repos/mrchem/build_orig/bin/mrchem.x[0x547b7e]
[b4126:88710] [ 8] /cluster/home/gabrielgerez/repos/mrchem/build_orig/bin/mrchem.x[0x44648a]
[b4126:88710] [ 9] /cluster/home/gabrielgerez/repos/mrchem/build_orig/bin/mrchem.x[0x42b5f9]
[b4126:88710] [10] /usr/lib64/libc.so.6(__libc_start_main+0xf5)[0x2b4db33db545]
[b4126:88710] [11] /cluster/home/gabrielgerez/repos/mrchem/build_orig/bin/mrchem.x[0x430370]
[b4126:88710] *** End of error message ***
==== backtrace (tid:  88631) ====
 0 0x0000000000135ea6 mrcpp::MWTree<3>::clear()  ???:0
 1 0x00000000004b1bf6 mrchem::SCRF::nestedSCRF()  ???:0
 2 0x00000000004b2a4b mrchem::SCRF::setup()  ???:0
 3 0x0000000000531f40 mrchem::ReactionPotential::setup()  ???:0
 4 0x000000000055df17 mrchem::RankZeroOperator::setup()  ???:0
 5 0x0000000000528f3c mrchem::FockBuilder::setup()  ???:0
 6 0x0000000000547b7e mrchem::GroundStateSolver::optimize[abi:cxx11]()  ???:0
 7 0x000000000044648a mrchem::driver::scf::run()  ???:0
 8 0x000000000042b5f9 main()  ???:0
 9 0x0000000000022545 __libc_start_main()  ???:0
10 0x0000000000430370 _start()  ???:0
=================================
[b4125:88631] *** Process received signal ***
[b4125:88631] Signal: Segmentation fault (11)
[b4125:88631] Signal code:  (-6)
[b4125:88631] Failing at address: 0x316cf00015a37
[b4125:88631] [ 0] /usr/lib64/libpthread.so.0(+0xf630)[0x2b9a8b1e2630]
[b4125:88631] [ 1] /cluster/home/gabrielgerez/repos/mrchem/build_orig/lib64/libmrcpp.so.1(_ZN5mrcpp6MWTreeILi3EE5clearEv+0x16)[0x2b9a8b103ea6]
[b4125:88631] [ 2] /cluster/home/gabrielgerez/repos/mrchem/build_orig/bin/mrchem.x[0x4b1bf6]
[b4125:88631] [ 3] /cluster/home/gabrielgerez/repos/mrchem/build_orig/bin/mrchem.x[0x4b2a4b]
[b4125:88631] [ 4] /cluster/home/gabrielgerez/repos/mrchem/build_orig/bin/mrchem.x[0x531f40]
[b4125:88631] [ 5] /cluster/home/gabrielgerez/repos/mrchem/build_orig/bin/mrchem.x[0x55df17]
[b4125:88631] [ 6] /cluster/home/gabrielgerez/repos/mrchem/build_orig/bin/mrchem.x[0x528f3c]
[b4125:88631] [ 7] /cluster/home/gabrielgerez/repos/mrchem/build_orig/bin/mrchem.x[0x547b7e]
[b4125:88631] [ 8] /cluster/home/gabrielgerez/repos/mrchem/build_orig/bin/mrchem.x[0x44648a]
[b4125:88631] [ 9] /cluster/home/gabrielgerez/repos/mrchem/build_orig/bin/mrchem.x[0x42b5f9]
[b4125:88631] [10] /usr/lib64/libc.so.6(__libc_start_main+0xf5)[0x2b9a8b938545]
[b4125:88631] [11] /cluster/home/gabrielgerez/repos/mrchem/build_orig/bin/mrchem.x[0x430370]
[b4125:88631] *** End of error message ***
==== backtrace (tid:  88632) ====
 0 0x0000000000135ea6 mrcpp::MWTree<3>::clear()  ???:0
 1 0x00000000004b1bf6 mrchem::SCRF::nestedSCRF()  ???:0
 2 0x00000000004b2a4b mrchem::SCRF::setup()  ???:0
 3 0x0000000000531f40 mrchem::ReactionPotential::setup()  ???:0
 4 0x000000000055df17 mrchem::RankZeroOperator::setup()  ???:0
 5 0x0000000000528f3c mrchem::FockBuilder::setup()  ???:0
 6 0x0000000000547b7e mrchem::GroundStateSolver::optimize[abi:cxx11]()  ???:0
 7 0x000000000044648a mrchem::driver::scf::run()  ???:0
 8 0x000000000042b5f9 main()  ???:0
 9 0x0000000000022545 __libc_start_main()  ???:0
10 0x0000000000430370 _start()  ???:0
=================================
[b4125:88632] *** Process received signal ***
[b4125:88632] Signal: Segmentation fault (11)
[b4125:88632] Signal code:  (-6)
[b4125:88632] Failing at address: 0x316cf00015a38
[b4125:88632] [ 0] ==== backtrace (tid:  88713) ====
 0 0x0000000000135ea6 mrcpp::MWTree<3>::clear()  ???:0
 1 0x00000000004b1bf6 mrchem::SCRF::nestedSCRF()  ???:0
 2 0x00000000004b2a4b mrchem::SCRF::setup()  ???:0
 3 0x0000000000531f40 mrchem::ReactionPotential::setup()  ???:0
 4 0x000000000055df17 mrchem::RankZeroOperator::setup()  ???:0
 5 0x0000000000528f3c mrchem::FockBuilder::setup()  ???:0
 6 0x0000000000547b7e mrchem::GroundStateSolver::optimize[abi:cxx11]()  ???:0
 7 0x000000000044648a mrchem::driver::scf::run()  ???:0
 8 0x000000000042b5f9 main()  ???:0
 9 0x0000000000022545 __libc_start_main()  ???:0
10 0x0000000000430370 _start()  ???:0
=================================
/usr/lib64/libpthread.so.0(+0xf630)[0x2aea158e6630]
[b4125:88632] [ 1] [b4126:88713] *** Process received signal ***
[b4126:88713] Signal: Segmentation fault (11)
[b4126:88713] Signal code:  (-6)
[b4126:88713] Failing at address: 0x316cf00015a89
[b4126:88713] [ 0] /cluster/home/gabrielgerez/repos/mrchem/build_orig/lib64/libmrcpp.so.1(_ZN5mrcpp6MWTreeILi3EE5clearEv+0x16)[0x2aea15807ea6]
[b4125:88632] [ 2] /cluster/home/gabrielgerez/repos/mrchem/build_orig/bin/mrchem.x[0x4b1bf6]
[b4125:88632] [ 3] /cluster/home/gabrielgerez/repos/mrchem/build_orig/bin/mrchem.x[0x4b2a4b]
[b4125:88632] [ 4] /cluster/home/gabrielgerez/repos/mrchem/build_orig/bin/mrchem.x[0x531f40]
[b4125:88632] [ 5] /cluster/home/gabrielgerez/repos/mrchem/build_orig/bin/mrchem.x[0x55df17]
[b4125:88632] [ 6] /cluster/home/gabrielgerez/repos/mrchem/build_orig/bin/mrchem.x[0x528f3c]
[b4125:88632] [ 7] /cluster/home/gabrielgerez/repos/mrchem/build_orig/bin/mrchem.x[0x547b7e]
[b4125:88632] [ 8] /cluster/home/gabrielgerez/repos/mrchem/build_orig/bin/mrchem.x[0x44648a]
[b4125:88632] [ 9] /cluster/home/gabrielgerez/repos/mrchem/build_orig/bin/mrchem.x[0x42b5f9]
[b4125:88632] [10] /usr/lib64/libpthread.so.0(+0xf630)[0x2aec94779630]
[b4126:88713] [ 1] /usr/lib64/libc.so.6(__libc_start_main+0xf5)[0x2aea1603c545]
[b4125:88632] [11] /cluster/home/gabrielgerez/repos/mrchem/build_orig/bin/mrchem.x[0x430370]
[b4125:88632] *** End of error message ***
/cluster/home/gabrielgerez/repos/mrchem/build_orig/lib64/libmrcpp.so.1(_ZN5mrcpp6MWTreeILi3EE5clearEv+0x16)[0x2aec9469aea6]
[b4126:88713] [ 2] /cluster/home/gabrielgerez/repos/mrchem/build_orig/bin/mrchem.x[0x4b1bf6]
[b4126:88713] [ 3] /cluster/home/gabrielgerez/repos/mrchem/build_orig/bin/mrchem.x[0x4b2a4b]
[b4126:88713] [ 4] /cluster/home/gabrielgerez/repos/mrchem/build_orig/bin/mrchem.x[0x531f40]
[b4126:88713] [ 5] /cluster/home/gabrielgerez/repos/mrchem/build_orig/bin/mrchem.x[0x55df17]
[b4126:88713] [ 6] /cluster/home/gabrielgerez/repos/mrchem/build_orig/bin/mrchem.x[0x528f3c]
[b4126:88713] [ 7] /cluster/home/gabrielgerez/repos/mrchem/build_orig/bin/mrchem.x[0x547b7e]
[b4126:88713] [ 8] /cluster/home/gabrielgerez/repos/mrchem/build_orig/bin/mrchem.x[0x44648a]
[b4126:88713] [ 9] /cluster/home/gabrielgerez/repos/mrchem/build_orig/bin/mrchem.x[0x42b5f9]
[b4126:88713] [10] /usr/lib64/libc.so.6(__libc_start_main+0xf5)[0x2aec94ecf545]
[b4126:88713] [11] ==== backtrace (tid:  88711) ====
 0 0x0000000000135ea6 mrcpp::MWTree<3>::clear()  ???:0
 1 0x00000000004b1bf6 mrchem::SCRF::nestedSCRF()  ???:0
 2 0x00000000004b2a4b mrchem::SCRF::setup()  ???:0
 3 0x0000000000531f40 mrchem::ReactionPotential::setup()  ???:0
 4 0x000000000055df17 mrchem::RankZeroOperator::setup()  ???:0
 5 0x0000000000528f3c mrchem::FockBuilder::setup()  ???:0
 6 0x0000000000547b7e mrchem::GroundStateSolver::optimize[abi:cxx11]()  ???:0
 7 0x000000000044648a mrchem::driver::scf::run()  ???:0
 8 0x000000000042b5f9 main()  ???:0
 9 0x0000000000022545 __libc_start_main()  ???:0
10 0x0000000000430370 _start()  ???:0
=================================
/cluster/home/gabrielgerez/repos/mrchem/build_orig/bin/mrchem.x[0x430370]
[b4126:88713] *** End of error message ***
[b4126:88711] *** Process received signal ***
[b4126:88711] Signal: Segmentation fault (11)
[b4126:88711] Signal code:  (-6)
[b4126:88711] Failing at address: 0x316cf00015a87
[b4126:88711] [ 0] /usr/lib64/libpthread.so.0(+0xf630)[0x2b51345ae630]
[b4126:88711] [ 1] /cluster/home/gabrielgerez/repos/mrchem/build_orig/lib64/libmrcpp.so.1(_ZN5mrcpp6MWTreeILi3EE5clearEv+0x16)[0x2b51344cfea6]
[b4126:88711] [ 2] /cluster/home/gabrielgerez/repos/mrchem/build_orig/bin/mrchem.x[0x4b1bf6]
[b4126:88711] [ 3] ==== backtrace (tid:  88712) ====
 0 0x0000000000135ea6 mrcpp::MWTree<3>::clear()  ???:0
 1 0x00000000004b1bf6 mrchem::SCRF::nestedSCRF()  ???:0
 2 0x00000000004b2a4b mrchem::SCRF::setup()  ???:0
 3 0x0000000000531f40 mrchem::ReactionPotential::setup()  ???:0
 4 0x000000000055df17 mrchem::RankZeroOperator::setup()  ???:0
 5 0x0000000000528f3c mrchem::FockBuilder::setup()  ???:0
 6 0x0000000000547b7e mrchem::GroundStateSolver::optimize[abi:cxx11]()  ???:0
 7 0x000000000044648a mrchem::driver::scf::run()  ???:0
 8 0x000000000042b5f9 main()  ???:0
 9 0x0000000000022545 __libc_start_main()  ???:0
/cluster/home/gabrielgerez/repos/mrchem/build_orig/bin/mrchem.x[0x4b2a4b]
[b4126:88711] [ 4] /cluster/home/gabrielgerez/repos/mrchem/build_orig/bin/mrchem.x[0x531f40]
[b4126:88711] [ 5] /cluster/home/gabrielgerez/repos/mrchem/build_orig/bin/mrchem.x[0x55df17]
[b4126:88711] [ 6] /cluster/home/gabrielgerez/repos/mrchem/build_orig/bin/mrchem.x[0x528f3c]
[b4126:88711] [ 7] /cluster/home/gabrielgerez/repos/mrchem/build_orig/bin/mrchem.x[0x547b7e]
[b4126:88711] [ 8] /cluster/home/gabrielgerez/repos/mrchem/build_orig/bin/mrchem.x[0x44648a]
[b4126:88711] [ 9] /cluster/home/gabrielgerez/repos/mrchem/build_orig/bin/mrchem.x[0x42b5f9]
[b4126:88711] 10 0x0000000000430370 _start()  ???:0
=================================
[b4126:88712] *** Process received signal ***
[b4126:88712] Signal: Segmentation fault (11)
[b4126:88712] Signal code:  (-6)
[b4126:88712] Failing at address: 0x316cf00015a88
[10] /usr/lib64/libc.so.6(__libc_start_main+0xf5)[0x2b5134d04545]
[b4126:88711] [11] /cluster/home/gabrielgerez/repos/mrchem/build_orig/bin/mrchem.x[0x430370]
[b4126:88711] *** End of error message ***
[b4126:88712] [ 0] /usr/lib64/libpthread.so.0(+0xf630)[0x2b57f66df630]
[b4126:88712] [ 1] /cluster/home/gabrielgerez/repos/mrchem/build_orig/lib64/libmrcpp.so.1(_ZN5mrcpp6MWTreeILi3EE5clearEv+0x16)[0x2b57f6600ea6]
[b4126:88712] [ 2] /cluster/home/gabrielgerez/repos/mrchem/build_orig/bin/mrchem.x[0x4b1bf6]
[b4126:88712] [ 3] /cluster/home/gabrielgerez/repos/mrchem/build_orig/bin/mrchem.x[0x4b2a4b]
[b4126:88712] [ 4] /cluster/home/gabrielgerez/repos/mrchem/build_orig/bin/mrchem.x[0x531f40]
[b4126:88712] [ 5] /cluster/home/gabrielgerez/repos/mrchem/build_orig/bin/mrchem.x[0x55df17]
[b4126:88712] [ 6] /cluster/home/gabrielgerez/repos/mrchem/build_orig/bin/mrchem.x[0x528f3c]
[b4126:88712] [ 7] /cluster/home/gabrielgerez/repos/mrchem/build_orig/bin/mrchem.x[0x547b7e]
[b4126:88712] [ 8] /cluster/home/gabrielgerez/repos/mrchem/build_orig/bin/mrchem.x[0x44648a]
[b4126:88712] [ 9] /cluster/home/gabrielgerez/repos/mrchem/build_orig/bin/mrchem.x[0x42b5f9]
[b4126:88712] [10] /usr/lib64/libc.so.6(__libc_start_main+0xf5)[0x2b57f6e35545]
[b4126:88712] [11] /cluster/home/gabrielgerez/repos/mrchem/build_orig/bin/mrchem.x[0x430370]
[b4126:88712] *** End of error message ***
--------------------------------------------------------------------------
Primary job  terminated normally, but 1 process returned
a non-zero exit code. Per user-direction, the job has been aborted.
--------------------------------------------------------------------------
--------------------------------------------------------------------------
mpirun noticed that process rank 10 with PID 242811 on node b4132 exited on signal 11 (Segmentation fault).
--------------------------------------------------------------------------

real	0m16.951s
user	4m47.396s
sys	0m18.817s
