                                                                           
                                                                           
***************************************************************************
***                                                                     ***
***                                                                     ***
***          __  __ ____   ____ _                                       ***
***         |  \/  |  _ \ / ___| |__   ___ _ __ ___                     ***
***         | |\/| | |_) | |   | '_ \ / _ \ '_ ` _ \                    ***
***         | |  | |  _ <| |___| | | |  __/ | | | | |                   ***
***         |_|  |_|_| \_\\____|_| |_|\___|_| |_| |_|                   ***
***                                                                     ***
***         VERSION            1.2.0-alpha                              ***
***                                                                     ***
***         Git branch         vecmult                                  ***
***         Git commit hash    02cb7eacb15b8c59076b                     ***
***         Git commit author  gitpeterwind                             ***
***         Git commit date    Mon Jul 24 14:38:22 2023 +0200           ***
***                                                                     ***
***         Contact: luca.frediani@uit.no                               ***
***                                                                     ***
***         Radovan Bast            Magnar Bjorgve                      ***
***         Roberto Di Remigio      Antoine Durdek                      ***
***         Luca Frediani           Gabriel Gerez                       ***
***         Stig Rune Jensen        Jonas Juselius                      ***
***         Rune Monstad            Peter Wind                          ***
***                                                                     ***
***************************************************************************

---------------------------------------------------------------------------

 MPI processes           :       (10 bank)                              32
 OpenMP threads          :                                              16
 Total cores             :                                             362
                                                                           
---------------------------------------------------------------------------

XCFun DFT library Copyright 2009-2020 Ulf Ekstrom and contributors.
See http://dftlibs.org/xcfun/ for more information.

This is free software; see the source code for copying conditions.
There is ABSOLUTELY NO WARRANTY; not even for MERCHANTABILITY or
FITNESS FOR A PARTICULAR PURPOSE. For details see the documentation.
Scientific users of this library should cite
U. Ekstrom, L. Visscher, R. Bast, A. J. Thorvaldsen and K. Ruud;
J.Chem.Theor.Comp. 2010, DOI: 10.1021/ct100117s

---------------------------------------------------------------------------

 MRCPP version         : 1.6.0-alpha
 Git branch            : vecmult
 Git commit hash       : 68717d0950db63e8f0dd
 Git commit author     : gitpeterwind
 Git commit date       : Tue Jul 25 16:26:36 2023 +0200

 Linear algebra        : EIGEN v3.4.0
 Parallelization       : MPI/OpenMP (16 threads)

---------------------------------------------------------------------------


                                                                           
===========================================================================
                         MultiResolution Analysis
---------------------------------------------------------------------------
 polynomial order      : 5
 polynomial type       : Interpolating
---------------------------------------------------------------------------
 total boxes           : 8
 boxes                 : [          2           2           2 ]
 unit lengths          : [   16.00000    16.00000    16.00000 ]
 scaling factor        : [    1.00000     1.00000     1.00000 ]
 lower bounds          : [  -16.00000   -16.00000   -16.00000 ]
 upper bounds          : [   16.00000    16.00000    16.00000 ]
 total length          : [   32.00000    32.00000    32.00000 ]
===========================================================================


                                                                           
***************************************************************************
***                                                                     ***
***                        Initializing Molecule                        ***
***                                                                     ***
***************************************************************************
                                                                           
                                                                           
===========================================================================
                                 Molecule
---------------------------------------------------------------------------
 Charge                  :                                               0
 Multiplicity            :                                               1
---------------------------------------------------------------------------
    N    Atom            :               x               y               z
---------------------------------------------------------------------------
    0       H            :        0.000000        0.000000       -0.700000
    1       H            :        0.000000        0.000000        0.700000
---------------------------------------------------------------------------
 Center of mass          :        0.000000        0.000000       -0.000000
===========================================================================


===========================================================================
              Projecting nuclear potential (point-like HFYGB)
---------------------------------------------------------------------------
    N    Atom                       Charge       Precision       Smoothing
---------------------------------------------------------------------------
    0       H                 1.000000e+00    1.000000e-03    1.632412e-02
    1       H                 1.000000e+00    1.000000e-03    1.632412e-02
---------------------------------------------------------------------------
 Local potential                   648 nds         8.54 MB        0.01 sec
 Allreduce potential               648 nds         8.54 MB        0.03 sec
---------------------------------------------------------------------------
                         Wall time: 4.07534e-02 sec
===========================================================================


===========================================================================
                             Solvation Cavity
---------------------------------------------------------------------------
 Formulation             :                                     exponential
 Dielectric constant     :            (in)                        1.000000
                         :           (out)                        2.000000
---------------------------------------------------------------------------
    N      R_0  Alpha Beta Sigma      Radius         x         y         z
---------------------------------------------------------------------------
    0   0.7900  1.10  0.50  0.20  ->  0.9690  0.000000  0.000000 -0.700000
    1   0.7900  1.10  0.50  0.20  ->  0.9690  0.000000  0.000000  0.700000
===========================================================================


                                                                           
***************************************************************************
***                                                                     ***
***                Computing Initial Guess Wavefunction                 ***
***                                                                     ***
***************************************************************************
                                                                           
                                                                           
~~~~~~~~~~~~~~~~~~~~~~~~~~~~~~~~~~~~~~~~~~~~~~~~~~~~~~~~~~~~~~~~~~~~~~~~~~~
 Calculation             : Compute initial orbitals
 Method                  : Diagonalize SAD Hamiltonian
 Precision               : 1.00000e-03
 Screening               : 1.20000e+01 StdDev
 Restricted              : True
 Functional              : LDA (SVWN5)
 AO basis                : 3-21G
~~~~~~~~~~~~~~~~~~~~~~~~~~~~~~~~~~~~~~~~~~~~~~~~~~~~~~~~~~~~~~~~~~~~~~~~~~~


===========================================================================
              Projecting nuclear potential (point-like HFYGB)
---------------------------------------------------------------------------
    N    Atom                       Charge       Precision       Smoothing
---------------------------------------------------------------------------
    0       H                 1.000000e+00    1.000000e-03    1.632412e-02
    1       H                 1.000000e+00    1.000000e-03    1.632412e-02
---------------------------------------------------------------------------
 Local potential                   648 nds         8.54 MB        0.01 sec
 Allreduce potential               648 nds         8.54 MB        0.03 sec
---------------------------------------------------------------------------
                         Wall time: 4.00741e-02 sec
===========================================================================


===========================================================================
                          Projecting GTO density
---------------------------------------------------------------------------
    N    Atom                       Nuclear charge         Electron charge
---------------------------------------------------------------------------
    0       H                       1.000000000000          0.999997284160
    1       H                       1.000000000000          0.999997284160
---------------------------------------------------------------------------
 Total charge                       2.000000000000          1.999994568321
---------------------------------------------------------------------------
 Local density                     264 nds         3.48 MB        0.08 sec
 Allreduce density                 264 nds         3.48 MB        0.04 sec
---------------------------------------------------------------------------
                         Wall time: 1.21864e-01 sec
===========================================================================


===========================================================================
                       Projecting Gaussian-type AOs
---------------------------------------------------------------------------
    n         Atom  Label            Nodes            Size            Time
---------------------------------------------------------------------------
    1            H     s          5480 nds        72.25 MB        0.05 sec
    2            H     s             0 nds         0.00 kB        0.00  ms
    3            H     s             0 nds         0.00 kB        0.00  ms
    4            H     s             0 nds         0.00 kB        0.00  ms
---------------------------------------------------------------------------
                         Wall time: 5.41054e-02 sec
===========================================================================


===========================================================================
                         Building Coulomb operator
---------------------------------------------------------------------------
 Precision                                  (rel)              1.00000e-03
---------------------------------------------------------------------------
 Compute global potential            8 nds       108.00 kB        0.01 sec
---------------------------------------------------------------------------
                         Wall time: 1.33467e-02 sec
===========================================================================


===========================================================================
                           Building XC operator
---------------------------------------------------------------------------
 Precision                                  (rel)              1.00000e-03
---------------------------------------------------------------------------
 Compute rho                       264 nds         3.48 MB        0.00  ms
 Preprocess input                  264 nds         3.48 MB        0.34  ms
 Evaluate functional               528 nds         6.96 MB        0.07 sec
 Postprocess potential             528 nds         6.96 MB        0.35  ms
---------------------------------------------------------------------------
                         Wall time: 7.08391e-02 sec
===========================================================================


===========================================================================
                         Diagonalizing Fock matrix
---------------------------------------------------------------------------
 Computing overlap matrix                   (sec)              3.65464e-02
 Computing Lowdin matrix                    (sec)              1.47000e-06
---------------------------------------------------------------------------
 <i|p[x]p[x]|j>                   5480 nds        72.25 MB        0.08 sec
 <i|p[y]p[y]|j>                   5480 nds        72.25 MB        0.08 sec
 <i|p[z]p[z]|j>                   5480 nds        72.25 MB        0.08 sec
 <i|V_nuc + J + V_xc|j>           5544 nds        73.09 MB        0.38 sec
---------------------------------------------------------------------------
 Computing Fock matrix                      (sec)              6.55618e-01
 Diagonalizing Fock matrix                  (sec)              1.40100e-05
 Rotating orbitals                          (sec)              2.51300e-01
---------------------------------------------------------------------------
                         Wall time: 1.24643e+00 sec
===========================================================================


===========================================================================
                            Molecular Orbitals
---------------------------------------------------------------------------
 Alpha electrons         :                                               1
 Beta electrons          :                                               1
 Total electrons         :                                               2
---------------------------------------------------------------------------
    n  Occ Spin          :                                            Norm
---------------------------------------------------------------------------
    0    2    p          :                              9.999999999483e-01
---------------------------------------------------------------------------
 Total MO nodes          :                                             264
 Total MO memory         :            (MB)                            3.48
===========================================================================


~~~~~~~~~~~~~~~~~~~~~~~~~~~~~~~~~~~~~~~~~~~~~~~~~~~~~~~~~~~~~~~~~~~~~~~~~~~
 Calculation             : Compute initial energy
 Method                  : DFT (PBE0)
 Relativity              : None
 Environment             : PCM
 External fields         : None
 Precision               : 1.00000e-03
 Localization            : Off
~~~~~~~~~~~~~~~~~~~~~~~~~~~~~~~~~~~~~~~~~~~~~~~~~~~~~~~~~~~~~~~~~~~~~~~~~~~


===========================================================================
                         Digonalizing Fock matrix
---------------------------------------------------------------------------
 Computing overlap matrix                   (sec)              1.42932e-03
 Computing Lowdin matrix                    (sec)              1.71000e-06
 Diagonalizing matrix                       (sec)              5.64000e-06
 Rotating orbitals                          (sec)              5.39057e-03
---------------------------------------------------------------------------
                         Wall time: 6.89375e-03 sec
===========================================================================


===========================================================================
                         Building Coulomb operator
---------------------------------------------------------------------------
 Precision                                  (rel)              1.00000e-03
---------------------------------------------------------------------------
 Compute global density            264 nds         3.48 MB        0.01 sec
 Compute global potential           72 nds         0.95 MB        0.02 sec
---------------------------------------------------------------------------
                         Wall time: 3.79434e-02 sec
===========================================================================


===========================================================================
                        Building Exchange operator
---------------------------------------------------------------------------
 Precision                                  (rel)              1.00000e-03
---------------------------------------------------------------------------
 Setting up exchange bank                   (sec)              1.29303e-02
 Time receiving orbitals                    (sec)              0.00000e+00
 Time receiving exchanges                   (sec)              0.00000e+00
 Time sending exchanges                     (sec)              0.00000e+00
 Time adding exchanges                      (sec)              0.00000e+00
 Time waiting for others                    (sec)              2.15000e-05
 Time computing exchanges                   (sec)              1.75645e-02
---------------------------------------------------------------------------
 Time diagonal terms                        (sec)              1.75707e-02
 Time off-diagonal terms                    (sec)              6.29610e-05
---------------------------------------------------------------------------
 Average exchange term             264 nds         3.48 MB        0.02 sec
---------------------------------------------------------------------------
                         Wall time: 3.12922e-02 sec
===========================================================================


===========================================================================
                           Building XC operator
---------------------------------------------------------------------------
 Precision                                  (rel)              1.00000e-03
---------------------------------------------------------------------------
 Compute rho                       264 nds         3.48 MB        0.01 sec
 Preprocess input                 1056 nds        13.92 MB        2.85  ms
 Evaluate functional              1320 nds        17.40 MB        0.11 sec
 Postprocess potential             528 nds         6.96 MB        5.46  ms
---------------------------------------------------------------------------
                         Wall time: 1.35517e-01 sec
===========================================================================


===========================================================================
                        Building Reaction operator
~~~~~~~~~~~~~~~~~~~~~~~~~~~~~~~~~~~~~~~~~~~~~~~~~~~~~~~~~~~~~~~~~~~~~~~~~~~
 Density type            : total 
 Dynamic threshold       : On 
 KAIN solver             : 5 
 Max iterations          : 10 
 Method                  : SCRF 
 Optimizer               : Potential 
~~~~~~~~~~~~~~~~~~~~~~~~~~~~~~~~~~~~~~~~~~~~~~~~~~~~~~~~~~~~~~~~~~~~~~~~~~~
 Precision                                  (rel)              1.00000e-03
 Threshold                                  (abs)              1.00000e+00
---------------------------------------------------------------------------
 Vacuum density                    840 nds        11.07 MB        0.02 sec
 Vacuum potential                  520 nds         6.86 MB        0.23 sec
 Initial gamma                     520 nds         6.86 MB        0.44 sec
---------------------------------------------------------------------------
 Iter   1 :             7.953402259929e-01    3.636472e+00        0.23 sec
 Iter   2 :             5.054381635591e-01    9.149731e-01        0.22 sec
---------------------------------------------------------------------------
 Reaction potential                264 nds         3.48 MB        0.45 sec
---------------------------------------------------------------------------
                         Wall time: 1.14522e+00 sec
===========================================================================


===========================================================================
                           Computing Fock matrix
---------------------------------------------------------------------------
 <i|p[x]p[x]|j>                    456 nds         6.01 MB        6.41  ms
 <i|p[y]p[y]|j>                    456 nds         6.01 MB        5.90  ms
 <i|p[z]p[z]|j>                    456 nds         6.01 MB        5.77  ms
 <i|V_nuc + J - K + V_xc - V_r|j>         328 nds         4.32 MB        0.03 sec
---------------------------------------------------------------------------
                         Wall time: 4.41049e-02 sec
===========================================================================


===========================================================================
                        Computing molecular energy
---------------------------------------------------------------------------
 Trace V_nuc(rho)                  328 nds         4.32 MB        7.39  ms
 Trace J(rho)                      264 nds         3.48 MB        6.23  ms
 Trace K(rho)                      264 nds         3.48 MB        1.20  ms
---------------------------------------------------------------------------
                         Wall time: 3.20339e-02 sec
===========================================================================


===========================================================================
                        Computing orbital energies
---------------------------------------------------------------------------
 Diagonalize Fock matrix                    (sec)              6.42000e-06
---------------------------------------------------------------------------
                         Wall time: 6.29800e-05 sec
===========================================================================


===========================================================================
                        Molecular Energy (initial)
---------------------------------------------------------------------------
 Kinetic energy          :            (au)                  1.186413055673
 E-N energy              :            (au)                 -3.692233160493
 Coulomb energy          :            (au)                  1.340344795623
 Exchange energy         :            (au)                 -0.166701424851
 X-C energy              :            (au)                 -0.540280138980
 N-N energy              :            (au)                  0.714285714286
---------------------------------------------------------------------------
 Reaction energy (el)    :            (au)                  0.092600742447
 Reaction energy (nuc)   :            (au)                 -0.150087536573
 Reaction energy (tot)   :            (au)                 -0.057486794127
---------------------------------------------------------------------------
 Electronic energy       :            (au)                 -1.779856130580
 Nuclear energy          :            (au)                  0.564198177712
---------------------------------------------------------------------------
 Total energy            :            (au)             -1.215657952868e+00
                         :      (kcal/mol)             -7.628368826446e+02
                         :        (kJ/mol)             -3.191709516985e+03
                         :            (eV)             -3.307973809849e+01
===========================================================================


===========================================================================
                        Orbital Energies (initial)
---------------------------------------------------------------------------
    n  Occ Spin          :                                         Epsilon
---------------------------------------------------------------------------
    0    2    p          :            (au)                 -0.334193859557
---------------------------------------------------------------------------
 Sum occupied            :            (au)                 -0.668387719114
===========================================================================


                                                                           
***************************************************************************
***                                                                     ***
***                 Computing Ground State Wavefunction                 ***
***                                                                     ***
***************************************************************************
                                                                           
                                                                           
~~~~~~~~~~~~~~~~~~~~~~~~~~~~~~~~~~~~~~~~~~~~~~~~~~~~~~~~~~~~~~~~~~~~~~~~~~~
 Calculation             : Optimize ground state orbitals
 Method                  : DFT (PBE0)
 Relativity              : None
 Environment             : PCM
 External fields         : None
 Checkpointing           : Off
 Max iterations          : 100
 KAIN solver             : 5
 Localization            : Off
 Diagonalization         : First two iterations
 Start precision         : 1.00000e-03
 Final precision         : 1.00000e-03
 Helmholtz precision     : Dynamic
 Energy threshold        : Off
 Orbital threshold       : 1.00000e-02
~~~~~~~~~~~~~~~~~~~~~~~~~~~~~~~~~~~~~~~~~~~~~~~~~~~~~~~~~~~~~~~~~~~~~~~~~~~


###########################################################################
                                SCF cycle 1
---------------------------------------------------------------------------
                                                                           

===========================================================================
 Current precision                          (rel)              1.00000e-03
---------------------------------------------------------------------------
 Orbital threshold                          (abs)              1.00000e-02
 Property threshold                         (abs)             -1.00000e+00
===========================================================================


===========================================================================
                         Building Coulomb operator
---------------------------------------------------------------------------
 Precision                                  (rel)              1.00000e-03
---------------------------------------------------------------------------
 Compute global density            264 nds         3.48 MB        0.01 sec
 Compute global potential           72 nds         0.95 MB        0.03 sec
---------------------------------------------------------------------------
                         Wall time: 3.89074e-02 sec
===========================================================================


===========================================================================
                        Building Exchange operator
---------------------------------------------------------------------------
 Precision                                  (rel)              1.00000e-03
---------------------------------------------------------------------------
 Setting up exchange bank                   (sec)              7.44899e-03
 Time receiving orbitals                    (sec)              0.00000e+00
 Time receiving exchanges                   (sec)              0.00000e+00
 Time sending exchanges                     (sec)              0.00000e+00
 Time adding exchanges                      (sec)              0.00000e+00
 Time waiting for others                    (sec)              7.81000e-06
 Time computing exchanges                   (sec)              1.76312e-02
---------------------------------------------------------------------------
 Time diagonal terms                        (sec)              1.76317e-02
 Time off-diagonal terms                    (sec)              3.44500e-05
---------------------------------------------------------------------------
 Average exchange term             264 nds         3.48 MB        0.02 sec
---------------------------------------------------------------------------
                         Wall time: 2.54842e-02 sec
===========================================================================


===========================================================================
                           Building XC operator
---------------------------------------------------------------------------
 Precision                                  (rel)              1.00000e-03
---------------------------------------------------------------------------
 Compute rho                       264 nds         3.48 MB        0.01 sec
 Preprocess input                 1056 nds        13.92 MB        3.08  ms
 Evaluate functional              1320 nds        17.40 MB        0.05 sec
 Postprocess potential             528 nds         6.96 MB        5.99  ms
---------------------------------------------------------------------------
                         Wall time: 7.45920e-02 sec
===========================================================================


===========================================================================
                        Building Reaction operator
~~~~~~~~~~~~~~~~~~~~~~~~~~~~~~~~~~~~~~~~~~~~~~~~~~~~~~~~~~~~~~~~~~~~~~~~~~~
 Density type            : total 
 Dynamic threshold       : On 
 KAIN solver             : 5 
 Max iterations          : 10 
 Method                  : SCRF 
 Optimizer               : Potential 
~~~~~~~~~~~~~~~~~~~~~~~~~~~~~~~~~~~~~~~~~~~~~~~~~~~~~~~~~~~~~~~~~~~~~~~~~~~
 Precision                                  (rel)              1.00000e-03
 Threshold                                  (abs)              1.00000e+00
---------------------------------------------------------------------------
 Vacuum density                    840 nds        11.07 MB        0.02 sec
 Vacuum potential                  520 nds         6.86 MB        0.25 sec
 Initial gamma                     520 nds         6.86 MB        0.08 sec
---------------------------------------------------------------------------
 Iter   1 :             4.472833294030e-01    1.661012e-01        0.22 sec
---------------------------------------------------------------------------
 Reaction potential                264 nds         3.48 MB        0.22 sec
---------------------------------------------------------------------------
                         Wall time: 5.67634e-01 sec
===========================================================================


===========================================================================
                       Computing Helmholtz argument
---------------------------------------------------------------------------
 Rotating orbitals                          (sec)              2.83424e-03
 Computing potential term                   (sec)              2.42820e-02
 Adding contributions                       (sec)              9.09792e-04
---------------------------------------------------------------------------
                         Wall time: 2.85370e-02 sec
===========================================================================


===========================================================================
                       Applying Helmholtz operators
---------------------------------------------------------------------------
    0       1.063259e+00           328 nds         4.32 MB        0.13 sec
---------------------------------------------------------------------------
                         Wall time: 1.28231e-01 sec
===========================================================================


===========================================================================
                         Lowdin orthonormalization
---------------------------------------------------------------------------
 Computing overlap matrix                   (sec)              2.68322e-03
 Computing Lowdin matrix                    (sec)              1.93000e-06
 Rotating orbitals                          (sec)              4.18497e-03
---------------------------------------------------------------------------
                         Wall time: 7.14833e-03 sec
===========================================================================


===========================================================================
                      Iterative subspace accelerator
---------------------------------------------------------------------------
 Push back orbitals                         (sec)              1.33393e-03
---------------------------------------------------------------------------
 Orbital sizes                     264 nds         3.48 MB        0.00  ms
 Update sizes                      264 nds         3.48 MB        0.00  ms
---------------------------------------------------------------------------
                         Wall time: 1.39787e-03 sec
===========================================================================


===========================================================================
                         Lowdin orthonormalization
---------------------------------------------------------------------------
 Computing overlap matrix                   (sec)              1.40601e-03
 Computing Lowdin matrix                    (sec)              1.63000e-06
 Rotating orbitals                          (sec)              3.74188e-03
---------------------------------------------------------------------------
                         Wall time: 5.22128e-03 sec
===========================================================================


===========================================================================
                         Building Coulomb operator
---------------------------------------------------------------------------
 Precision                                  (rel)              1.00000e-03
---------------------------------------------------------------------------
 Compute global density            328 nds         4.32 MB        0.02 sec
 Compute global potential            8 nds       108.00 kB        0.01 sec
---------------------------------------------------------------------------
                         Wall time: 3.16944e-02 sec
===========================================================================


===========================================================================
                        Building Exchange operator
---------------------------------------------------------------------------
 Precision                                  (rel)              1.00000e-03
---------------------------------------------------------------------------
 Setting up exchange bank                   (sec)              2.45586e-03
 Time receiving orbitals                    (sec)              0.00000e+00
 Time receiving exchanges                   (sec)              0.00000e+00
 Time sending exchanges                     (sec)              0.00000e+00
 Time adding exchanges                      (sec)              0.00000e+00
 Time waiting for others                    (sec)              6.82000e-06
 Time computing exchanges                   (sec)              1.85331e-02
---------------------------------------------------------------------------
 Time diagonal terms                        (sec)              1.85340e-02
 Time off-diagonal terms                    (sec)              3.39200e-05
---------------------------------------------------------------------------
 Average exchange term             264 nds         3.48 MB        0.02 sec
---------------------------------------------------------------------------
                         Wall time: 2.14044e-02 sec
===========================================================================


===========================================================================
                           Building XC operator
---------------------------------------------------------------------------
 Precision                                  (rel)              1.00000e-03
---------------------------------------------------------------------------
 Compute rho                       328 nds         4.32 MB        0.02 sec
 Preprocess input                 1312 nds        17.30 MB        3.70  ms
 Evaluate functional              1640 nds        21.62 MB        0.06 sec
 Postprocess potential             656 nds         8.65 MB        7.53  ms
---------------------------------------------------------------------------
                         Wall time: 8.89889e-02 sec
===========================================================================


===========================================================================
                        Building Reaction operator
~~~~~~~~~~~~~~~~~~~~~~~~~~~~~~~~~~~~~~~~~~~~~~~~~~~~~~~~~~~~~~~~~~~~~~~~~~~
 Density type            : total 
 Dynamic threshold       : On 
 KAIN solver             : 5 
 Max iterations          : 10 
 Method                  : SCRF 
 Optimizer               : Potential 
~~~~~~~~~~~~~~~~~~~~~~~~~~~~~~~~~~~~~~~~~~~~~~~~~~~~~~~~~~~~~~~~~~~~~~~~~~~
 Precision                                  (rel)              1.00000e-03
 Threshold                                  (abs)              9.69915e-02
---------------------------------------------------------------------------
 Vacuum density                    840 nds        11.07 MB        0.02 sec
 Vacuum potential                  520 nds         6.86 MB        0.25 sec
 Initial gamma                     520 nds         6.86 MB        0.09 sec
---------------------------------------------------------------------------
 Iter   1 :             7.275272459770e-01    4.082580e-01        0.23 sec
 Iter   2 :             5.523886843142e-01    4.081163e-01        0.23 sec
 Iter   3 :             5.697313312674e-01    8.722553e-02        0.23 sec
---------------------------------------------------------------------------
 Reaction potential                264 nds         3.48 MB        0.70 sec
---------------------------------------------------------------------------
                         Wall time: 1.05826e+00 sec
===========================================================================


===========================================================================
                           Computing Fock matrix
---------------------------------------------------------------------------
 <i|p[x]p[x]|j>                    456 nds         6.01 MB        6.57  ms
 <i|p[y]p[y]|j>                    456 nds         6.01 MB        5.96  ms
 <i|p[z]p[z]|j>                    456 nds         6.01 MB        5.84  ms
 <i|V_nuc + J - K + V_xc - V_r|j>         328 nds         4.32 MB        0.03 sec
---------------------------------------------------------------------------
                         Wall time: 4.53226e-02 sec
===========================================================================


===========================================================================
                        Computing molecular energy
---------------------------------------------------------------------------
 Trace V_nuc(rho)                  328 nds         4.32 MB        7.09  ms
 Trace J(rho)                      264 nds         3.48 MB        5.89  ms
 Trace K(rho)                      264 nds         3.48 MB        1.13  ms
---------------------------------------------------------------------------
                         Wall time: 3.13551e-02 sec
===========================================================================


===========================================================================
                         Digonalizing Fock matrix
---------------------------------------------------------------------------
 Computing overlap matrix                   (sec)              1.38316e-03
 Computing Lowdin matrix                    (sec)              8.30000e-07
 Diagonalizing matrix                       (sec)              3.19000e-06
 Rotating orbitals                          (sec)              3.96058e-03
---------------------------------------------------------------------------
                         Wall time: 5.41595e-03 sec
===========================================================================


===========================================================================
    n   Spin   Nodes                  F(i,i)              Residual    Done
---------------------------------------------------------------------------
    0      p     264         -0.378337558378          9.699148e-02       0
---------------------------------------------------------------------------
 Total residual                                       9.699148e-02       0
===========================================================================


===========================================================================
                                      Energy                Update    Done
---------------------------------------------------------------------------
 Kinetic energy                    1.015199437094    -1.712136e-01       1
 N-E energy                       -3.475481352684     2.167518e-01       1
 Coulomb energy                    1.232557248538    -1.077875e-01       1
 Exchange energy                  -0.154067278108     1.263415e-02       1
 X-C energy                       -0.499734547629     4.054559e-02       1
---------------------------------------------------------------------------
 Reaction energy (el)              0.094858675359     2.257933e-03       1
 Reaction energy (nuc)            -0.168882115595    -1.879458e-02       1
 Reaction energy (tot)            -0.074023440236    -1.653665e-02       1
---------------------------------------------------------------------------
 Electronic energy                -1.786667817430    -6.811687e-03       1
 Nuclear energy                    0.545403598691    -1.879458e-02       1
---------------------------------------------------------------------------
 Total energy                     -1.241264218740    -2.560627e-02       1
===========================================================================


===========================================================================
                               Memory usage
---------------------------------------------------------------------------
 Total memory current process                (GB)                     1.78
 Maximum memory process                      (GB)                     1.78
 Minimum memory process                      (GB)                     1.76
 Average memory process                      (GB)                     1.77
 Maximum data in bank                        (GB)                     0.01
===========================================================================


---------------------------------------------------------------------------
                         Wall time: 2.17240e+00 sec
###########################################################################


                                                                           


###########################################################################
                                SCF cycle 2
---------------------------------------------------------------------------
                                                                           

===========================================================================
 Current precision                          (rel)              1.00000e-03
---------------------------------------------------------------------------
 Orbital threshold                          (abs)              1.00000e-02
 Property threshold                         (abs)             -1.00000e+00
===========================================================================


===========================================================================
                       Computing Helmholtz argument
---------------------------------------------------------------------------
 Rotating orbitals                          (sec)              1.05372e-03
 Computing potential term                   (sec)              2.31287e-02
 Adding contributions                       (sec)              7.55633e-04
---------------------------------------------------------------------------
                         Wall time: 2.50485e-02 sec
===========================================================================


===========================================================================
                       Applying Helmholtz operators
---------------------------------------------------------------------------
    0       1.001731e+00           328 nds         4.32 MB        0.13 sec
---------------------------------------------------------------------------
                         Wall time: 1.31594e-01 sec
===========================================================================


===========================================================================
                         Lowdin orthonormalization
---------------------------------------------------------------------------
 Computing overlap matrix                   (sec)              2.59651e-03
 Computing Lowdin matrix                    (sec)              1.92000e-06
 Rotating orbitals                          (sec)              4.07379e-03
---------------------------------------------------------------------------
                         Wall time: 6.73612e-03 sec
===========================================================================


===========================================================================
                      Iterative subspace accelerator
---------------------------------------------------------------------------
 Push back orbitals                         (sec)              1.30359e-03
---------------------------------------------------------------------------
 Orbital sizes                     264 nds         3.48 MB        0.00  ms
 Update sizes                      264 nds         3.48 MB        0.00  ms
---------------------------------------------------------------------------
                         Wall time: 1.46068e-03 sec
===========================================================================


===========================================================================
                         Lowdin orthonormalization
---------------------------------------------------------------------------
 Computing overlap matrix                   (sec)              1.35085e-03
 Computing Lowdin matrix                    (sec)              2.04000e-06
 Rotating orbitals                          (sec)              3.68758e-03
---------------------------------------------------------------------------
                         Wall time: 5.10037e-03 sec
===========================================================================


===========================================================================
                         Building Coulomb operator
---------------------------------------------------------------------------
 Precision                                  (rel)              1.00000e-03
---------------------------------------------------------------------------
 Compute global density            328 nds         4.32 MB        0.02 sec
 Compute global potential            8 nds       108.00 kB        0.01 sec
---------------------------------------------------------------------------
                         Wall time: 3.00494e-02 sec
===========================================================================


===========================================================================
                        Building Exchange operator
---------------------------------------------------------------------------
 Precision                                  (rel)              1.00000e-03
---------------------------------------------------------------------------
 Setting up exchange bank                   (sec)              3.13133e-03
 Time receiving orbitals                    (sec)              0.00000e+00
 Time receiving exchanges                   (sec)              0.00000e+00
 Time sending exchanges                     (sec)              0.00000e+00
 Time adding exchanges                      (sec)              0.00000e+00
 Time waiting for others                    (sec)              4.00000e-06
 Time computing exchanges                   (sec)              1.78615e-02
---------------------------------------------------------------------------
 Time diagonal terms                        (sec)              1.78621e-02
 Time off-diagonal terms                    (sec)              4.35400e-05
---------------------------------------------------------------------------
 Average exchange term             264 nds         3.48 MB        0.02 sec
---------------------------------------------------------------------------
                         Wall time: 2.15477e-02 sec
===========================================================================


===========================================================================
                           Building XC operator
---------------------------------------------------------------------------
 Precision                                  (rel)              1.00000e-03
---------------------------------------------------------------------------
 Compute rho                       328 nds         4.32 MB        0.02 sec
 Preprocess input                 1312 nds        17.30 MB        3.67  ms
 Evaluate functional              1640 nds        21.62 MB        0.06 sec
 Postprocess potential             656 nds         8.65 MB        7.96  ms
---------------------------------------------------------------------------
                         Wall time: 9.06392e-02 sec
===========================================================================


===========================================================================
                        Building Reaction operator
~~~~~~~~~~~~~~~~~~~~~~~~~~~~~~~~~~~~~~~~~~~~~~~~~~~~~~~~~~~~~~~~~~~~~~~~~~~
 Density type            : total 
 Dynamic threshold       : On 
 KAIN solver             : 5 
 Max iterations          : 10 
 Method                  : SCRF 
 Optimizer               : Potential 
~~~~~~~~~~~~~~~~~~~~~~~~~~~~~~~~~~~~~~~~~~~~~~~~~~~~~~~~~~~~~~~~~~~~~~~~~~~
 Precision                                  (rel)              1.00000e-03
 Threshold                                  (abs)              1.00000e-03
---------------------------------------------------------------------------
 Vacuum density                    840 nds        11.07 MB        0.02 sec
 Vacuum potential                  520 nds         6.86 MB        0.25 sec
 Initial gamma                     520 nds         6.86 MB        0.09 sec
---------------------------------------------------------------------------
 Iter   1 :             5.768444375574e-01    1.007225e-01        0.24 sec
 Iter   2 :             5.688666690268e-01    2.928403e-02        0.23 sec
 Iter   3 :             5.701520296575e-01    5.147208e-03        0.24 sec
 Iter   4 :             5.701520296575e-01    5.147208e-03        0.24 sec
 Iter   5 :             5.701520296575e-01    5.147208e-03        0.24 sec
 Iter   6 :             5.701520296575e-01    5.147208e-03        0.24 sec
 Iter   7 :             5.701520296575e-01    5.147208e-03        0.23 sec
 Iter   8 :             5.701520296575e-01    5.147208e-03        0.23 sec
 Iter   9 :             5.701520296575e-01    5.147208e-03        0.24 sec
 Iter  10 :             5.701520296575e-01    5.147208e-03        0.23 sec
Reaction potential failed to converge after 10 iterations, residual 5.147208e-03
---------------------------------------------------------------------------
 Reaction potential                264 nds         3.48 MB        2.34 sec
---------------------------------------------------------------------------
                         Wall time: 2.70416e+00 sec
===========================================================================


===========================================================================
                           Computing Fock matrix
---------------------------------------------------------------------------
 <i|p[x]p[x]|j>                    456 nds         6.01 MB        6.52  ms
 <i|p[y]p[y]|j>                    456 nds         6.01 MB        5.87  ms
 <i|p[z]p[z]|j>                    456 nds         6.01 MB        5.85  ms
 <i|V_nuc + J - K + V_xc - V_r|j>         328 nds         4.32 MB        0.03 sec
---------------------------------------------------------------------------
                         Wall time: 4.61891e-02 sec
===========================================================================


===========================================================================
                        Computing molecular energy
---------------------------------------------------------------------------
 Trace V_nuc(rho)                  328 nds         4.32 MB        7.24  ms
 Trace J(rho)                      264 nds         3.48 MB        5.72  ms
 Trace K(rho)                      264 nds         3.48 MB        1.16  ms
---------------------------------------------------------------------------
                         Wall time: 3.18597e-02 sec
===========================================================================


===========================================================================
                         Digonalizing Fock matrix
---------------------------------------------------------------------------
 Computing overlap matrix                   (sec)              1.37612e-03
 Computing Lowdin matrix                    (sec)              1.42000e-06
 Diagonalizing matrix                       (sec)              3.24000e-06
 Rotating orbitals                          (sec)              4.08734e-03
---------------------------------------------------------------------------
                         Wall time: 5.54309e-03 sec
===========================================================================


===========================================================================
    n   Spin   Nodes                  F(i,i)              Residual    Done
---------------------------------------------------------------------------
    0      p     264         -0.376069780592          9.823109e-03       1
---------------------------------------------------------------------------
 Total residual                                       9.823109e-03       1
===========================================================================


===========================================================================
                                      Energy                Update    Done
---------------------------------------------------------------------------
 Kinetic energy                    1.009542187606    -5.657249e-03       1
 N-E energy                       -3.469173118631     6.308234e-03       1
 Coulomb energy                    1.231050209077    -1.507039e-03       1
 Exchange energy                  -0.153878909002     1.883691e-04       1
 X-C energy                       -0.498911345466     8.232022e-04       1
---------------------------------------------------------------------------
 Reaction energy (el)              0.097587721685     2.729046e-03       1
 Reaction energy (nuc)            -0.172859491429    -3.977376e-03       1
 Reaction energy (tot)            -0.075271769744    -1.248330e-03       1
---------------------------------------------------------------------------
 Electronic energy                -1.783783254731     2.884563e-03       1
 Nuclear energy                    0.541426222857    -3.977376e-03       1
---------------------------------------------------------------------------
 Total energy                     -1.242357031874    -1.092813e-03       1
===========================================================================


===========================================================================
                               Memory usage
---------------------------------------------------------------------------
 Total memory current process                (GB)                     2.04
 Maximum memory process                      (GB)                     2.04
 Minimum memory process                      (GB)                     2.01
 Average memory process                      (GB)                     2.02
 Maximum data in bank                        (GB)                     0.01
===========================================================================


---------------------------------------------------------------------------
                         Wall time: 3.11213e+00 sec
###########################################################################


                                                                           


===========================================================================
 Iter           MO residual             Total energy                Update
---------------------------------------------------------------------------
    0          1.000000e+00          -1.215657952868         -1.215658e+00
    1          9.699148e-02          -1.241264218740         -2.560627e-02
    2          9.823109e-03          -1.242357031874         -1.092813e-03
---------------------------------------------------------------------------
                      SCF converged in 2 iterations!
===========================================================================


===========================================================================
                        Computing orbital energies
---------------------------------------------------------------------------
 Diagonalize Fock matrix                    (sec)              2.82900e-06
---------------------------------------------------------------------------
                         Wall time: 3.71610e-05 sec
===========================================================================


===========================================================================
                          Computing dipole moment
---------------------------------------------------------------------------
 Trace h_E_dip[x](nucs)              0 nds         0.00 kB        0.03  ms
 Trace h_E_dip[y](nucs)              0 nds         0.00 kB        0.01  ms
 Trace h_E_dip[z](nucs)              0 nds         0.00 kB        0.01  ms
 Trace h_E_dip[x](rho)             264 nds         3.48 MB        6.12  ms
 Trace h_E_dip[y](rho)             264 nds         3.48 MB        6.01  ms
 Trace h_E_dip[z](rho)             264 nds         3.48 MB        5.81  ms
---------------------------------------------------------------------------
                         Wall time: 1.85012e-02 sec
===========================================================================


                                                                           
***************************************************************************
***                                                                     ***
***                    Printing Molecular Properties                    ***
***                                                                     ***
***************************************************************************
                                                                           
                                                                           
===========================================================================
                                 Molecule
---------------------------------------------------------------------------
 Charge                  :                                               0
 Multiplicity            :                                               1
---------------------------------------------------------------------------
    N    Atom            :               x               y               z
---------------------------------------------------------------------------
    0       H            :        0.000000        0.000000       -0.700000
    1       H            :        0.000000        0.000000        0.700000
---------------------------------------------------------------------------
 Center of mass          :        0.000000        0.000000       -0.000000
===========================================================================


===========================================================================
                         Molecular Energy (final)
---------------------------------------------------------------------------
 Kinetic energy          :            (au)                  1.009542187606
 E-N energy              :            (au)                 -3.469173118631
 Coulomb energy          :            (au)                  1.231050209077
 Exchange energy         :            (au)                 -0.153878909002
 X-C energy              :            (au)                 -0.498911345466
 N-N energy              :            (au)                  0.714285714286
---------------------------------------------------------------------------
 Reaction energy (el)    :            (au)                  0.097587721685
 Reaction energy (nuc)   :            (au)                 -0.172859491429
 Reaction energy (tot)   :            (au)                 -0.075271769744
---------------------------------------------------------------------------
 Electronic energy       :            (au)                 -1.783783254731
 Nuclear energy          :            (au)                  0.541426222857
---------------------------------------------------------------------------
 Total energy            :            (au)             -1.242357031874e+00
                         :      (kcal/mol)             -7.795908076700e+02
                         :        (kJ/mol)             -3.261807939291e+03
                         :            (eV)             -3.380625704975e+01
===========================================================================


===========================================================================
                         Orbital Energies (final)
---------------------------------------------------------------------------
    n  Occ Spin          :                                         Epsilon
---------------------------------------------------------------------------
    0    2    p          :            (au)                 -0.376069780592
---------------------------------------------------------------------------
 Sum occupied            :            (au)                 -0.752139561183
===========================================================================


===========================================================================
                           Dipole Moment (dip-1)
---------------------------------------------------------------------------
 r_O                     :        0.000000        0.000000        0.000000
---------------------------------------------------------------------------
 Electronic vector       :        0.000000        0.000000       -0.000000
 Magnitude               :            (au)                        0.000000
                         :         (Debye)                        0.000001
---------------------------------------------------------------------------
 Nuclear vector          :        0.000000        0.000000        0.000000
 Magnitude               :            (au)                        0.000000
                         :         (Debye)                        0.000000
---------------------------------------------------------------------------
 Total vector            :        0.000000        0.000000       -0.000000
 Magnitude               :            (au)                        0.000000
                         :         (Debye)                        0.000001
===========================================================================


                                                                           
                                                                           
***************************************************************************
***                                                                     ***
***                            Exiting MRChem                           ***
***                                                                     ***
***                       Wall time :  0h  0m  8s                       ***
***                                                                     ***
***************************************************************************
                                                                           
                                                                           
