                                                                           
                                                                           
***************************************************************************
***                                                                     ***
***                                                                     ***
***          __  __ ____   ____ _                                       ***
***         |  \/  |  _ \ / ___| |__   ___ _ __ ___                     ***
***         | |\/| | |_) | |   | '_ \ / _ \ '_ ` _ \                    ***
***         | |  | |  _ <| |___| | | |  __/ | | | | |                   ***
***         |_|  |_|_| \_\\____|_| |_|\___|_| |_| |_|                   ***
***                                                                     ***
***         VERSION            1.2.0-alpha                              ***
***                                                                     ***
***         Git branch         master                                   ***
***         Git commit hash    5343bf60fa22ce088729                     ***
***         Git commit author  Gabriel                                  ***
***         Git commit date    Tue Sep 26 14:18:52 2023 +0200           ***
***                                                                     ***
***         Contact: luca.frediani@uit.no                               ***
***                                                                     ***
***         Radovan Bast            Magnar Bjorgve                      ***
***         Roberto Di Remigio      Antoine Durdek                      ***
***         Luca Frediani           Gabriel Gerez                       ***
***         Stig Rune Jensen        Jonas Juselius                      ***
***         Rune Monstad            Peter Wind                          ***
***                                                                     ***
***************************************************************************

---------------------------------------------------------------------------

 MPI processes           :       (10 bank)                              32
 OpenMP threads          :                                              16
 Total cores             :                                             362
                                                                           
---------------------------------------------------------------------------

XCFun DFT library Copyright 2009-2020 Ulf Ekstrom and contributors.
See http://dftlibs.org/xcfun/ for more information.

This is free software; see the source code for copying conditions.
There is ABSOLUTELY NO WARRANTY; not even for MERCHANTABILITY or
FITNESS FOR A PARTICULAR PURPOSE. For details see the documentation.
Scientific users of this library should cite
U. Ekstrom, L. Visscher, R. Bast, A. J. Thorvaldsen and K. Ruud;
J.Chem.Theor.Comp. 2010, DOI: 10.1021/ct100117s

---------------------------------------------------------------------------

 MRCPP version         : 1.5.0-alpha
 Git branch            : HEAD
 Git commit hash       : a3618d1498410124ec47
 Git commit author     : gitpeterwind
 Git commit date       : Tue Feb 21 15:21:15 2023 +0100

 Linear algebra        : EIGEN v3.4.0
 Parallelization       : MPI/OpenMP (16 threads)

---------------------------------------------------------------------------


                                                                           
===========================================================================
                         MultiResolution Analysis
---------------------------------------------------------------------------
 polynomial order      : 5
 polynomial type       : Interpolating
---------------------------------------------------------------------------
 total boxes           : 8
 boxes                 : [          2           2           2 ]
 unit lengths          : [   16.00000    16.00000    16.00000 ]
 scaling factor        : [    1.00000     1.00000     1.00000 ]
 lower bounds          : [  -16.00000   -16.00000   -16.00000 ]
 upper bounds          : [   16.00000    16.00000    16.00000 ]
 total length          : [   32.00000    32.00000    32.00000 ]
===========================================================================


                                                                           
***************************************************************************
***                                                                     ***
***                        Initializing Molecule                        ***
***                                                                     ***
***************************************************************************
                                                                           
                                                                           
===========================================================================
                                 Molecule
---------------------------------------------------------------------------
 Charge                  :                                               0
 Multiplicity            :                                               1
---------------------------------------------------------------------------
    N    Atom            :               x               y               z
---------------------------------------------------------------------------
    0       H            :        0.000000        0.000000       -0.700000
    1       H            :        0.000000        0.000000        0.700000
---------------------------------------------------------------------------
 Center of mass          :        0.000000        0.000000       -0.000000
===========================================================================


===========================================================================
              Projecting nuclear potential (point-like HFYGB)
---------------------------------------------------------------------------
    N    Atom                       Charge       Precision       Smoothing
---------------------------------------------------------------------------
    0       H                 1.000000e+00    1.000000e-03    1.632412e-02
    1       H                 1.000000e+00    1.000000e-03    1.632412e-02
---------------------------------------------------------------------------
 Local potential                   648 nds         8.54 MB        0.01 sec
 Allreduce potential               648 nds         8.54 MB        0.05 sec
---------------------------------------------------------------------------
                         Wall time: 5.77583e-02 sec
===========================================================================


===========================================================================
                             Solvation Cavity
---------------------------------------------------------------------------
 Formulation             :                                     exponential
 Dielectric constant     :            (in)                        1.000000
                         :           (out)                        2.000000
---------------------------------------------------------------------------
    N      R_0  Alpha Beta Sigma      Radius         x         y         z
---------------------------------------------------------------------------
    0   1.2000  1.10  0.50  0.20  ->  1.4200  0.000000  0.000000 -0.700000
    1   1.2000  1.10  0.50  0.20  ->  1.4200  0.000000  0.000000  0.700000
===========================================================================


                                                                           
***************************************************************************
***                                                                     ***
***                Computing Initial Guess Wavefunction                 ***
***                                                                     ***
***************************************************************************
                                                                           
                                                                           
~~~~~~~~~~~~~~~~~~~~~~~~~~~~~~~~~~~~~~~~~~~~~~~~~~~~~~~~~~~~~~~~~~~~~~~~~~~
 Calculation             : Compute initial orbitals
 Method                  : Diagonalize SAD Hamiltonian
 Precision               : 1.00000e-03
 Screening               : 1.20000e+01 StdDev
 Restricted              : True
 Functional              : LDA (SVWN5)
 AO basis                : 3-21G
~~~~~~~~~~~~~~~~~~~~~~~~~~~~~~~~~~~~~~~~~~~~~~~~~~~~~~~~~~~~~~~~~~~~~~~~~~~


===========================================================================
              Projecting nuclear potential (point-like HFYGB)
---------------------------------------------------------------------------
    N    Atom                       Charge       Precision       Smoothing
---------------------------------------------------------------------------
    0       H                 1.000000e+00    1.000000e-03    1.632412e-02
    1       H                 1.000000e+00    1.000000e-03    1.632412e-02
---------------------------------------------------------------------------
 Local potential                   648 nds         8.54 MB        0.01 sec
 Allreduce potential               648 nds         8.54 MB        0.03 sec
---------------------------------------------------------------------------
                         Wall time: 4.03387e-02 sec
===========================================================================


===========================================================================
                          Projecting GTO density
---------------------------------------------------------------------------
    N    Atom                       Nuclear charge         Electron charge
---------------------------------------------------------------------------
    0       H                       1.000000000000          0.999997284160
    1       H                       1.000000000000          0.999997284160
---------------------------------------------------------------------------
 Total charge                       2.000000000000          1.999994568321
---------------------------------------------------------------------------
 Local density                     264 nds         3.48 MB        0.07 sec
 Allreduce density                 264 nds         3.48 MB        0.04 sec
---------------------------------------------------------------------------
                         Wall time: 1.07455e-01 sec
===========================================================================


===========================================================================
                       Projecting Gaussian-type AOs
---------------------------------------------------------------------------
    n         Atom  Label            Nodes            Size            Time
---------------------------------------------------------------------------
    1            H     s          5480 nds        72.25 MB        0.04 sec
    2            H     s             0 nds         0.00 kB        0.01  ms
    3            H     s             0 nds         0.00 kB        0.00  ms
    4            H     s             0 nds         0.00 kB        0.00  ms
---------------------------------------------------------------------------
                         Wall time: 4.55419e-02 sec
===========================================================================


===========================================================================
                         Building Coulomb operator
---------------------------------------------------------------------------
 Precision                                  (rel)              1.00000e-03
---------------------------------------------------------------------------
 Compute global potential            8 nds       108.00 kB        0.01 sec
---------------------------------------------------------------------------
                         Wall time: 1.28981e-02 sec
===========================================================================


===========================================================================
                           Building XC operator
---------------------------------------------------------------------------
 Precision                                  (rel)              1.00000e-03
---------------------------------------------------------------------------
 Compute rho                       264 nds         3.48 MB        0.00  ms
 Preprocess input                  264 nds         3.48 MB        0.30  ms
 Evaluate functional               528 nds         6.96 MB        0.05 sec
 Postprocess potential             528 nds         6.96 MB        0.50  ms
---------------------------------------------------------------------------
                         Wall time: 4.96844e-02 sec
===========================================================================


===========================================================================
                         Diagonalizing Fock matrix
---------------------------------------------------------------------------
 Computing overlap matrix                   (sec)              3.65597e-02
 Computing Lowdin matrix                    (sec)              1.23000e-06
---------------------------------------------------------------------------
 <i|p[x]p[x]|j>                   5480 nds        72.25 MB        0.08 sec
 <i|p[y]p[y]|j>                   5480 nds        72.25 MB        0.08 sec
 <i|p[z]p[z]|j>                   5480 nds        72.25 MB        0.08 sec
 <i|V_nuc + J + V_xc|j>           5544 nds        73.09 MB        0.38 sec
---------------------------------------------------------------------------
 Computing Fock matrix                      (sec)              6.60550e-01
 Diagonalizing Fock matrix                  (sec)              1.34300e-05
 Rotating orbitals                          (sec)              6.35170e-01
---------------------------------------------------------------------------
                         Wall time: 1.58910e+00 sec
===========================================================================


===========================================================================
                            Molecular Orbitals
---------------------------------------------------------------------------
 Alpha electrons         :                                               1
 Beta electrons          :                                               1
 Total electrons         :                                               2
---------------------------------------------------------------------------
    n  Occ Spin          :                                            Norm
---------------------------------------------------------------------------
    0    2    p          :                              9.999999999483e-01
---------------------------------------------------------------------------
 Total MO nodes          :                                             264
 Total MO memory         :            (MB)                            3.48
===========================================================================


~~~~~~~~~~~~~~~~~~~~~~~~~~~~~~~~~~~~~~~~~~~~~~~~~~~~~~~~~~~~~~~~~~~~~~~~~~~
 Calculation             : Compute initial energy
 Method                  : DFT (PBE0)
 Relativity              : None
 Environment             : PCM
 External fields         : None
 Precision               : 1.00000e-03
 Localization            : Off
~~~~~~~~~~~~~~~~~~~~~~~~~~~~~~~~~~~~~~~~~~~~~~~~~~~~~~~~~~~~~~~~~~~~~~~~~~~


===========================================================================
                         Building Coulomb operator
---------------------------------------------------------------------------
 Precision                                  (rel)              1.00000e-03
---------------------------------------------------------------------------
 Compute global density            264 nds         3.48 MB        0.01 sec
 Compute global potential           72 nds         0.95 MB        0.02 sec
---------------------------------------------------------------------------
                         Wall time: 3.52550e-02 sec
===========================================================================


===========================================================================
                        Building Exchange operator
---------------------------------------------------------------------------
 Precision                                  (rel)              1.00000e-03
---------------------------------------------------------------------------
 Setting up exchange bank                   (sec)              1.20880e-02
 Time receiving orbitals                    (sec)              0.00000e+00
 Time receiving exchanges                   (sec)              0.00000e+00
 Time sending exchanges                     (sec)              0.00000e+00
 Time adding exchanges                      (sec)              0.00000e+00
 Time waiting for others                    (sec)              3.51452e-04
 Time computing exchanges                   (sec)              1.73590e-02
---------------------------------------------------------------------------
 Time diagonal terms                        (sec)              1.73649e-02
 Time off-diagonal terms                    (sec)              5.86232e-04
---------------------------------------------------------------------------
 Average exchange term             264 nds         3.48 MB        0.02 sec
---------------------------------------------------------------------------
                         Wall time: 3.05563e-02 sec
===========================================================================


===========================================================================
                           Building XC operator
---------------------------------------------------------------------------
 Precision                                  (rel)              1.00000e-03
---------------------------------------------------------------------------
 Compute rho                       264 nds         3.48 MB        0.01 sec
 Preprocess input                 1056 nds        13.92 MB        2.85  ms
 Evaluate functional              1320 nds        17.40 MB        0.07 sec
 Postprocess potential             528 nds         6.96 MB        5.60  ms
---------------------------------------------------------------------------
                         Wall time: 9.50107e-02 sec
===========================================================================


===========================================================================
                        Building Reaction operator
~~~~~~~~~~~~~~~~~~~~~~~~~~~~~~~~~~~~~~~~~~~~~~~~~~~~~~~~~~~~~~~~~~~~~~~~~~~
 Density type            : total 
 Dynamic threshold       : On 
 KAIN solver             : 5 
 Max iterations          : 10 
 Method                  : SCRF 
 Optimizer               : Potential 
~~~~~~~~~~~~~~~~~~~~~~~~~~~~~~~~~~~~~~~~~~~~~~~~~~~~~~~~~~~~~~~~~~~~~~~~~~~
 Precision                                  (rel)              1.00000e-03
 Threshold                                  (abs)              1.00000e+00
---------------------------------------------------------------------------
 Vacuum density                    840 nds        11.07 MB        0.02 sec
 Vacuum potential                  520 nds         6.86 MB        0.18 sec
 Initial gamma                    1032 nds        13.61 MB        0.20 sec
---------------------------------------------------------------------------
 Iter   1 :             4.081776859555e-01    1.868360e+00        0.17 sec
 Iter   2 :             2.334890259193e-01    4.752098e-01        0.23 sec
---------------------------------------------------------------------------
 Reaction potential                264 nds         3.48 MB        0.40 sec
---------------------------------------------------------------------------
                         Wall time: 7.98529e-01 sec
===========================================================================


===========================================================================
                           Computing Fock matrix
---------------------------------------------------------------------------
 <i|p[x]p[x]|j>                    456 nds         6.01 MB        6.61  ms
 <i|p[y]p[y]|j>                    456 nds         6.01 MB        6.04  ms
 <i|p[z]p[z]|j>                    456 nds         6.01 MB        6.17  ms
 <i|V_nuc + J - K + V_xc - V_r|j>         328 nds         4.32 MB        0.03 sec
---------------------------------------------------------------------------
                         Wall time: 4.60843e-02 sec
===========================================================================


===========================================================================
                        Computing molecular energy
---------------------------------------------------------------------------
 Trace V_nuc(rho)                  328 nds         4.32 MB        7.60  ms
 Trace J(rho)                      264 nds         3.48 MB        6.06  ms
 Trace K(rho)                      264 nds         3.48 MB        1.21  ms
---------------------------------------------------------------------------
                         Wall time: 3.26753e-02 sec
===========================================================================


===========================================================================
                         Digonalizing Fock matrix
---------------------------------------------------------------------------
 Computing overlap matrix                   (sec)              2.91359e-03
 Computing Lowdin matrix                    (sec)              9.40000e-07
 Diagonalizing matrix                       (sec)              6.32000e-06
 Rotating orbitals                          (sec)              1.66162e-02
---------------------------------------------------------------------------
                         Wall time: 1.96044e-02 sec
===========================================================================


===========================================================================
                        Computing orbital energies
---------------------------------------------------------------------------
 Diagonalize Fock matrix                    (sec)              2.94000e-06
---------------------------------------------------------------------------
                         Wall time: 1.55980e-04 sec
===========================================================================


===========================================================================
                        Molecular Energy (initial)
---------------------------------------------------------------------------
 Kinetic energy          :            (au)                  1.186413055550
 E-N energy              :            (au)                 -3.692233160110
 Coulomb energy          :            (au)                  1.340344795346
 Exchange energy         :            (au)                 -0.166701424816
 X-C energy              :            (au)                 -0.540280138908
 N-N energy              :            (au)                  0.714285714286
---------------------------------------------------------------------------
 Reaction energy (el)    :            (au)                  0.034440138916
 Reaction energy (nuc)   :            (au)                 -0.042759291564
 Reaction energy (tot)   :            (au)                 -0.008319152649
---------------------------------------------------------------------------
 Electronic energy       :            (au)                 -1.838016734023
 Nuclear energy          :            (au)                  0.671526422721
---------------------------------------------------------------------------
 Total energy            :            (au)             -1.166490311302e+00
                         :      (kcal/mol)             -7.319837217445e+02
                         :        (kJ/mol)             -3.062619891779e+03
                         :            (eV)             -3.174181841303e+01
===========================================================================


===========================================================================
                        Orbital Energies (initial)
---------------------------------------------------------------------------
    n  Occ Spin          :                                         Epsilon
---------------------------------------------------------------------------
    0    2    p          :            (au)                 -0.392354463195
---------------------------------------------------------------------------
 Sum occupied            :            (au)                 -0.784708926391
===========================================================================


                                                                           
***************************************************************************
***                                                                     ***
***                 Computing Ground State Wavefunction                 ***
***                                                                     ***
***************************************************************************
                                                                           
                                                                           
~~~~~~~~~~~~~~~~~~~~~~~~~~~~~~~~~~~~~~~~~~~~~~~~~~~~~~~~~~~~~~~~~~~~~~~~~~~
 Calculation             : Optimize ground state orbitals
 Method                  : DFT (PBE0)
 Relativity              : None
 Environment             : PCM
 External fields         : None
 Checkpointing           : Off
 Max iterations          : 100
 KAIN solver             : 5
 Localization            : Off
 Diagonalization         : First two iterations
 Start precision         : 1.00000e-03
 Final precision         : 1.00000e-03
 Helmholtz precision     : Dynamic
 Energy threshold        : Off
 Orbital threshold       : 1.00000e-02
~~~~~~~~~~~~~~~~~~~~~~~~~~~~~~~~~~~~~~~~~~~~~~~~~~~~~~~~~~~~~~~~~~~~~~~~~~~


###########################################################################
                                SCF cycle 1
---------------------------------------------------------------------------
                                                                           

===========================================================================
 Current precision                          (rel)              1.00000e-03
---------------------------------------------------------------------------
 Orbital threshold                          (abs)              1.00000e-02
 Property threshold                         (abs)             -1.00000e+00
===========================================================================


===========================================================================
                         Building Coulomb operator
---------------------------------------------------------------------------
 Precision                                  (rel)              1.00000e-03
---------------------------------------------------------------------------
 Compute global density            264 nds         3.48 MB        0.01 sec
 Compute global potential           72 nds         0.95 MB        0.02 sec
---------------------------------------------------------------------------
                         Wall time: 3.56308e-02 sec
===========================================================================


===========================================================================
                        Building Exchange operator
---------------------------------------------------------------------------
 Precision                                  (rel)              1.00000e-03
---------------------------------------------------------------------------
 Setting up exchange bank                   (sec)              3.26987e-03
 Time receiving orbitals                    (sec)              0.00000e+00
 Time receiving exchanges                   (sec)              0.00000e+00
 Time sending exchanges                     (sec)              0.00000e+00
 Time adding exchanges                      (sec)              0.00000e+00
 Time waiting for others                    (sec)              6.36100e-06
 Time computing exchanges                   (sec)              1.70732e-02
---------------------------------------------------------------------------
 Time diagonal terms                        (sec)              1.70740e-02
 Time off-diagonal terms                    (sec)              3.44800e-05
---------------------------------------------------------------------------
 Average exchange term             264 nds         3.48 MB        0.02 sec
---------------------------------------------------------------------------
                         Wall time: 2.09740e-02 sec
===========================================================================


===========================================================================
                           Building XC operator
---------------------------------------------------------------------------
 Precision                                  (rel)              1.00000e-03
---------------------------------------------------------------------------
 Compute rho                       264 nds         3.48 MB        0.01 sec
 Preprocess input                 1056 nds        13.92 MB        2.88  ms
 Evaluate functional              1320 nds        17.40 MB        0.05 sec
 Postprocess potential             528 nds         6.96 MB        5.36  ms
---------------------------------------------------------------------------
                         Wall time: 7.59646e-02 sec
===========================================================================


===========================================================================
                        Building Reaction operator
~~~~~~~~~~~~~~~~~~~~~~~~~~~~~~~~~~~~~~~~~~~~~~~~~~~~~~~~~~~~~~~~~~~~~~~~~~~
 Density type            : total 
 Dynamic threshold       : On 
 KAIN solver             : 5 
 Max iterations          : 10 
 Method                  : SCRF 
 Optimizer               : Potential 
~~~~~~~~~~~~~~~~~~~~~~~~~~~~~~~~~~~~~~~~~~~~~~~~~~~~~~~~~~~~~~~~~~~~~~~~~~~
 Precision                                  (rel)              1.00000e-03
 Threshold                                  (abs)              1.00000e+00
---------------------------------------------------------------------------
 Vacuum density                    840 nds        11.07 MB        0.02 sec
 Vacuum potential                  520 nds         6.86 MB        0.19 sec
 Initial gamma                     904 nds        11.92 MB        0.03 sec
---------------------------------------------------------------------------
 Iter   1 :             2.034376296344e-01    8.659030e-02        0.17 sec
---------------------------------------------------------------------------
 Reaction potential                264 nds         3.48 MB        0.17 sec
---------------------------------------------------------------------------
                         Wall time: 4.11034e-01 sec
===========================================================================


===========================================================================
                       Computing Helmholtz argument
---------------------------------------------------------------------------
 Rotating orbitals                          (sec)              1.66829e-02
 Computing potential term                   (sec)              2.42162e-02
 Adding contributions                       (sec)              9.56923e-04
---------------------------------------------------------------------------
                         Wall time: 4.20744e-02 sec
===========================================================================


===========================================================================
                       Applying Helmholtz operators
---------------------------------------------------------------------------
    0       1.027166e+00           328 nds         4.32 MB        0.11 sec
---------------------------------------------------------------------------
                         Wall time: 1.10663e-01 sec
===========================================================================


===========================================================================
                         Lowdin orthonormalization
---------------------------------------------------------------------------
 Computing overlap matrix                   (sec)              2.70559e-03
 Computing Lowdin matrix                    (sec)              2.11000e-06
 Rotating orbitals                          (sec)              4.36758e-03
---------------------------------------------------------------------------
                         Wall time: 7.13769e-03 sec
===========================================================================


===========================================================================
                      Iterative subspace accelerator
---------------------------------------------------------------------------
 Push back orbitals                         (sec)              1.37551e-03
---------------------------------------------------------------------------
 Orbital sizes                     264 nds         3.48 MB        0.00  ms
 Update sizes                      264 nds         3.48 MB        0.00  ms
---------------------------------------------------------------------------
                         Wall time: 1.41749e-03 sec
===========================================================================


===========================================================================
                         Lowdin orthonormalization
---------------------------------------------------------------------------
 Computing overlap matrix                   (sec)              1.39196e-03
 Computing Lowdin matrix                    (sec)              8.91000e-07
 Rotating orbitals                          (sec)              3.90197e-03
---------------------------------------------------------------------------
                         Wall time: 5.34873e-03 sec
===========================================================================


===========================================================================
                         Building Coulomb operator
---------------------------------------------------------------------------
 Precision                                  (rel)              1.00000e-03
---------------------------------------------------------------------------
 Compute global density            328 nds         4.32 MB        0.02 sec
 Compute global potential            8 nds       108.00 kB        0.01 sec
---------------------------------------------------------------------------
                         Wall time: 2.95540e-02 sec
===========================================================================


===========================================================================
                        Building Exchange operator
---------------------------------------------------------------------------
 Precision                                  (rel)              1.00000e-03
---------------------------------------------------------------------------
 Setting up exchange bank                   (sec)              3.14571e-03
 Time receiving orbitals                    (sec)              0.00000e+00
 Time receiving exchanges                   (sec)              0.00000e+00
 Time sending exchanges                     (sec)              0.00000e+00
 Time adding exchanges                      (sec)              0.00000e+00
 Time waiting for others                    (sec)              7.44000e-06
 Time computing exchanges                   (sec)              1.72052e-02
---------------------------------------------------------------------------
 Time diagonal terms                        (sec)              1.72058e-02
 Time off-diagonal terms                    (sec)              3.45500e-05
---------------------------------------------------------------------------
 Average exchange term             264 nds         3.48 MB        0.02 sec
---------------------------------------------------------------------------
                         Wall time: 2.08665e-02 sec
===========================================================================


===========================================================================
                           Building XC operator
---------------------------------------------------------------------------
 Precision                                  (rel)              1.00000e-03
---------------------------------------------------------------------------
 Compute rho                       328 nds         4.32 MB        0.02 sec
 Preprocess input                 1312 nds        17.30 MB        3.74  ms
 Evaluate functional              1640 nds        21.62 MB        0.06 sec
 Postprocess potential             656 nds         8.65 MB        6.98  ms
---------------------------------------------------------------------------
                         Wall time: 9.12076e-02 sec
===========================================================================


===========================================================================
                        Building Reaction operator
~~~~~~~~~~~~~~~~~~~~~~~~~~~~~~~~~~~~~~~~~~~~~~~~~~~~~~~~~~~~~~~~~~~~~~~~~~~
 Density type            : total 
 Dynamic threshold       : On 
 KAIN solver             : 5 
 Max iterations          : 10 
 Method                  : SCRF 
 Optimizer               : Potential 
~~~~~~~~~~~~~~~~~~~~~~~~~~~~~~~~~~~~~~~~~~~~~~~~~~~~~~~~~~~~~~~~~~~~~~~~~~~
 Precision                                  (rel)              1.00000e-03
 Threshold                                  (abs)              5.78870e-02
---------------------------------------------------------------------------
 Vacuum density                    840 nds        11.07 MB        0.02 sec
 Vacuum potential                  520 nds         6.86 MB        0.18 sec
 Initial gamma                     904 nds        11.92 MB        0.03 sec
---------------------------------------------------------------------------
 Iter   1 :             3.503770548178e-01    2.240726e-01        0.17 sec
 Iter   2 :             2.416703246079e-01    2.436727e-01        0.21 sec
 Iter   3 :             2.502669522589e-01    5.642814e-02        0.19 sec
---------------------------------------------------------------------------
3 total processes killed (some possibly by mpirun during cleanup)
