


************************************************************
***                                                      ***
***    MRChem 1.0.0 (rev. b8151f8)                       ***
***                                                      ***
***    Stig Rune Jensen <stig.r.jensen@uit.no>           ***
***    Jonas Juselius   <jonas.juselius@uit.no>          ***
***    Luca Frediani    <luca.frediani@uit.no>           ***
***                                                      ***
************************************************************


Print level  : 0

+++ Parallel execution: 
  MPI hosts available     : 1
  Threads/host            : 16
  Total used CPUs         : 16

============================================================
                Setting up nuclear potential
------------------------------------------------------------
 Nr  Element         Charge        Precision     Smoothing 
------------------------------------------------------------
  1     O            8.00000e+00   1.00000e-05   1.09904e-04
  2     H            1.00000e+00   1.00000e-05   3.51692e-03
  3     H            1.00000e+00   1.00000e-05   3.51692e-03
============================================================


============================================================
                Setting up occupied orbitals
------------------------------------------------------------
    n  Spin  Occ                           SquareNorm
------------------------------------------------------------
    0    u    2                       9.999999999986001e-01
    1    u    2                       9.999999999968340e-01
    2    u    2                       9.999999999947854e-01
    3    u    2                       9.999999999979954e-01
    4    u    2                       9.999999999986293e-01
------------------------------------------------------------
 Elapsed time:         user   1.232e+00    wall   1.232e+00
============================================================


============================================================
                  Setting up Fock operator
------------------------------------------------------------
 Nuclear potential                    2024      2.35860e-01
 Coulomb density                       680      1.63670e-01
 Coulomb potential                     456      9.16897e-01
 XC density                            680      1.59007e-01
 XC preprocess xcfun                   680      4.00000e-06
 XC evaluate xcfun                    1360      1.96188e-01
 XC energy                             680      7.20000e-05
 XC potential                          680      2.00000e-06
------------------------------------------------------------
 Elapsed time:         user   1.678e+00    wall   1.678e+00
============================================================




####################### SCF cycle  1 #######################


============================================================
 Current precision                              7.50000e-05
------------------------------------------------------------
 Orbital threshold                              1.00000e-03
 Property threshold                             1.00000e-06
============================================================


============================================================
               Calculating Electronic Energy
------------------------------------------------------------
 Electronic energy                   -8.489504161070660e+01
------------------------------------------------------------
 Elapsed time:         user   3.225e-01    wall   3.225e-01
============================================================


============================================================
              Initializing Helmholtz Operators
------------------------------------------------------------
 Creating operator with lambda                 -1.85832e+01
 Creating operator with lambda                 -8.90694e-01
 Creating operator with lambda                 -4.50263e-01
 Creating operator with lambda                 -3.06807e-01
 Creating operator with lambda                 -2.27178e-01
------------------------------------------------------------
 Elapsed time:         user   2.074e+00    wall   2.074e+00
============================================================


============================================================
                Applying Helmholtz Operators
------------------------------------------------------------
 Orb    OrbNorm       NormDiff       nNodes         Timing   
------------------------------------------------------------
  0   1.00196e+00   1.95941e-03       456       1.38777e+00
  1   9.99275e-01   7.24721e-04       520       1.60826e+00
  2   9.97822e-01   2.17834e-03       424       1.27461e+00
  3   1.01478e+00   1.47807e-02       520       1.55319e+00
  4   1.02233e+00   2.23329e-02       360       1.16897e+00
------------------------------------------------------------
 Elapsed time:         user   6.993e+00    wall   6.993e+00
============================================================


============================================================
               Iterative subspace accelerator
------------------------------------------------------------
 Push back orbitals                             5.00000e-06
 Copy orbitals                                  3.24730e-02
 Copy orbital updates                           3.33840e-02
------------------------------------------------------------
 Elapsed time:         user   6.595e-02    wall   6.595e-02
============================================================


============================================================
                  Setting up Fock operator
------------------------------------------------------------
 Nuclear potential                    2024      2.35934e-01
 Coulomb density                       520      1.30312e-01
 Coulomb potential                     456      9.44742e-01
 XC density                            520      1.33868e-01
 XC preprocess xcfun                   520      1.00000e-06
 XC evaluate xcfun                    1040      1.55991e-01
 XC energy                             520      6.80000e-05
 XC potential                          520      0.00000e+00
------------------------------------------------------------
 Elapsed time:         user   1.603e+00    wall   1.603e+00
============================================================


============================================================
                          Orbitals
------------------------------------------------------------
 Orb    F(i,i)        Error         nNodes  Spin  Occ  Done 
------------------------------------------------------------
  0  -1.87038e+01   6.12404e-03        456    u    2    0
  1  -9.51103e-01   1.92603e-02        520    u    2    0
  2  -5.03263e-01   2.37806e-02        424    u    2    0
  3  -3.77122e-01   8.64094e-02        520    u    2    0
  4  -3.00778e-01   1.10286e-01        360    u    2    0
------------------------------------------------------------
 Total error:                            1.43539e-01    0
============================================================


============================================================
                    Energy                 Update      Done 
------------------------------------------------------------
 Kinetic      7.584566362655764e+01      7.58457e+01    0
 N-E         -1.987264475667879e+02     -1.98726e+02    0
 Coulomb      4.676211285847405e+01      4.67621e+01    0
 Exchange     0.000000000000000e+00      0.00000e+00    1
 X-C         -8.776370528950366e+00     -8.77637e+00    0
------------------------------------------------------------
 Total       -8.489504161070660e+01     -8.48950e+01    0
============================================================


################ Elapsed time:  1.27894e+01 ################




####################### SCF cycle  2 #######################


============================================================
 Current precision                              5.62500e-05
------------------------------------------------------------
 Orbital threshold                              1.00000e-03
 Property threshold                             1.00000e-06
============================================================


============================================================
               Calculating Electronic Energy
------------------------------------------------------------
 Electronic energy                   -8.494690716563680e+01
------------------------------------------------------------
 Elapsed time:         user   3.542e-01    wall   3.542e-01
============================================================


============================================================
              Initializing Helmholtz Operators
------------------------------------------------------------
 Creating operator with lambda                 -1.87039e+01
 Creating operator with lambda                 -9.51371e-01
 Creating operator with lambda                 -5.03263e-01
 Creating operator with lambda                 -3.76844e-01
 Creating operator with lambda                 -3.00778e-01
------------------------------------------------------------
 Elapsed time:         user   2.018e+00    wall   2.018e+00
============================================================


============================================================
                Applying Helmholtz Operators
------------------------------------------------------------
 Orb    OrbNorm       NormDiff       nNodes         Timing   
------------------------------------------------------------
  0   1.00057e+00   5.73076e-04       552       1.59642e+00
  1   9.94913e-01   5.08651e-03       520       1.68664e+00
  2   9.87559e-01   1.24411e-02       456       1.42565e+00
  3   9.85129e-01   1.48712e-02       520       1.66297e+00
  4   9.83417e-01   1.65828e-02       392       1.28219e+00
------------------------------------------------------------
 Elapsed time:         user   7.654e+00    wall   7.654e+00
============================================================


============================================================
               Iterative subspace accelerator
------------------------------------------------------------
 Push back orbitals                             5.00000e-06
 Copy orbitals                                  2.78510e-02
 Copy orbital updates                           2.23320e-02
------------------------------------------------------------
 Elapsed time:         user   5.027e-02    wall   5.027e-02
============================================================


============================================================
                  Setting up Fock operator
------------------------------------------------------------
 Nuclear potential                    2056      2.33607e-01
 Coulomb density                       616      1.33636e-01
 Coulomb potential                     456      9.90841e-01
 XC density                            616      1.33178e-01
 XC preprocess xcfun                   616      1.00000e-06
 XC evaluate xcfun                    1232      1.82866e-01
 XC energy                             616      7.10000e-05
 XC potential                          616      1.00000e-06
------------------------------------------------------------
 Elapsed time:         user   1.677e+00    wall   1.677e+00
============================================================


============================================================
                          Orbitals
------------------------------------------------------------
 Orb    F(i,i)        Error         nNodes  Spin  Occ  Done 
------------------------------------------------------------
  0  -1.85859e+01   9.58116e-04        552    u    2    1
  1  -9.05704e-01   1.16346e-02        520    u    2    0
  2  -4.66296e-01   1.91229e-02        424    u    2    0
  3  -3.34459e-01   1.90834e-02        520    u    2    0
  4  -2.56171e-01   2.03300e-02        360    u    2    0
------------------------------------------------------------
 Total error:                            3.57694e-02    0
============================================================


============================================================
                    Energy                 Update      Done 
------------------------------------------------------------
 Kinetic      7.518500731627807e+01     -6.60656e-01    0
 N-E         -1.974834149517623e+02      1.24303e+00    0
 Coulomb      4.602529558813484e+01     -7.36817e-01    0
 Exchange     0.000000000000000e+00      0.00000e+00    1
 X-C         -8.673795118287378e+00      1.02575e-01    0
------------------------------------------------------------
 Total       -8.494690716563680e+01     -5.18656e-02    0
============================================================


################ Elapsed time:  1.35403e+01 ################




####################### SCF cycle  3 #######################


============================================================
 Current precision                              4.21875e-05
------------------------------------------------------------
 Orbital threshold                              1.00000e-03
 Property threshold                             1.00000e-06
============================================================


============================================================
               Calculating Electronic Energy
------------------------------------------------------------
 Electronic energy                   -8.494987838554820e+01
------------------------------------------------------------
 Elapsed time:         user   3.541e-01    wall   3.541e-01
============================================================


============================================================
              Initializing Helmholtz Operators
------------------------------------------------------------
 Creating operator with lambda                 -1.85859e+01
 Creating operator with lambda                 -9.05704e-01
 Creating operator with lambda                 -4.66296e-01
 Creating operator with lambda                 -3.34459e-01
 Creating operator with lambda                 -2.56171e-01
------------------------------------------------------------
 Elapsed time:         user   1.350e+00    wall   1.350e+00
============================================================


============================================================
                Applying Helmholtz Operators
------------------------------------------------------------
 Orb    OrbNorm       NormDiff       nNodes         Timing   
------------------------------------------------------------
  0   1.00057e+00   5.72569e-04       552       1.69242e+00
  1   1.00295e+00   2.95118e-03       520       1.77717e+00
  2   1.00188e+00   1.87570e-03       456       1.50209e+00
  3   1.00464e+00   4.63646e-03       520       1.73089e+00
  4   1.00726e+00   7.25622e-03       392       1.36453e+00
------------------------------------------------------------
 Elapsed time:         user   8.067e+00    wall   8.067e+00
============================================================


============================================================
               Iterative subspace accelerator
------------------------------------------------------------
 Push back orbitals                             1.49040e-02
 Setup linear system                            7.13210e-02
 Solve linear system                            1.10000e-05
 Expand solution                                8.38470e-02
------------------------------------------------------------
 Elapsed time:         user   1.702e-01    wall   1.702e-01
============================================================


============================================================
                  Setting up Fock operator
------------------------------------------------------------
 Nuclear potential                    2056      2.34045e-01
 Coulomb density                       616      1.36236e-01
 Coulomb potential                     456      1.03000e+00
 XC density                            616      1.36456e-01
 XC preprocess xcfun                   616      1.00000e-06
 XC evaluate xcfun                    1232      1.83032e-01
 XC energy                             616      7.30000e-05
 XC potential                          616      0.00000e+00
------------------------------------------------------------
 Elapsed time:         user   1.722e+00    wall   1.722e+00
============================================================


============================================================
                          Orbitals
------------------------------------------------------------
 Orb    F(i,i)        Error         nNodes  Spin  Occ  Done 
------------------------------------------------------------
  0  -1.86244e+01   9.87860e-04        552    u    2    1
  1  -9.22878e-01   4.47195e-03        520    u    2    0
  2  -4.80549e-01   4.81811e-03        456    u    2    0
  3  -3.50532e-01   9.02416e-03        520    u    2    0
  4  -2.73286e-01   1.23922e-02        392    u    2    0
------------------------------------------------------------
 Total error:                            1.67090e-02    0
============================================================


============================================================
                    Energy                 Update      Done 
------------------------------------------------------------
 Kinetic      7.570910403037394e+01      5.24097e-01    0
 N-E         -1.985376282007758e+02     -1.05421e+00    0
 Coulomb      4.662745131514279e+01      6.02156e-01    0
 Exchange     0.000000000000000e+00      0.00000e+00    1
 X-C         -8.748805530289152e+00     -7.50104e-02    0
------------------------------------------------------------
 Total       -8.494987838554820e+01     -2.97122e-03    0
============================================================


################ Elapsed time:  1.33879e+01 ################




####################### SCF cycle  4 #######################


============================================================
 Current precision                              3.16406e-05
------------------------------------------------------------
 Orbital threshold                              1.00000e-03
 Property threshold                             1.00000e-06
============================================================


============================================================
               Calculating Electronic Energy
------------------------------------------------------------
 Electronic energy                   -8.495251055655612e+01
------------------------------------------------------------
 Elapsed time:         user   3.668e-01    wall   3.668e-01
============================================================


============================================================
              Initializing Helmholtz Operators
------------------------------------------------------------
 Creating operator with lambda                 -1.86244e+01
 Creating operator with lambda                 -9.22878e-01
 Creating operator with lambda                 -4.80549e-01
 Creating operator with lambda                 -3.50532e-01
 Creating operator with lambda                 -2.73286e-01
------------------------------------------------------------
 Elapsed time:         user   1.346e+00    wall   1.346e+00
============================================================


============================================================
                Applying Helmholtz Operators
------------------------------------------------------------
 Orb    OrbNorm       NormDiff       nNodes         Timing   
------------------------------------------------------------
  0   1.00020e+00   2.02609e-04       552       1.74914e+00
  1   1.00006e+00   6.26707e-05       520       1.82503e+00
  2   9.97829e-01   2.17113e-03       488       1.61919e+00
  3   9.97987e-01   2.01312e-03       520       1.79118e+00
  4   9.98362e-01   1.63804e-03       424       1.46922e+00
------------------------------------------------------------
 Elapsed time:         user   8.454e+00    wall   8.454e+00
============================================================


============================================================
               Iterative subspace accelerator
------------------------------------------------------------
 Push back orbitals                             1.47400e-02
 Setup linear system                            2.19082e-01
 Solve linear system                            9.00000e-06
 Expand solution                                1.22045e-01
------------------------------------------------------------
 Elapsed time:         user   3.560e-01    wall   3.560e-01
============================================================


============================================================
                  Setting up Fock operator
------------------------------------------------------------
 Nuclear potential                    2120      2.39447e-01
 Coulomb density                       616      1.39314e-01
 Coulomb potential                     488      1.08478e+00
 XC density                            616      1.39470e-01
 XC preprocess xcfun                   616      1.00000e-06
 XC evaluate xcfun                    1232      1.82747e-01
 XC energy                             616      6.70000e-05
 XC potential                          616      0.00000e+00
------------------------------------------------------------
 Elapsed time:         user   1.789e+00    wall   1.789e+00
============================================================


============================================================
                          Orbitals
------------------------------------------------------------
 Orb    F(i,i)        Error         nNodes  Spin  Occ  Done 
------------------------------------------------------------
  0  -1.86150e+01   4.81581e-04        552    u    2    1
  1  -9.20966e-01   1.12844e-03        520    u    2    0
  2  -4.79072e-01   3.18440e-03        488    u    2    0
  3  -3.48517e-01   3.17988e-03        520    u    2    0
  4  -2.71234e-01   3.22491e-03        424    u    2    0
------------------------------------------------------------
 Total error:                            5.67075e-03    0
============================================================


============================================================
                    Energy                 Update      Done 
------------------------------------------------------------
 Kinetic      7.547600178824729e+01     -2.33102e-01    0
 N-E         -1.981234927142500e+02      4.14135e-01    0
 Coulomb      4.641458851181285e+01     -2.12863e-01    0
 Exchange     0.000000000000000e+00      0.00000e+00    1
 X-C         -8.719608142366251e+00      2.91974e-02    0
------------------------------------------------------------
 Total       -8.495251055655612e+01     -2.63217e-03    0
============================================================


################ Elapsed time:  1.41615e+01 ################




####################### SCF cycle  5 #######################


============================================================
 Current precision                              2.37305e-05
------------------------------------------------------------
 Orbital threshold                              1.00000e-03
 Property threshold                             1.00000e-06
============================================================


============================================================
               Calculating Electronic Energy
------------------------------------------------------------
 Electronic energy                   -8.495278548887669e+01
------------------------------------------------------------
 Elapsed time:         user   3.718e-01    wall   3.718e-01
============================================================


============================================================
              Initializing Helmholtz Operators
------------------------------------------------------------
 Creating operator with lambda                 -1.86150e+01
 Creating operator with lambda                 -9.20966e-01
 Creating operator with lambda                 -4.79072e-01
 Creating operator with lambda                 -3.48517e-01
 Creating operator with lambda                 -2.71234e-01
------------------------------------------------------------
 Elapsed time:         user   1.243e+00    wall   1.243e+00
============================================================


============================================================
                Applying Helmholtz Operators
------------------------------------------------------------
 Orb    OrbNorm       NormDiff       nNodes         Timing   
------------------------------------------------------------
  0   1.00002e+00   2.17709e-05       552       1.79250e+00
  1   1.00025e+00   2.50491e-04       520       1.89622e+00
  2   9.99423e-01   5.76873e-04       520       1.76748e+00
  3   9.99579e-01   4.21072e-04       520       1.83464e+00
  4   9.99985e-01   1.49422e-05       424       1.53286e+00
------------------------------------------------------------
 Elapsed time:         user   8.824e+00    wall   8.824e+00
============================================================


============================================================
               Iterative subspace accelerator
------------------------------------------------------------
 Push back orbitals                             1.63720e-02
 Setup linear system                            2.21168e-01
 Solve linear system                            9.00000e-06
 Expand solution                                1.03037e-01
------------------------------------------------------------
 Elapsed time:         user   3.407e-01    wall   3.407e-01
============================================================


============================================================
                  Setting up Fock operator
------------------------------------------------------------
 Nuclear potential                    2184      2.49995e-01
 Coulomb density                       648      1.35910e-01
 Coulomb potential                     488      1.12520e+00
 XC density                            648      1.36859e-01
 XC preprocess xcfun                   648      1.00000e-06
 XC evaluate xcfun                    1296      1.92828e-01
 XC energy                             648      7.30000e-05
 XC potential                          648      1.00000e-06
------------------------------------------------------------
 Elapsed time:         user   1.844e+00    wall   1.844e+00
============================================================


============================================================
                          Orbitals
------------------------------------------------------------
 Orb    F(i,i)        Error         nNodes  Spin  Occ  Done 
------------------------------------------------------------
  0  -1.86133e+01   1.25541e-04        552    u    2    1
  1  -9.21009e-01   8.38519e-04        520    u    2    1
  2  -4.79167e-01   1.12274e-03        520    u    2    0
  3  -3.48396e-01   1.37353e-03        520    u    2    0
  4  -2.71170e-01   9.62797e-04        424    u    2    1
------------------------------------------------------------
 Total error:                            2.18929e-03    0
============================================================


============================================================
                    Energy                 Update      Done 
------------------------------------------------------------
 Kinetic      7.548137401528243e+01      5.37223e-03    0
 N-E         -1.981611368555481e+02     -3.76441e-02    0
 Coulomb      4.644942793524728e+01      3.48394e-02    0
 Exchange     0.000000000000000e+00      0.00000e+00    1
 X-C         -8.722450583858326e+00     -2.84244e-03    0
------------------------------------------------------------
 Total       -8.495278548887669e+01     -2.74932e-04    0
============================================================


################ Elapsed time:  1.44062e+01 ################




####################### SCF cycle  6 #######################


============================================================
 Current precision                              1.77979e-05
------------------------------------------------------------
 Orbital threshold                              1.00000e-03
 Property threshold                             1.00000e-06
============================================================


============================================================
               Calculating Electronic Energy
------------------------------------------------------------
 Electronic energy                   -8.495282111099216e+01
------------------------------------------------------------
 Elapsed time:         user   3.755e-01    wall   3.755e-01
============================================================


============================================================
              Initializing Helmholtz Operators
------------------------------------------------------------
 Re-using operator with lambda                 -1.86150e+01
 Re-using operator with lambda                 -9.20966e-01
 Re-using operator with lambda                 -4.79072e-01
 Creating operator with lambda                 -3.48396e-01
 Creating operator with lambda                 -2.71170e-01
------------------------------------------------------------
 Elapsed time:         user   4.849e-01    wall   4.849e-01
============================================================


============================================================
                Applying Helmholtz Operators
------------------------------------------------------------
 Orb    OrbNorm       NormDiff       nNodes         Timing   
------------------------------------------------------------
  0   9.99986e-01   1.36739e-05       616       1.96878e+00
  1   1.00009e+00   8.89926e-05       552       1.98125e+00
  2   9.99767e-01   2.32695e-04       520       1.79729e+00
  3   9.99831e-01   1.68701e-04       520       1.89281e+00
  4   1.00009e+00   8.84636e-05       424       1.58313e+00
------------------------------------------------------------
 Elapsed time:         user   9.223e+00    wall   9.223e+00
============================================================


============================================================
               Iterative subspace accelerator
------------------------------------------------------------
 Push back orbitals                             1.79380e-02
 Setup linear system                            2.23950e-01
 Solve linear system                            9.00000e-06
 Expand solution                                1.19725e-01
------------------------------------------------------------
 Elapsed time:         user   3.617e-01    wall   3.617e-01
============================================================


============================================================
                  Setting up Fock operator
------------------------------------------------------------
 Nuclear potential                    2184      2.51103e-01
 Coulomb density                       744      1.43810e-01
 Coulomb potential                     488      1.17022e+00
 XC density                            744      1.49414e-01
 XC preprocess xcfun                   744      1.00000e-06
 XC evaluate xcfun                    1488      2.20637e-01
 XC energy                             744      7.70000e-05
 XC potential                          744      1.00000e-06
------------------------------------------------------------
 Elapsed time:         user   1.938e+00    wall   1.938e+00
============================================================


============================================================
                          Orbitals
------------------------------------------------------------
 Orb    F(i,i)        Error         nNodes  Spin  Occ  Done 
------------------------------------------------------------
  0  -1.86116e+01   6.65436e-05        616    u    2    1
  1  -9.20554e-01   4.73822e-04        552    u    2    1
  2  -4.78821e-01   7.10255e-04        552    u    2    1
  3  -3.47871e-01   9.26653e-04        520    u    2    1
  4  -2.70665e-01   1.52089e-04        424    u    2    1
------------------------------------------------------------
 Total error:                            1.27091e-03    1
============================================================


============================================================
                    Energy                 Update      Done 
------------------------------------------------------------
 Kinetic      7.547831358283928e+01     -3.06043e-03    0
 N-E         -1.981617259963294e+02     -5.89141e-04    0
 Coulomb      4.645298797378874e+01      3.56004e-03    0
 Exchange     0.000000000000000e+00      0.00000e+00    1
 X-C         -8.722396671290744e+00      5.39126e-05    0
------------------------------------------------------------
 Total       -8.495282111099216e+01     -3.56221e-05    1
============================================================


################ Elapsed time:  1.42108e+01 ################


============================================================
                      Convergence rate
------------------------------------------------------------
Iter   Orb Error       Property                     Update  
------------------------------------------------------------
  1    1.43539e-01    -8.489504161070660e+01    -8.48950e+01
  2    3.57694e-02    -8.494690716563680e+01    -5.18656e-02
  3    1.67090e-02    -8.494987838554820e+01    -2.97122e-03
  4    5.67075e-03    -8.495251055655612e+01    -2.63217e-03
  5    2.18929e-03    -8.495278548887669e+01    -2.74932e-04
  6    1.27091e-03    -8.495282111099216e+01    -3.56221e-05
------------------------------------------------------------
                      SCF converged!!!                      
============================================================




####################### SCF cycle  1 #######################


============================================================
 Current precision                              1.00000e-05
------------------------------------------------------------
 Orbital threshold                              1.00000e-03
 Property threshold                             1.00000e-06
============================================================


============================================================
                  Setting up Fock operator
------------------------------------------------------------
 Nuclear potential                    2344      2.87233e-01
 Coulomb density                       744      1.53413e-01
 Coulomb potential                     552      1.30886e+00
 XC density                            744      1.44427e-01
 XC preprocess xcfun                   744      1.00000e-06
 XC evaluate xcfun                    1488      2.19883e-01
 XC energy                             744      7.00000e-05
 XC potential                          744      0.00000e+00
------------------------------------------------------------
 Elapsed time:         user   2.117e+00    wall   2.117e+00
============================================================


============================================================
               Calculating Electronic Energy
------------------------------------------------------------
 Electronic energy                   -8.495284816099830e+01
------------------------------------------------------------
 Elapsed time:         user   3.836e-01    wall   3.836e-01
============================================================


============================================================
              Initializing Helmholtz Operators
------------------------------------------------------------
 Re-using operator with lambda                 -1.86150e+01
 Creating operator with lambda                 -9.20554e-01
 Creating operator with lambda                 -4.78821e-01
 Creating operator with lambda                 -3.47871e-01
 Creating operator with lambda                 -2.70665e-01
------------------------------------------------------------
 Elapsed time:         user   1.071e+00    wall   1.071e+00
============================================================


============================================================
                Applying Helmholtz Operators
------------------------------------------------------------
 Orb    OrbNorm       NormDiff       nNodes         Timing   
------------------------------------------------------------
  0   9.99991e-01   8.90358e-06       616       2.13370e+00
  1   1.00006e+00   6.30401e-05       648       2.31975e+00
  2   1.00004e+00   4.07924e-05       552       1.98325e+00
  3   1.00010e+00   9.98865e-05       552       2.06037e+00
  4   1.00027e+00   2.69075e-04       456       1.76219e+00
------------------------------------------------------------
 Elapsed time:         user   1.026e+01    wall   1.026e+01
============================================================


============================================================
                Computing Fock matrix update
------------------------------------------------------------
 Nuclear potential matrix                       1.99027e-01
 Fock matrix n                                  3.80545e-01
                                                            
 Coulomb density                       744      1.56648e-01
 Coulomb potential                     552      1.31660e+00
 XC density                            744      1.56808e-01
 XC preprocess xcfun                   744      1.00000e-06
 XC evaluate xcfun                    1488      2.20456e-01
 XC energy                             744      6.90000e-05
 XC potential                          744      0.00000e+00
                                                            
 Fock matrix n+1                                7.64700e-01
------------------------------------------------------------
 Elapsed time:         user   3.517e+00    wall   3.517e+00
============================================================


============================================================
                          Orbitals
------------------------------------------------------------
 Orb    F(i,i)        Error         nNodes  Spin  Occ  Done 
------------------------------------------------------------
  0  -1.86126e+01   1.35873e-05        616    u    2    1
  1  -9.20982e-01   1.63314e-04        648    u    2    1
  2  -4.79167e-01   1.16613e-04        552    u    2    1
  3  -3.48234e-01   2.53792e-04        552    u    2    1
  4  -2.71076e-01   3.98745e-04        456    u    2    1
------------------------------------------------------------
 Total error:                            5.13675e-04    1
============================================================


============================================================
                    Energy                 Update      Done 
------------------------------------------------------------
 Kinetic      7.548287919828321e+01      7.54829e+01    0
 N-E         -1.981728685052227e+02     -1.98173e+02    0
 Coulomb      4.646024573589007e+01      4.64602e+01    0
 Exchange     0.000000000000000e+00      0.00000e+00    1
 X-C         -8.723104589948845e+00     -8.72310e+00    0
------------------------------------------------------------
 Total       -8.495284816099830e+01     -8.49528e+01    0
============================================================


################ Elapsed time:  1.75390e+01 ################




####################### SCF cycle  2 #######################


============================================================
 Current precision                              1.00000e-05
------------------------------------------------------------
 Orbital threshold                              1.00000e-03
 Property threshold                             1.00000e-06
============================================================


============================================================
                  Setting up Fock operator
------------------------------------------------------------
 Nuclear potential                    2344      2.72305e-01
 Coulomb density                       744      1.48774e-01
 Coulomb potential                     552      1.30527e+00
 XC density                            744      1.50640e-01
 XC preprocess xcfun                   744      1.00000e-06
 XC evaluate xcfun                    1488      2.20593e-01
 XC energy                             744      6.90000e-05
 XC potential                          744      0.00000e+00
------------------------------------------------------------
 Elapsed time:         user   2.100e+00    wall   2.100e+00
============================================================


============================================================
               Calculating Electronic Energy
------------------------------------------------------------
 Electronic energy                   -8.495279754656686e+01
------------------------------------------------------------
 Elapsed time:         user   4.173e-01    wall   4.173e-01
============================================================


============================================================
              Initializing Helmholtz Operators
------------------------------------------------------------
 Re-using operator with lambda                 -1.86150e+01
 Creating operator with lambda                 -9.20982e-01
 Creating operator with lambda                 -4.79167e-01
 Creating operator with lambda                 -3.48234e-01
 Creating operator with lambda                 -2.71076e-01
------------------------------------------------------------
 Elapsed time:         user   1.006e+00    wall   1.006e+00
============================================================


============================================================
                Applying Helmholtz Operators
------------------------------------------------------------
 Orb    OrbNorm       NormDiff       nNodes         Timing   
------------------------------------------------------------
  0   9.99996e-01   3.85671e-06       616       2.09674e+00
  1   9.99988e-01   1.15662e-05       648       2.37601e+00
  2   9.99932e-01   6.80083e-05       552       1.97854e+00
  3   9.99920e-01   8.04074e-05       552       2.07777e+00
  4   9.99996e-01   4.42766e-06       456       1.77845e+00
------------------------------------------------------------
 Elapsed time:         user   1.031e+01    wall   1.031e+01
============================================================


============================================================
                Computing Fock matrix update
------------------------------------------------------------
 Nuclear potential matrix                       1.96054e-01
 Fock matrix n                                  4.12650e-01
                                                            
 Coulomb density                       744      1.51839e-01
 Coulomb potential                     552      1.32766e+00
 XC density                            744      1.55268e-01
 XC preprocess xcfun                   744      1.00000e-06
 XC evaluate xcfun                    1488      2.21059e-01
 XC energy                             744      7.20000e-05
 XC potential                          744      1.00000e-06
                                                            
 Fock matrix n+1                                7.86035e-01
------------------------------------------------------------
 Elapsed time:         user   3.571e+00    wall   3.571e+00
============================================================


============================================================
                          Orbitals
------------------------------------------------------------
 Orb    F(i,i)        Error         nNodes  Spin  Occ  Done 
------------------------------------------------------------
  0  -1.86121e+01   6.53978e-06        616    u    2    1
  1  -9.20719e-01   7.59143e-05        648    u    2    1
  2  -4.78948e-01   1.33698e-04        552    u    2    1
  3  -3.47979e-01   1.97198e-04        552    u    2    1
  4  -2.70816e-01   1.38238e-04        456    u    2    1
------------------------------------------------------------
 Total error:                            2.85794e-04    1
============================================================


============================================================
                    Energy                 Update      Done 
------------------------------------------------------------
 Kinetic      7.547894442811860e+01     -3.93477e-03    0
 N-E         -1.981641851914493e+02      8.68331e-03    0
 Coulomb      4.645486423191869e+01     -5.38150e-03    0
 Exchange     0.000000000000000e+00      0.00000e+00    1
 X-C         -8.722421015154795e+00      6.83575e-04    0
------------------------------------------------------------
 Total       -8.495279754656686e+01      5.06144e-05    1
============================================================


################ Elapsed time:  1.75872e+01 ################


============================================================
                      Convergence rate
------------------------------------------------------------
Iter   Orb Error       Property                     Update  
------------------------------------------------------------
  1    5.13675e-04    -8.495284816099830e+01    -8.49528e+01
  2    2.85794e-04    -8.495279754656686e+01     5.06144e-05
------------------------------------------------------------
                      SCF converged!!!                      
============================================================


============================================================
                  Setting up Fock operator
------------------------------------------------------------
 Nuclear potential                    2344      2.66774e-01
 Coulomb density                       744      1.49082e-01
 Coulomb potential                     552      1.30982e+00
 XC density                            744      1.49878e-01
 XC preprocess xcfun                   744      1.00000e-06
 XC evaluate xcfun                    1488      2.20695e-01
 XC energy                             744      7.10000e-05
 XC potential                          744      0.00000e+00
------------------------------------------------------------
 Elapsed time:         user   2.099e+00    wall   2.099e+00
============================================================


============================================================
                 Calculating Nuclear Energy
------------------------------------------------------------
 Nuclear energy                       9.039235444235468e+00
------------------------------------------------------------
 Elapsed time:         user   1.000e-06    wall   1.000e-06
============================================================


============================================================
               Calculating Electronic Energy
------------------------------------------------------------
 Electronic energy                   -8.495279564057161e+01
------------------------------------------------------------
 Elapsed time:         user   4.130e-01    wall   4.130e-01
============================================================


============================================================
                        Fock matrix
------------------------------------------------------------
-1.86121e+01 0.00000e+00 0.00000e+00 0.00000e+00 0.00000e+00
0.00000e+00 -9.20719e-01 0.00000e+00 0.00000e+00 0.00000e+00
0.00000e+00 0.00000e+00 -4.78948e-01 0.00000e+00 0.00000e+00
0.00000e+00 0.00000e+00 0.00000e+00 -3.47979e-01 0.00000e+00
0.00000e+00 0.00000e+00 0.00000e+00 0.00000e+00 -2.70816e-01
============================================================


============================================================
                      Orbital energies
------------------------------------------------------------
    n  spin  occ                            epsilon  
------------------------------------------------------------
    0    u    2                      -1.861206922729818e+01
    1    u    2                      -9.207192438840139e-01
    2    u    2                      -4.789482289166496e-01
    3    u    2                      -3.479788948650959e-01
    4    u    2                      -2.708162139504071e-01
============================================================


============================================================
                          Molecule
------------------------------------------------------------
 Nr  Element             x             y             z      
------------------------------------------------------------
  1     O           0.00000e+00   0.00000e+00  -1.25000e-01
  2     H          -1.43750e+00   0.00000e+00   1.02500e+00
  3     H           1.43750e+00   0.00000e+00   1.02500e+00
------------------------------------------------------------
 Center of mass:    0.00000e+00   0.00000e+00   3.68310e-03
============================================================


                                                            
============================================================
                         SCF Energy                         
------------------------------------------------------------
 Sum orbital energy:                 -4.126106361782870e+01
 Kinetic energy:                      7.548138227092517e+01
 E-N energy:                         -1.981694574392641e+02
 Coulomb energy:                      4.645809816808730e+01
 Exchange energy:                     0.000000000000000e+00
 X-C energy:                         -8.722818640319941e+00
------------------------------------------------------------
 Electronic energy                   -8.495279564057161e+01
 Nuclear energy                       9.039235444235468e+00
------------------------------------------------------------
 Total energy       (au)             -7.591356019633614e+01
                    (kJ/mol)         -1.993110234483276e+05
                    (kcal/mol)       -4.763647784870242e+04
                    (eV)             -2.065713117018856e+03
============================================================
                                                            

                                                            
============================================================
                         Dipole moment                      
------------------------------------------------------------
 Length of vector:   (au)                  7.4368635484e-01
                     (Debye)               1.8902619895e+00
------------------------------------------------------------
   7.6313590940e-09    4.5825890805e-09    7.4368635484e-01
============================================================
                                                            



************************************************************
***                                                      ***
***                    Exiting MRChem                    ***
***                                                      ***
***                 Wall:   1.260872e+02                 ***
***                 User:   1.260872e+02                 ***
***                 System: 1.260872e+02                 ***
***                                                      ***
************************************************************


