


************************************************************
***                                                      ***
***    MRChem 1.0.0 (rev. b8151f8)                       ***
***                                                      ***
***    Stig Rune Jensen <stig.r.jensen@uit.no>           ***
***    Jonas Juselius   <jonas.juselius@uit.no>          ***
***    Luca Frediani    <luca.frediani@uit.no>           ***
***                                                      ***
************************************************************


Print level  : 0

+++ Parallel execution: 
  MPI hosts available     : 1
  Threads/host            : 16
  Total used CPUs         : 16

============================================================
                Setting up nuclear potential
------------------------------------------------------------
 Nr  Element         Charge        Precision     Smoothing 
------------------------------------------------------------
  1     H            1.00000e+00   1.00000e-04   7.57698e-03
  2     H            1.00000e+00   1.00000e-04   7.57698e-03
============================================================


============================================================
                Setting up occupied orbitals
------------------------------------------------------------
    n  Spin  Occ                           SquareNorm
------------------------------------------------------------
    0    u    2                       9.999999999853132e-01
------------------------------------------------------------
 Elapsed time:         user   2.590e-02    wall   2.590e-02
============================================================


============================================================
                  Setting up Fock operator
------------------------------------------------------------
 Nuclear potential                    1032      6.62190e-02
 Coulomb density                       264      1.78950e-02
 Coulomb potential                     264      2.72645e-01
 XC density                            264      1.71300e-02
 XC density gradient                   792      1.58750e-02
 XC preprocess xcfun                   528      3.46000e-02
 XC evaluate xcfun                     792      8.89320e-02
 XC energy                             264      6.40000e-05
 XC potential                          264      5.65430e-02
------------------------------------------------------------
 Elapsed time:         user   5.743e-01    wall   5.743e-01
============================================================




####################### SCF cycle  1 #######################


============================================================
 Current precision                              1.00000e-04
------------------------------------------------------------
 Orbital threshold                              1.00000e-03
 Property threshold                             1.00000e-06
============================================================


============================================================
               Calculating Electronic Energy
------------------------------------------------------------
 Electronic energy                   -1.873891797457937e+00
------------------------------------------------------------
 Elapsed time:         user   2.965e-02    wall   2.965e-02
============================================================


============================================================
              Initializing Helmholtz Operators
------------------------------------------------------------
 Creating operator with lambda                 -3.83422e-01
------------------------------------------------------------
 Elapsed time:         user   3.128e-01    wall   3.128e-01
============================================================


============================================================
                Applying Helmholtz Operators
------------------------------------------------------------
 Orb    OrbNorm       NormDiff       nNodes         Timing   
------------------------------------------------------------
  0   9.91162e-01   8.83769e-03       328       5.70789e-01
------------------------------------------------------------
 Elapsed time:         user   5.708e-01    wall   5.708e-01
============================================================


============================================================
               Iterative subspace accelerator
------------------------------------------------------------
 Push back orbitals                             3.00000e-06
 Copy orbitals                                  3.49200e-03
 Copy orbital updates                           4.13100e-03
------------------------------------------------------------
 Elapsed time:         user   7.708e-03    wall   7.708e-03
============================================================


============================================================
                  Setting up Fock operator
------------------------------------------------------------
 Nuclear potential                    1032      6.51870e-02
 Coulomb density                       328      1.63530e-02
 Coulomb potential                     264      2.78308e-01
 XC density                            328      1.69230e-02
 XC density gradient                   984      1.65380e-02
 XC preprocess xcfun                   656      4.19340e-02
 XC evaluate xcfun                     984      1.08680e-01
 XC energy                             328      5.80000e-05
 XC potential                          328      6.47320e-02
------------------------------------------------------------
 Elapsed time:         user   6.131e-01    wall   6.131e-01
============================================================


============================================================
                          Orbitals
------------------------------------------------------------
 Orb    F(i,i)        Error         nNodes  Spin  Occ  Done 
------------------------------------------------------------
  0  -3.84702e-01   2.39050e-02        328    u    2    0
------------------------------------------------------------
 Total error:                            2.39050e-02    0
============================================================


============================================================
                    Energy                 Update      Done 
------------------------------------------------------------
 Kinetic      1.073477856594463e+00      1.07348e+00    0
 N-E         -3.566768538150779e+00     -3.56677e+00    0
 Coulomb      1.301413810997530e+00      1.30141e+00    0
 Exchange     0.000000000000000e+00      0.00000e+00    1
 X-C         -6.820149268991508e-01     -6.82015e-01    0
------------------------------------------------------------
 Total       -1.873891797457937e+00     -1.87389e+00    0
============================================================


################ Elapsed time:  1.62126e+00 ################




####################### SCF cycle  2 #######################


============================================================
 Current precision                              1.00000e-04
------------------------------------------------------------
 Orbital threshold                              1.00000e-03
 Property threshold                             1.00000e-06
============================================================


============================================================
               Calculating Electronic Energy
------------------------------------------------------------
 Electronic energy                   -1.880372102923752e+00
------------------------------------------------------------
 Elapsed time:         user   3.476e-02    wall   3.476e-02
============================================================


============================================================
              Initializing Helmholtz Operators
------------------------------------------------------------
 Creating operator with lambda                 -3.84702e-01
------------------------------------------------------------
 Elapsed time:         user   3.020e-01    wall   3.020e-01
============================================================


============================================================
                Applying Helmholtz Operators
------------------------------------------------------------
 Orb    OrbNorm       NormDiff       nNodes         Timing   
------------------------------------------------------------
  0   9.94581e-01   5.41939e-03       328       5.85990e-01
------------------------------------------------------------
 Elapsed time:         user   5.860e-01    wall   5.860e-01
============================================================


============================================================
               Iterative subspace accelerator
------------------------------------------------------------
 Push back orbitals                             1.21000e-03
 Setup linear system                            7.71500e-03
 Solve linear system                            1.20000e-05
 Expand solution                                7.84900e-03
------------------------------------------------------------
 Elapsed time:         user   1.689e-02    wall   1.689e-02
============================================================


============================================================
                  Setting up Fock operator
------------------------------------------------------------
 Nuclear potential                    1032      6.17070e-02
 Coulomb density                       328      1.53580e-02
 Coulomb potential                     264      2.80503e-01
 XC density                            328      1.65160e-02
 XC density gradient                   984      1.36710e-02
 XC preprocess xcfun                   656      3.62440e-02
 XC evaluate xcfun                     984      1.11886e-01
 XC energy                             328      5.70000e-05
 XC potential                          328      5.99110e-02
------------------------------------------------------------
 Elapsed time:         user   6.003e-01    wall   6.003e-01
============================================================


============================================================
                          Orbitals
------------------------------------------------------------
 Orb    F(i,i)        Error         nNodes  Spin  Occ  Done 
------------------------------------------------------------
  0  -3.81666e-01   7.79059e-03        328    u    2    0
------------------------------------------------------------
 Total error:                            7.79059e-03    0
============================================================


============================================================
                    Energy                 Update      Done 
------------------------------------------------------------
 Kinetic      1.111693480466375e+00      3.82156e-02    0
 N-E         -3.611991929671771e+00     -4.52234e-02    0
 Coulomb      1.305836394192356e+00      4.42258e-03    0
 Exchange     0.000000000000000e+00      0.00000e+00    1
 X-C         -6.859100479107111e-01     -3.89512e-03    0
------------------------------------------------------------
 Total       -1.880372102923752e+00     -6.48031e-03    0
============================================================


################ Elapsed time:  1.62001e+00 ################




####################### SCF cycle  3 #######################


============================================================
 Current precision                              1.00000e-04
------------------------------------------------------------
 Orbital threshold                              1.00000e-03
 Property threshold                             1.00000e-06
============================================================


============================================================
               Calculating Electronic Energy
------------------------------------------------------------
 Electronic energy                   -1.880973329783732e+00
------------------------------------------------------------
 Elapsed time:         user   3.484e-02    wall   3.484e-02
============================================================


============================================================
              Initializing Helmholtz Operators
------------------------------------------------------------
 Creating operator with lambda                 -3.81666e-01
------------------------------------------------------------
 Elapsed time:         user   2.645e-01    wall   2.645e-01
============================================================


============================================================
                Applying Helmholtz Operators
------------------------------------------------------------
 Orb    OrbNorm       NormDiff       nNodes         Timing   
------------------------------------------------------------
  0   9.99483e-01   5.17415e-04       328       5.90834e-01
------------------------------------------------------------
 Elapsed time:         user   5.909e-01    wall   5.909e-01
============================================================


============================================================
               Iterative subspace accelerator
------------------------------------------------------------
 Push back orbitals                             1.48000e-03
 Setup linear system                            2.28890e-02
 Solve linear system                            1.70000e-05
 Expand solution                                1.22240e-02
------------------------------------------------------------
 Elapsed time:         user   3.671e-02    wall   3.671e-02
============================================================


============================================================
                  Setting up Fock operator
------------------------------------------------------------
 Nuclear potential                    1032      6.16020e-02
 Coulomb density                       328      1.49110e-02
 Coulomb potential                     264      2.83943e-01
 XC density                            328      1.67100e-02
 XC density gradient                   984      1.34490e-02
 XC preprocess xcfun                   656      3.57990e-02
 XC evaluate xcfun                     984      1.09148e-01
 XC energy                             328      6.10000e-05
 XC potential                          328      5.37000e-02
------------------------------------------------------------
 Elapsed time:         user   5.933e-01    wall   5.933e-01
============================================================


============================================================
                          Orbitals
------------------------------------------------------------
 Orb    F(i,i)        Error         nNodes  Spin  Occ  Done 
------------------------------------------------------------
  0  -3.81528e-01   1.12074e-03        328    u    2    0
------------------------------------------------------------
 Total error:                            1.12074e-03    0
============================================================


============================================================
                    Energy                 Update      Done 
------------------------------------------------------------
 Kinetic      1.137855700181073e+00      2.61622e-02    0
 N-E         -3.641842163840640e+00     -2.98502e-02    0
 Coulomb      1.313536832750836e+00      7.70044e-03    0
 Exchange     0.000000000000000e+00      0.00000e+00    1
 X-C         -6.905236988750012e-01     -4.61365e-03    0
------------------------------------------------------------
 Total       -1.880973329783732e+00     -6.01227e-04    0
============================================================


################ Elapsed time:  1.60019e+00 ################




####################### SCF cycle  4 #######################


============================================================
 Current precision                              1.00000e-04
------------------------------------------------------------
 Orbital threshold                              1.00000e-03
 Property threshold                             1.00000e-06
============================================================


============================================================
               Calculating Electronic Energy
------------------------------------------------------------
 Electronic energy                   -1.880983483965685e+00
------------------------------------------------------------
 Elapsed time:         user   3.498e-02    wall   3.498e-02
============================================================


============================================================
              Initializing Helmholtz Operators
------------------------------------------------------------
 Creating operator with lambda                 -3.81528e-01
------------------------------------------------------------
 Elapsed time:         user   1.992e-01    wall   1.992e-01
============================================================


============================================================
                Applying Helmholtz Operators
------------------------------------------------------------
 Orb    OrbNorm       NormDiff       nNodes         Timing   
------------------------------------------------------------
  0   9.99986e-01   1.41845e-05       328       5.94117e-01
------------------------------------------------------------
 Elapsed time:         user   5.942e-01    wall   5.942e-01
============================================================


============================================================
               Iterative subspace accelerator
------------------------------------------------------------
 Push back orbitals                             2.15400e-03
 Setup linear system                            2.63630e-02
 Solve linear system                            9.00000e-06
 Expand solution                                1.38840e-02
------------------------------------------------------------
 Elapsed time:         user   4.251e-02    wall   4.251e-02
============================================================


============================================================
                  Setting up Fock operator
------------------------------------------------------------
 Nuclear potential                    1032      6.56320e-02
 Coulomb density                       328      1.63020e-02
 Coulomb potential                     264      2.80524e-01
 XC density                            328      1.70560e-02
 XC density gradient                   984      1.33410e-02
 XC preprocess xcfun                   656      3.51830e-02
 XC evaluate xcfun                     984      1.09012e-01
 XC energy                             328      5.60000e-05
 XC potential                          328      5.45530e-02
------------------------------------------------------------
 Elapsed time:         user   5.957e-01    wall   5.957e-01
============================================================


============================================================
                          Orbitals
------------------------------------------------------------
 Orb    F(i,i)        Error         nNodes  Spin  Occ  Done 
------------------------------------------------------------
  0  -3.81555e-01   1.06466e-04        328    u    2    1
------------------------------------------------------------
 Total error:                            1.06466e-04    1
============================================================


============================================================
                    Energy                 Update      Done 
------------------------------------------------------------
 Kinetic      1.140794986553164e+00      2.93929e-03    0
 N-E         -3.644825556873826e+00     -2.98339e-03    0
 Coulomb      1.313884057205528e+00      3.47224e-04    0
 Exchange     0.000000000000000e+00      0.00000e+00    1
 X-C         -6.908369708505515e-01     -3.13272e-04    0
------------------------------------------------------------
 Total       -1.880983483965685e+00     -1.01542e-05    0
============================================================


################ Elapsed time:  1.54638e+00 ################


============================================================
                      Convergence rate
------------------------------------------------------------
Iter   Orb Error       Property                     Update  
------------------------------------------------------------
  1    2.39050e-02    -1.873891797457937e+00    -1.87389e+00
  2    7.79059e-03    -1.880372102923752e+00    -6.48031e-03
  3    1.12074e-03    -1.880973329783732e+00    -6.01227e-04
  4    1.06466e-04    -1.880983483965685e+00    -1.01542e-05
------------------------------------------------------------
                      SCF converged!!!                      
============================================================




####################### SCF cycle  1 #######################


============================================================
 Current precision                              1.00000e-04
------------------------------------------------------------
 Orbital threshold                              1.00000e-03
 Property threshold                             1.00000e-06
============================================================


============================================================
                  Setting up Fock operator
------------------------------------------------------------
 Nuclear potential                    1032      6.69190e-02
 Coulomb density                       328      1.89620e-02
 Coulomb potential                     264      2.83164e-01
 XC density                            328      1.89940e-02
 XC density gradient                   984      1.55740e-02
 XC preprocess xcfun                   656      3.96000e-02
 XC evaluate xcfun                     984      1.09260e-01
 XC energy                             328      6.00000e-05
 XC potential                          328      6.12740e-02
------------------------------------------------------------
 Elapsed time:         user   6.174e-01    wall   6.174e-01
============================================================


============================================================
               Calculating Electronic Energy
------------------------------------------------------------
 Electronic energy                   -1.880983530081676e+00
------------------------------------------------------------
 Elapsed time:         user   3.502e-02    wall   3.502e-02
============================================================


============================================================
              Initializing Helmholtz Operators
------------------------------------------------------------
 Re-using operator with lambda                 -3.81528e-01
------------------------------------------------------------
 Elapsed time:         user   6.000e-06    wall   6.000e-06
============================================================


============================================================
                Applying Helmholtz Operators
------------------------------------------------------------
 Orb    OrbNorm       NormDiff       nNodes         Timing   
------------------------------------------------------------
  0   9.99990e-01   1.03370e-05       328       5.98762e-01
------------------------------------------------------------
 Elapsed time:         user   5.988e-01    wall   5.988e-01
============================================================


============================================================
                Computing Fock matrix update
------------------------------------------------------------
 Nuclear potential matrix                       1.18550e-02
 Fock matrix n                                  2.37070e-02
                                                            
 Coulomb density                       328      1.63080e-02
 Coulomb potential                     264      2.83576e-01
 XC density                            328      1.59680e-02
 XC density gradient                   984      1.30390e-02
 XC preprocess xcfun                   656      3.59010e-02
 XC evaluate xcfun                     984      1.09296e-01
 XC energy                             328      5.70000e-05
 XC potential                          328      6.14550e-02
                                                            
 Fock matrix n+1                                4.78960e-02
------------------------------------------------------------
 Elapsed time:         user   6.347e-01    wall   6.347e-01
============================================================


============================================================
                          Orbitals
------------------------------------------------------------
 Orb    F(i,i)        Error         nNodes  Spin  Occ  Done 
------------------------------------------------------------
  0  -3.81550e-01   1.99789e-05        328    u    2    1
------------------------------------------------------------
 Total error:                            1.99789e-05    1
============================================================


============================================================
                    Energy                 Update      Done 
------------------------------------------------------------
 Kinetic      1.140868696675998e+00      1.14087e+00    0
 N-E         -3.644858726080967e+00     -3.64486e+00    0
 Coulomb      1.313825951192904e+00      1.31383e+00    0
 Exchange     0.000000000000000e+00      0.00000e+00    1
 X-C         -6.908194518696118e-01     -6.90819e-01    0
------------------------------------------------------------
 Total       -1.880983530081676e+00     -1.88098e+00    0
============================================================


################ Elapsed time:  1.89863e+00 ################




####################### SCF cycle  2 #######################


============================================================
 Current precision                              1.00000e-04
------------------------------------------------------------
 Orbital threshold                              1.00000e-03
 Property threshold                             1.00000e-06
============================================================


============================================================
                  Setting up Fock operator
------------------------------------------------------------
 Nuclear potential                    1032      6.26110e-02
 Coulomb density                       328      1.63980e-02
 Coulomb potential                     264      2.82893e-01
 XC density                            328      1.58740e-02
 XC density gradient                   984      1.27410e-02
 XC preprocess xcfun                   656      3.55920e-02
 XC evaluate xcfun                     984      1.08457e-01
 XC energy                             328      5.60000e-05
 XC potential                          328      5.22760e-02
------------------------------------------------------------
 Elapsed time:         user   5.904e-01    wall   5.904e-01
============================================================


============================================================
               Calculating Electronic Energy
------------------------------------------------------------
 Electronic energy                   -1.880977315171612e+00
------------------------------------------------------------
 Elapsed time:         user   3.499e-02    wall   3.499e-02
============================================================


============================================================
              Initializing Helmholtz Operators
------------------------------------------------------------
 Re-using operator with lambda                 -3.81528e-01
------------------------------------------------------------
 Elapsed time:         user   6.000e-06    wall   6.000e-06
============================================================


============================================================
                Applying Helmholtz Operators
------------------------------------------------------------
 Orb    OrbNorm       NormDiff       nNodes         Timing   
------------------------------------------------------------
  0   9.99999e-01   8.35668e-07       328       6.64167e-01
------------------------------------------------------------
 Elapsed time:         user   6.642e-01    wall   6.642e-01
============================================================


============================================================
                Computing Fock matrix update
------------------------------------------------------------
 Nuclear potential matrix                       1.16530e-02
 Fock matrix n                                  2.33320e-02
                                                            
 Coulomb density                       328      1.59800e-02
 Coulomb potential                     264      2.82640e-01
 XC density                            328      1.61550e-02
 XC density gradient                   984      1.30600e-02
 XC preprocess xcfun                   656      3.47340e-02
 XC evaluate xcfun                     984      1.08688e-01
 XC energy                             328      5.60000e-05
 XC potential                          328      5.24410e-02
                                                            
 Fock matrix n+1                                4.82290e-02
------------------------------------------------------------
 Elapsed time:         user   6.210e-01    wall   6.210e-01
============================================================


============================================================
                          Orbitals
------------------------------------------------------------
 Orb    F(i,i)        Error         nNodes  Spin  Occ  Done 
------------------------------------------------------------
  0  -3.81551e-01   4.77192e-06        328    u    2    1
------------------------------------------------------------
 Total error:                            4.77192e-06    1
============================================================


============================================================
                    Energy                 Update      Done 
------------------------------------------------------------
 Kinetic      1.140901798019414e+00      3.31013e-05    0
 N-E         -3.644886247243051e+00     -2.75212e-05    0
 Coulomb      1.313830337253059e+00      4.38606e-06    0
 Exchange     0.000000000000000e+00      0.00000e+00    1
 X-C         -6.908232032010334e-01     -3.75133e-06    0
------------------------------------------------------------
 Total       -1.880977315171612e+00      6.21491e-06    0
============================================================


################ Elapsed time:  1.92294e+00 ################




####################### SCF cycle  3 #######################


============================================================
 Current precision                              1.00000e-04
------------------------------------------------------------
 Orbital threshold                              1.00000e-03
 Property threshold                             1.00000e-06
============================================================


============================================================
                  Setting up Fock operator
------------------------------------------------------------
 Nuclear potential                    1032      6.26210e-02
 Coulomb density                       328      1.62680e-02
 Coulomb potential                     264      2.81174e-01
 XC density                            328      1.58480e-02
 XC density gradient                   984      1.27430e-02
 XC preprocess xcfun                   656      3.44770e-02
 XC evaluate xcfun                     984      1.08440e-01
 XC energy                             328      5.90000e-05
 XC potential                          328      5.19270e-02
------------------------------------------------------------
 Elapsed time:         user   5.871e-01    wall   5.871e-01
============================================================


============================================================
               Calculating Electronic Energy
------------------------------------------------------------
 Electronic energy                   -1.880977306036556e+00
------------------------------------------------------------
 Elapsed time:         user   3.522e-02    wall   3.522e-02
============================================================


============================================================
              Initializing Helmholtz Operators
------------------------------------------------------------
 Re-using operator with lambda                 -3.81528e-01
------------------------------------------------------------
 Elapsed time:         user   5.000e-06    wall   5.000e-06
============================================================


============================================================
                Applying Helmholtz Operators
------------------------------------------------------------
 Orb    OrbNorm       NormDiff       nNodes         Timing   
------------------------------------------------------------
  0   9.99999e-01   5.41355e-07       328       6.04121e-01
------------------------------------------------------------
 Elapsed time:         user   6.042e-01    wall   6.042e-01
============================================================


============================================================
                Computing Fock matrix update
------------------------------------------------------------
 Nuclear potential matrix                       1.17080e-02
 Fock matrix n                                  2.35810e-02
                                                            
 Coulomb density                       328      1.57090e-02
 Coulomb potential                     264      2.82702e-01
 XC density                            328      1.61430e-02
 XC density gradient                   984      1.32120e-02
 XC preprocess xcfun                   656      3.43800e-02
 XC evaluate xcfun                     984      1.08837e-01
 XC energy                             328      6.00000e-05
 XC potential                          328      5.24250e-02
                                                            
 Fock matrix n+1                                4.83750e-02
------------------------------------------------------------
 Elapsed time:         user   6.216e-01    wall   6.216e-01
============================================================


============================================================
                          Orbitals
------------------------------------------------------------
 Orb    F(i,i)        Error         nNodes  Spin  Occ  Done 
------------------------------------------------------------
  0  -3.81551e-01   1.51284e-06        328    u    2    1
------------------------------------------------------------
 Total error:                            1.51284e-06    1
============================================================


============================================================
                    Energy                 Update      Done 
------------------------------------------------------------
 Kinetic      1.140904929865602e+00      3.13185e-06    0
 N-E         -3.644887929256420e+00     -1.68201e-06    1
 Coulomb      1.313828434268514e+00     -1.90298e-06    0
 Exchange     0.000000000000000e+00      0.00000e+00    1
 X-C         -6.908227409142516e-01      4.62287e-07    1
------------------------------------------------------------
 Total       -1.880977306036556e+00      9.13506e-09    1
============================================================


################ Elapsed time:  1.86006e+00 ################


============================================================
                      Convergence rate
------------------------------------------------------------
Iter   Orb Error       Property                     Update  
------------------------------------------------------------
  1    1.99789e-05    -1.880983530081676e+00    -1.88098e+00
  2    4.77192e-06    -1.880977315171612e+00     6.21491e-06
  3    1.51284e-06    -1.880977306036556e+00     9.13506e-09
------------------------------------------------------------
                      SCF converged!!!                      
============================================================


============================================================
                  Setting up Fock operator
------------------------------------------------------------
 Nuclear potential                    1032      6.23580e-02
 Coulomb density                       328      1.41110e-02
 Coulomb potential                     264      2.82631e-01
 XC density                            328      1.40540e-02
 XC density gradient                   984      1.23950e-02
 XC preprocess xcfun                   656      3.51400e-02
 XC evaluate xcfun                     984      1.08130e-01
 XC energy                             328      5.70000e-05
 XC potential                          328      5.22070e-02
------------------------------------------------------------
 Elapsed time:         user   5.850e-01    wall   5.850e-01
============================================================


============================================================
                 Calculating Nuclear Energy
------------------------------------------------------------
 Nuclear energy                       7.142857142857143e-01
------------------------------------------------------------
 Elapsed time:         user   0.000e+00    wall   0.000e+00
============================================================


============================================================
               Calculating Electronic Energy
------------------------------------------------------------
 Electronic energy                   -1.880977308029345e+00
------------------------------------------------------------
 Elapsed time:         user   3.494e-02    wall   3.494e-02
============================================================


============================================================
                        Fock matrix
------------------------------------------------------------
-3.81551e-01
============================================================


============================================================
                      Orbital energies
------------------------------------------------------------
    n  spin  occ                            epsilon  
------------------------------------------------------------
    0    u    2                      -3.815505851611942e-01
============================================================


============================================================
                          Molecule
------------------------------------------------------------
 Nr  Element             x             y             z      
------------------------------------------------------------
  1     H           0.00000e+00   0.00000e+00  -7.00000e-01
  2     H           0.00000e+00   0.00000e+00   7.00000e-01
------------------------------------------------------------
 Center of mass:    0.00000e+00   0.00000e+00   0.00000e+00
============================================================


                                                            
============================================================
                         SCF Energy                         
------------------------------------------------------------
 Sum orbital energy:                 -7.631011703223883e-01
 Kinetic energy:                      1.140906952873864e+00
 E-N energy:                         -3.644889866811772e+00
 Coulomb energy:                      1.313828551835961e+00
 Exchange energy:                     0.000000000000000e+00
 X-C energy:                         -6.908229459273982e-01
------------------------------------------------------------
 Electronic energy                   -1.880977308029345e+00
 Nuclear energy                       7.142857142857143e-01
------------------------------------------------------------
 Total energy       (au)             -1.166691593743631e+00
                    (kJ/mol)         -3.063148336031097e+03
                    (kcal/mol)       -7.321100224768295e+02
                    (eV)             -3.174729419195611e+01
============================================================
                                                            



************************************************************
***                                                      ***
***                    Exiting MRChem                    ***
***                                                      ***
***                 Wall:   1.404989e+01                 ***
***                 User:   1.404989e+01                 ***
***                 System: 1.404989e+01                 ***
***                                                      ***
************************************************************


